[ 2019-12-31T10:47:18+08:00 ] ::1 /bysystem/index.php/Index/index.html
INFO: [ app_init ] --START--
INFO: Run Behavior\BuildLiteBehavior [ RunTime:0.000021s ]
INFO: [ app_init ] --END-- [ RunTime:0.001654s ]
INFO: [ app_begin ] --START--
INFO: Run Behavior\ReadHtmlCacheBehavior [ RunTime:0.005453s ]
INFO: [ app_begin ] --END-- [ RunTime:0.005573s ]

[ 2019-12-31T10:47:18+08:00 ] ::1 /bysystem/index.php/Login/index.html
INFO: [ app_init ] --START--
INFO: Run Behavior\BuildLiteBehavior [ RunTime:0.000026s ]
INFO: [ app_init ] --END-- [ RunTime:0.002022s ]
INFO: [ app_begin ] --START--
INFO: Run Behavior\ReadHtmlCacheBehavior [ RunTime:0.006547s ]
INFO: [ app_begin ] --END-- [ RunTime:0.006691s ]
INFO: [ view_parse ] --START--
INFO: [ template_filter ] --START--
INFO: Run Behavior\ContentReplaceBehavior [ RunTime:0.000813s ]
INFO: [ template_filter ] --END-- [ RunTime:0.000931s ]
INFO: Run Behavior\ParseTemplateBehavior [ RunTime:0.032961s ]
INFO: [ view_parse ] --END-- [ RunTime:0.033082s ]
INFO: [ view_filter ] --START--
INFO: Run Behavior\WriteHtmlCacheBehavior [ RunTime:0.008637s ]
INFO: [ view_filter ] --END-- [ RunTime:0.008756s ]
INFO: [ app_end ] --START--
INFO: Run Behavior\ShowPageTraceBehavior [ RunTime:0.008405s ]
INFO: [ app_end ] --END-- [ RunTime:0.008540s ]

[ 2019-12-31T10:47:55+08:00 ] ::1 /bysystem/index.php/login/login.html
INFO: [ app_init ] --START--
INFO: Run Behavior\BuildLiteBehavior [ RunTime:0.000020s ]
INFO: [ app_init ] --END-- [ RunTime:0.000854s ]
INFO: [ app_begin ] --START--
INFO: Run Behavior\ReadHtmlCacheBehavior [ RunTime:0.002037s ]
INFO: [ app_begin ] --END-- [ RunTime:0.002123s ]
SQL: SHOW COLUMNS FROM `yzx_master` [ RunTime:0.0475s ]
SQL: SELECT * FROM `yzx_master` WHERE `master_username` = 'admin' LIMIT 1   [ RunTime:0.0012s ]
INFO: [ view_parse ] --START--
INFO: [ template_filter ] --START--
INFO: Run Behavior\ContentReplaceBehavior [ RunTime:0.000128s ]
INFO: [ template_filter ] --END-- [ RunTime:0.000283s ]
INFO: Run Behavior\ParseTemplateBehavior [ RunTime:0.040418s ]
INFO: [ view_parse ] --END-- [ RunTime:0.040636s ]
INFO: [ view_filter ] --START--
INFO: Run Behavior\WriteHtmlCacheBehavior [ RunTime:0.001651s ]
INFO: [ view_filter ] --END-- [ RunTime:0.001741s ]

[ 2019-12-31T10:48:08+08:00 ] ::1 /bysystem/index.php/login/login.html
INFO: [ app_init ] --START--
INFO: Run Behavior\BuildLiteBehavior [ RunTime:0.000029s ]
INFO: [ app_init ] --END-- [ RunTime:0.001009s ]
INFO: [ app_begin ] --START--
INFO: Run Behavior\ReadHtmlCacheBehavior [ RunTime:0.001360s ]
INFO: [ app_begin ] --END-- [ RunTime:0.001460s ]
SQL: SHOW COLUMNS FROM `yzx_master` [ RunTime:0.0141s ]
SQL: SELECT * FROM `yzx_master` WHERE `master_username` = 'admin' LIMIT 1   [ RunTime:0.0005s ]
INFO: [ view_parse ] --START--
INFO: [ template_filter ] --START--
INFO: Run Behavior\ContentReplaceBehavior [ RunTime:0.000064s ]
INFO: [ template_filter ] --END-- [ RunTime:0.000151s ]
INFO: Run Behavior\ParseTemplateBehavior [ RunTime:0.012676s ]
INFO: [ view_parse ] --END-- [ RunTime:0.012783s ]
INFO: [ view_filter ] --START--
INFO: Run Behavior\WriteHtmlCacheBehavior [ RunTime:0.001015s ]
INFO: [ view_filter ] --END-- [ RunTime:0.001081s ]

[ 2019-12-31T10:48:27+08:00 ] ::1 /bysystem/index.php/login/login.html
INFO: [ app_init ] --START--
INFO: Run Behavior\BuildLiteBehavior [ RunTime:0.000020s ]
INFO: [ app_init ] --END-- [ RunTime:0.001442s ]
INFO: [ app_begin ] --START--
INFO: Run Behavior\ReadHtmlCacheBehavior [ RunTime:0.002038s ]
INFO: [ app_begin ] --END-- [ RunTime:0.002138s ]
SQL: SHOW COLUMNS FROM `yzx_master` [ RunTime:0.0136s ]
SQL: SELECT * FROM `yzx_master` WHERE `master_username` = 'superadmin' LIMIT 1   [ RunTime:0.0006s ]

[ 2019-12-31T10:48:27+08:00 ] ::1 /bysystem/index.php/Index/index.html
INFO: [ app_init ] --START--
INFO: Run Behavior\BuildLiteBehavior [ RunTime:0.000026s ]
INFO: [ app_init ] --END-- [ RunTime:0.000784s ]
INFO: [ app_begin ] --START--
INFO: Run Behavior\ReadHtmlCacheBehavior [ RunTime:0.001391s ]
INFO: [ app_begin ] --END-- [ RunTime:0.001482s ]
SQL: SHOW COLUMNS FROM `yzx_rule` [ RunTime:0.0520s ]
SQL: SELECT * FROM `yzx_rule` ORDER BY id is null,id  [ RunTime:0.0628s ]
INFO: [ view_parse ] --START--
INFO: [ template_filter ] --START--
INFO: Run Behavior\ContentReplaceBehavior [ RunTime:0.000079s ]
INFO: [ template_filter ] --END-- [ RunTime:0.000167s ]
INFO: Run Behavior\ParseTemplateBehavior [ RunTime:0.061111s ]
INFO: [ view_parse ] --END-- [ RunTime:0.061227s ]
INFO: [ view_filter ] --START--
INFO: Run Behavior\WriteHtmlCacheBehavior [ RunTime:0.001809s ]
INFO: [ view_filter ] --END-- [ RunTime:0.001899s ]
INFO: [ app_end ] --START--
INFO: Run Behavior\ShowPageTraceBehavior [ RunTime:0.002854s ]
INFO: [ app_end ] --END-- [ RunTime:0.002938s ]

[ 2019-12-31T10:48:28+08:00 ] ::1 /bysystem/index.php/index/welcome.html
INFO: [ app_init ] --START--
INFO: Run Behavior\BuildLiteBehavior [ RunTime:0.000026s ]
INFO: [ app_init ] --END-- [ RunTime:0.002021s ]
INFO: [ app_begin ] --START--
INFO: Run Behavior\ReadHtmlCacheBehavior [ RunTime:0.005940s ]
INFO: [ app_begin ] --END-- [ RunTime:0.006053s ]
INFO: [ view_parse ] --START--
INFO: [ template_filter ] --START--
INFO: Run Behavior\ContentReplaceBehavior [ RunTime:0.000135s ]
INFO: [ template_filter ] --END-- [ RunTime:0.000248s ]
INFO: Run Behavior\ParseTemplateBehavior [ RunTime:0.037723s ]
INFO: [ view_parse ] --END-- [ RunTime:0.037819s ]
INFO: [ view_filter ] --START--
INFO: Run Behavior\WriteHtmlCacheBehavior [ RunTime:0.007234s ]
INFO: [ view_filter ] --END-- [ RunTime:0.007352s ]
INFO: [ app_end ] --START--
INFO: Run Behavior\ShowPageTraceBehavior [ RunTime:0.007129s ]
INFO: [ app_end ] --END-- [ RunTime:0.007239s ]

[ 2019-12-31T10:48:28+08:00 ] ::1 /bysystem/Public/index/js/layer.js
INFO: [ app_init ] --START--
INFO: Run Behavior\BuildLiteBehavior [ RunTime:0.000021s ]
INFO: [ app_init ] --END-- [ RunTime:0.000731s ]
INFO: [ app_begin ] --START--
INFO: Run Behavior\ReadHtmlCacheBehavior [ RunTime:0.001428s ]
INFO: [ app_begin ] --END-- [ RunTime:0.001546s ]
ERR: 无法加载控制器:Public

[ 2019-12-31T10:48:28+08:00 ] ::1 /bysystem/index.php/Oa/checkNotify.html
INFO: [ app_init ] --START--
INFO: Run Behavior\BuildLiteBehavior [ RunTime:0.000027s ]
INFO: [ app_init ] --END-- [ RunTime:0.000947s ]
INFO: [ app_begin ] --START--
INFO: Run Behavior\ReadHtmlCacheBehavior [ RunTime:0.000984s ]
INFO: [ app_begin ] --END-- [ RunTime:0.001053s ]
SQL: SHOW COLUMNS FROM `yzx_oasystem` [ RunTime:0.0730s ]
SQL: SELECT * FROM `yzx_oasystem` WHERE `oasystem_noticestate` = 0 ORDER BY id desc  [ RunTime:0.0136s ]
SQL: SHOW COLUMNS FROM `yzx_notice` [ RunTime:0.0788s ]
SQL: SELECT * FROM `yzx_notice` WHERE `oasystem_id` = 50 AND `master_checkuser` = 27  [ RunTime:0.0024s ]
SQL: SELECT * FROM `yzx_notice` WHERE `oasystem_id` = 49 AND `master_checkuser` = 27  [ RunTime:0.0013s ]
SQL: SELECT * FROM `yzx_notice` WHERE `oasystem_id` = 11 AND `master_checkuser` = 27  [ RunTime:0.0009s ]
SQL: SELECT * FROM `yzx_notice` WHERE `oasystem_id` = 5 AND `master_checkuser` = 27  [ RunTime:0.0013s ]
SQL: SELECT * FROM `yzx_notice` WHERE `oasystem_id` = 3 AND `master_checkuser` = 27  [ RunTime:0.0008s ]
SQL: SELECT * FROM `yzx_notice` WHERE `oasystem_id` = 2 AND `master_checkuser` = 27  [ RunTime:0.0008s ]

[ 2019-12-31T10:48:32+08:00 ] ::1 /bysystem/index.php/Rule/userlist.html
INFO: [ app_init ] --START--
INFO: Run Behavior\BuildLiteBehavior [ RunTime:0.000024s ]
INFO: [ app_init ] --END-- [ RunTime:0.000835s ]
INFO: [ app_begin ] --START--
INFO: Run Behavior\ReadHtmlCacheBehavior [ RunTime:0.001329s ]
INFO: [ app_begin ] --END-- [ RunTime:0.001420s ]
SQL: SHOW COLUMNS FROM `yzx_master` [ RunTime:0.0116s ]
SQL: SELECT COUNT(*) AS tp_count FROM `yzx_master` LIMIT 1   [ RunTime:0.0004s ]
SQL: SELECT * FROM `yzx_master` ORDER BY id desc LIMIT 0,20   [ RunTime:0.0007s ]
SQL: SHOW COLUMNS FROM `yzx_access` [ RunTime:0.0715s ]
SQL: SELECT * FROM `yzx_access` WHERE ( uid=30 )  [ RunTime:0.0012s ]
SQL: SHOW COLUMNS FROM `yzx_group` [ RunTime:0.0556s ]
SQL: SELECT * FROM `yzx_group` WHERE ( id=13 ) LIMIT 1   [ RunTime:0.0011s ]
SQL: SELECT * FROM `yzx_access` WHERE ( uid=29 )  [ RunTime:0.0007s ]
SQL: SELECT * FROM `yzx_group` WHERE ( id=13 ) LIMIT 1   [ RunTime:0.0010s ]
SQL: SELECT * FROM `yzx_access` WHERE ( uid=27 )  [ RunTime:0.0008s ]
SQL: SELECT * FROM `yzx_group` WHERE ( id=1 ) LIMIT 1   [ RunTime:0.0009s ]
SQL: SELECT * FROM `yzx_access` WHERE ( uid=23 )  [ RunTime:0.0007s ]
SQL: SELECT * FROM `yzx_group` WHERE ( id=11 ) LIMIT 1   [ RunTime:0.0007s ]
SQL: SELECT * FROM `yzx_access` WHERE ( uid=7 )  [ RunTime:0.0007s ]
SQL: SELECT * FROM `yzx_group` WHERE ( id=1 ) LIMIT 1   [ RunTime:0.0008s ]
SQL: SELECT * FROM `yzx_access` WHERE ( uid=3 )  [ RunTime:0.0007s ]
SQL: SELECT * FROM `yzx_group` WHERE ( id=2 ) LIMIT 1   [ RunTime:0.0007s ]
SQL: SELECT * FROM `yzx_access` WHERE ( uid=1 )  [ RunTime:0.0007s ]
SQL: SELECT * FROM `yzx_group` WHERE ( id=2 ) LIMIT 1   [ RunTime:0.0007s ]
INFO: [ view_parse ] --START--
INFO: [ template_filter ] --START--
INFO: Run Behavior\ContentReplaceBehavior [ RunTime:0.000129s ]
INFO: [ template_filter ] --END-- [ RunTime:0.000210s ]
NOTIC: [8] Undefined variable: key D:\phpStudy\PHPTutorial\WWW\bysystem\Application\Runtime\Cache\Admin\5acbf439466079406c374b14ae0d990c.php 第 157 行.
INFO: Run Behavior\ParseTemplateBehavior [ RunTime:0.025408s ]
INFO: [ view_parse ] --END-- [ RunTime:0.025528s ]
INFO: [ view_filter ] --START--
INFO: Run Behavior\WriteHtmlCacheBehavior [ RunTime:0.001029s ]
INFO: [ view_filter ] --END-- [ RunTime:0.001096s ]
INFO: [ app_end ] --START--
INFO: Run Behavior\ShowPageTraceBehavior [ RunTime:0.003062s ]
INFO: [ app_end ] --END-- [ RunTime:0.003165s ]

[ 2019-12-31T10:48:32+08:00 ] ::1 /bysystem/Public/index/js/layer.js
INFO: [ app_init ] --START--
INFO: Run Behavior\BuildLiteBehavior [ RunTime:0.000026s ]
INFO: [ app_init ] --END-- [ RunTime:0.000891s ]
INFO: [ app_begin ] --START--
INFO: Run Behavior\ReadHtmlCacheBehavior [ RunTime:0.000805s ]
INFO: [ app_begin ] --END-- [ RunTime:0.000865s ]
ERR: 无法加载控制器:Public

[ 2019-12-31T10:48:32+08:00 ] ::1 /bysystem/index.php/Oa/checkNotify.html
INFO: [ app_init ] --START--
INFO: Run Behavior\BuildLiteBehavior [ RunTime:0.000019s ]
INFO: [ app_init ] --END-- [ RunTime:0.000798s ]
INFO: [ app_begin ] --START--
INFO: Run Behavior\ReadHtmlCacheBehavior [ RunTime:0.000889s ]
INFO: [ app_begin ] --END-- [ RunTime:0.000952s ]
SQL: SHOW COLUMNS FROM `yzx_oasystem` [ RunTime:0.0112s ]
SQL: SELECT * FROM `yzx_oasystem` WHERE `oasystem_noticestate` = 0 ORDER BY id desc  [ RunTime:0.0005s ]
SQL: SHOW COLUMNS FROM `yzx_notice` [ RunTime:0.0074s ]
SQL: SELECT * FROM `yzx_notice` WHERE `oasystem_id` = 50 AND `master_checkuser` = 27  [ RunTime:0.0003s ]
SQL: SELECT * FROM `yzx_notice` WHERE `oasystem_id` = 49 AND `master_checkuser` = 27  [ RunTime:0.0003s ]
SQL: SELECT * FROM `yzx_notice` WHERE `oasystem_id` = 11 AND `master_checkuser` = 27  [ RunTime:0.0003s ]
SQL: SELECT * FROM `yzx_notice` WHERE `oasystem_id` = 5 AND `master_checkuser` = 27  [ RunTime:0.0003s ]
SQL: SELECT * FROM `yzx_notice` WHERE `oasystem_id` = 3 AND `master_checkuser` = 27  [ RunTime:0.0003s ]
SQL: SELECT * FROM `yzx_notice` WHERE `oasystem_id` = 2 AND `master_checkuser` = 27  [ RunTime:0.0003s ]

[ 2019-12-31T10:48:44+08:00 ] ::1 /bysystem/index.php/Login/Logout.html
INFO: [ app_init ] --START--
INFO: Run Behavior\BuildLiteBehavior [ RunTime:0.000026s ]
INFO: [ app_init ] --END-- [ RunTime:0.001022s ]
INFO: [ app_begin ] --START--
INFO: Run Behavior\ReadHtmlCacheBehavior [ RunTime:0.001322s ]
INFO: [ app_begin ] --END-- [ RunTime:0.001413s ]

[ 2019-12-31T10:48:45+08:00 ] ::1 /bysystem/index.php/Login/index.html
INFO: [ app_init ] --START--
INFO: Run Behavior\BuildLiteBehavior [ RunTime:0.000025s ]
INFO: [ app_init ] --END-- [ RunTime:0.000853s ]
INFO: [ app_begin ] --START--
INFO: Run Behavior\ReadHtmlCacheBehavior [ RunTime:0.001527s ]
INFO: [ app_begin ] --END-- [ RunTime:0.001790s ]
INFO: [ view_parse ] --START--
INFO: [ template_filter ] --START--
INFO: Run Behavior\ContentReplaceBehavior [ RunTime:0.000075s ]
INFO: [ template_filter ] --END-- [ RunTime:0.000168s ]
INFO: Run Behavior\ParseTemplateBehavior [ RunTime:0.011155s ]
INFO: [ view_parse ] --END-- [ RunTime:0.011635s ]
INFO: [ view_filter ] --START--
INFO: Run Behavior\WriteHtmlCacheBehavior [ RunTime:0.001093s ]
INFO: [ view_filter ] --END-- [ RunTime:0.001213s ]
INFO: [ app_end ] --START--
INFO: Run Behavior\ShowPageTraceBehavior [ RunTime:0.002382s ]
INFO: [ app_end ] --END-- [ RunTime:0.002461s ]

[ 2019-12-31T10:49:01+08:00 ] ::1 /bysystem/index.php/login/login.html
INFO: [ app_init ] --START--
INFO: Run Behavior\BuildLiteBehavior [ RunTime:0.000020s ]
INFO: [ app_init ] --END-- [ RunTime:0.000918s ]
INFO: [ app_begin ] --START--
INFO: Run Behavior\ReadHtmlCacheBehavior [ RunTime:0.001324s ]
INFO: [ app_begin ] --END-- [ RunTime:0.001457s ]
SQL: SHOW COLUMNS FROM `yzx_master` [ RunTime:0.0151s ]
SQL: SELECT * FROM `yzx_master` WHERE `master_username` = 'admin' LIMIT 1   [ RunTime:0.0005s ]

[ 2019-12-31T10:49:01+08:00 ] ::1 /bysystem/index.php/Index/index.html
INFO: [ app_init ] --START--
INFO: Run Behavior\BuildLiteBehavior [ RunTime:0.000019s ]
INFO: [ app_init ] --END-- [ RunTime:0.000770s ]
INFO: [ app_begin ] --START--
INFO: Run Behavior\ReadHtmlCacheBehavior [ RunTime:0.001297s ]
INFO: [ app_begin ] --END-- [ RunTime:0.001389s ]
SQL: SHOW COLUMNS FROM `yzx_rule` [ RunTime:0.0151s ]
SQL: SELECT * FROM `yzx_rule` ORDER BY id is null,id  [ RunTime:0.0018s ]
SQL: SHOW COLUMNS FROM `yzx_access` [ RunTime:0.0097s ]
SQL: SELECT `uid`,`group_id`,`title`,`rules` FROM yzx_access a INNER JOIN yzx_group g on a.group_id=g.id  WHERE ( a.uid='7' and g.status='1' )  [ RunTime:0.0007s ]
SQL: SHOW COLUMNS FROM `yzx_rule` [ RunTime:0.0107s ]
SQL: SELECT `condition`,`name` FROM `yzx_rule` WHERE `id` IN ('1','14','22','23','24','25','26','15','27','28','29','30','31','32','16','33','34','35','2','18','36','37','38','40','60','19','41','42','43','44','46','20','47','48','49','50','51','21','52','53','54','55','56','3','70','4','115','117','118','119','120','121','116','122','123','124','125','126','127','128','137','138','140','129','130','131','132','133','134','135','136','61','62','65','66','67','68','69','63','71','72','73','74','75','64','76','77','78','79','80','81','82','83','84','86','87','88','89','90','85','91','92','93','94','95','96','97','100','101','102','103','104','98','110','111','112','113','114','99','105','106','107','108','109') AND `type` = 1 AND `status` = 1  [ RunTime:0.0013s ]
INFO: [ view_parse ] --START--
INFO: [ template_filter ] --START--
INFO: Run Behavior\ContentReplaceBehavior [ RunTime:0.000054s ]
INFO: [ template_filter ] --END-- [ RunTime:0.000117s ]
INFO: Run Behavior\ParseTemplateBehavior [ RunTime:0.021889s ]
INFO: [ view_parse ] --END-- [ RunTime:0.022036s ]
INFO: [ view_filter ] --START--
INFO: Run Behavior\WriteHtmlCacheBehavior [ RunTime:0.001767s ]
INFO: [ view_filter ] --END-- [ RunTime:0.001835s ]
INFO: [ app_end ] --START--
INFO: Run Behavior\ShowPageTraceBehavior [ RunTime:0.002212s ]
INFO: [ app_end ] --END-- [ RunTime:0.002282s ]

[ 2019-12-31T10:49:01+08:00 ] ::1 /bysystem/index.php/index/welcome.html
INFO: [ app_init ] --START--
INFO: Run Behavior\BuildLiteBehavior [ RunTime:0.000023s ]
INFO: [ app_init ] --END-- [ RunTime:0.000798s ]
INFO: [ app_begin ] --START--
INFO: Run Behavior\ReadHtmlCacheBehavior [ RunTime:0.001203s ]
INFO: [ app_begin ] --END-- [ RunTime:0.001284s ]
INFO: [ view_parse ] --START--
INFO: [ template_filter ] --START--
INFO: Run Behavior\ContentReplaceBehavior [ RunTime:0.000274s ]
INFO: [ template_filter ] --END-- [ RunTime:0.000658s ]
INFO: Run Behavior\ParseTemplateBehavior [ RunTime:0.027603s ]
INFO: [ view_parse ] --END-- [ RunTime:0.027817s ]
INFO: [ view_filter ] --START--
INFO: Run Behavior\WriteHtmlCacheBehavior [ RunTime:0.001436s ]
INFO: [ view_filter ] --END-- [ RunTime:0.001489s ]
INFO: [ app_end ] --START--
INFO: Run Behavior\ShowPageTraceBehavior [ RunTime:0.002152s ]
INFO: [ app_end ] --END-- [ RunTime:0.002225s ]

[ 2019-12-31T10:49:01+08:00 ] ::1 /bysystem/Public/index/js/layer.js
INFO: [ app_init ] --START--
INFO: Run Behavior\BuildLiteBehavior [ RunTime:0.000025s ]
INFO: [ app_init ] --END-- [ RunTime:0.000651s ]
INFO: [ app_begin ] --START--
INFO: Run Behavior\ReadHtmlCacheBehavior [ RunTime:0.001301s ]
INFO: [ app_begin ] --END-- [ RunTime:0.001393s ]
ERR: 无法加载控制器:Public

[ 2019-12-31T10:49:01+08:00 ] ::1 /bysystem/index.php/Oa/checkNotify.html
INFO: [ app_init ] --START--
INFO: Run Behavior\BuildLiteBehavior [ RunTime:0.000025s ]
INFO: [ app_init ] --END-- [ RunTime:0.000851s ]
INFO: [ app_begin ] --START--
INFO: Run Behavior\ReadHtmlCacheBehavior [ RunTime:0.001332s ]
INFO: [ app_begin ] --END-- [ RunTime:0.001425s ]
SQL: SHOW COLUMNS FROM `yzx_oasystem` [ RunTime:0.0138s ]
SQL: SELECT * FROM `yzx_oasystem` WHERE `oasystem_noticestate` = 0 ORDER BY id desc  [ RunTime:0.0007s ]
SQL: SHOW COLUMNS FROM `yzx_notice` [ RunTime:0.0075s ]
SQL: SELECT * FROM `yzx_notice` WHERE `oasystem_id` = 50 AND `master_checkuser` = 7  [ RunTime:0.0004s ]
SQL: SELECT * FROM `yzx_notice` WHERE `oasystem_id` = 49 AND `master_checkuser` = 7  [ RunTime:0.0003s ]
SQL: SELECT * FROM `yzx_notice` WHERE `oasystem_id` = 11 AND `master_checkuser` = 7  [ RunTime:0.0004s ]
SQL: SELECT * FROM `yzx_notice` WHERE `oasystem_id` = 5 AND `master_checkuser` = 7  [ RunTime:0.0004s ]
SQL: SELECT * FROM `yzx_notice` WHERE `oasystem_id` = 3 AND `master_checkuser` = 7  [ RunTime:0.0014s ]
SQL: SELECT * FROM `yzx_notice` WHERE `oasystem_id` = 2 AND `master_checkuser` = 7  [ RunTime:0.0006s ]

[ 2019-12-31T10:49:08+08:00 ] ::1 /bysystem/index.php
INFO: [ app_init ] --START--
INFO: Run Behavior\BuildLiteBehavior [ RunTime:0.000035s ]
INFO: [ app_init ] --END-- [ RunTime:0.001512s ]
INFO: [ app_begin ] --START--
INFO: Run Behavior\ReadHtmlCacheBehavior [ RunTime:0.001913s ]
INFO: [ app_begin ] --END-- [ RunTime:0.002003s ]

[ 2019-12-31T10:49:40+08:00 ] ::1 /bysystem/index.php/Oa/checkNotify.html?id=5
INFO: [ app_init ] --START--
INFO: Run Behavior\BuildLiteBehavior [ RunTime:0.000020s ]
INFO: [ app_init ] --END-- [ RunTime:0.000685s ]
INFO: [ app_begin ] --START--
INFO: Run Behavior\ReadHtmlCacheBehavior [ RunTime:0.001349s ]
INFO: [ app_begin ] --END-- [ RunTime:0.001441s ]
SQL: SHOW COLUMNS FROM `yzx_oasystem` [ RunTime:0.0129s ]
SQL: SELECT * FROM `yzx_oasystem` WHERE ( id=5 ) LIMIT 1   [ RunTime:0.0007s ]
SQL: SHOW COLUMNS FROM `yzx_notice` [ RunTime:0.0111s ]
SQL: INSERT INTO `yzx_notice` (`oasystem_id`,`oaclass_id`,`master_checkuser`,`create_time`) VALUES ('5','9','7','1577760580') [ RunTime:0.0006s ]
INFO: [ view_parse ] --START--
INFO: [ template_filter ] --START--
INFO: Run Behavior\ContentReplaceBehavior [ RunTime:0.000097s ]
INFO: [ template_filter ] --END-- [ RunTime:0.000181s ]
INFO: Run Behavior\ParseTemplateBehavior [ RunTime:0.015077s ]
INFO: [ view_parse ] --END-- [ RunTime:0.015210s ]
INFO: [ view_filter ] --START--
INFO: Run Behavior\WriteHtmlCacheBehavior [ RunTime:0.000882s ]
INFO: [ view_filter ] --END-- [ RunTime:0.000972s ]
INFO: [ app_end ] --START--
INFO: Run Behavior\ShowPageTraceBehavior [ RunTime:0.002986s ]
INFO: [ app_end ] --END-- [ RunTime:0.003101s ]

[ 2019-12-31T10:49:40+08:00 ] ::1 /bysystem/Public/index/js/layer.js
INFO: [ app_init ] --START--
INFO: Run Behavior\BuildLiteBehavior [ RunTime:0.000027s ]
INFO: [ app_init ] --END-- [ RunTime:0.001184s ]
INFO: [ app_begin ] --START--
INFO: Run Behavior\ReadHtmlCacheBehavior [ RunTime:0.001234s ]
INFO: [ app_begin ] --END-- [ RunTime:0.001347s ]
ERR: 无法加载控制器:Public

[ 2019-12-31T10:49:40+08:00 ] ::1 /bysystem/index.php/Oa/checkNotify.html
INFO: [ app_init ] --START--
INFO: Run Behavior\BuildLiteBehavior [ RunTime:0.000033s ]
INFO: [ app_init ] --END-- [ RunTime:0.001092s ]
INFO: [ app_begin ] --START--
INFO: Run Behavior\ReadHtmlCacheBehavior [ RunTime:0.001703s ]
INFO: [ app_begin ] --END-- [ RunTime:0.001821s ]
SQL: SHOW COLUMNS FROM `yzx_oasystem` [ RunTime:0.0118s ]
SQL: SELECT * FROM `yzx_oasystem` WHERE `oasystem_noticestate` = 0 ORDER BY id desc  [ RunTime:0.0007s ]
SQL: SHOW COLUMNS FROM `yzx_notice` [ RunTime:0.0097s ]
SQL: SELECT * FROM `yzx_notice` WHERE `oasystem_id` = 50 AND `master_checkuser` = 7  [ RunTime:0.0006s ]
SQL: SELECT * FROM `yzx_notice` WHERE `oasystem_id` = 49 AND `master_checkuser` = 7  [ RunTime:0.0006s ]
SQL: SELECT * FROM `yzx_notice` WHERE `oasystem_id` = 11 AND `master_checkuser` = 7  [ RunTime:0.0005s ]
SQL: SELECT * FROM `yzx_notice` WHERE `oasystem_id` = 5 AND `master_checkuser` = 7  [ RunTime:0.0005s ]
SQL: SELECT * FROM `yzx_notice` WHERE `oasystem_id` = 3 AND `master_checkuser` = 7  [ RunTime:0.0004s ]
SQL: SELECT * FROM `yzx_notice` WHERE `oasystem_id` = 2 AND `master_checkuser` = 7  [ RunTime:0.0004s ]
NOTIC: [8] Undefined variable: id D:\phpStudy\PHPTutorial\WWW\bysystem\Application\Admin\Controller\OaController.class.php 第 895 行.
NOTIC: [2] implode(): Invalid arguments passed D:\phpStudy\PHPTutorial\WWW\bysystem\Application\Admin\Controller\OaController.class.php 第 895 行.
NOTIC: [8] Undefined variable: id D:\phpStudy\PHPTutorial\WWW\bysystem\Application\Admin\Controller\OaController.class.php 第 897 行.

[ 2019-12-31T10:49:59+08:00 ] ::1 /bysystem/index.php/Oa/historynoticlist.html
INFO: [ app_init ] --START--
INFO: Run Behavior\BuildLiteBehavior [ RunTime:0.000018s ]
INFO: [ app_init ] --END-- [ RunTime:0.000962s ]
INFO: [ app_begin ] --START--
INFO: Run Behavior\ReadHtmlCacheBehavior [ RunTime:0.001858s ]
INFO: [ app_begin ] --END-- [ RunTime:0.001938s ]
SQL: SHOW COLUMNS FROM `yzx_access` [ RunTime:0.0113s ]
SQL: SELECT `uid`,`group_id`,`title`,`rules` FROM yzx_access a INNER JOIN yzx_group g on a.group_id=g.id  WHERE ( a.uid='7' and g.status='1' )  [ RunTime:0.0006s ]
SQL: SHOW COLUMNS FROM `yzx_rule` [ RunTime:0.0101s ]
SQL: SELECT `condition`,`name` FROM `yzx_rule` WHERE `id` IN ('1','14','22','23','24','25','26','15','27','28','29','30','31','32','16','33','34','35','2','18','36','37','38','40','60','19','41','42','43','44','46','20','47','48','49','50','51','21','52','53','54','55','56','3','70','4','115','117','118','119','120','121','116','122','123','124','125','126','127','128','137','138','140','129','130','131','132','133','134','135','136','61','62','65','66','67','68','69','63','71','72','73','74','75','64','76','77','78','79','80','81','82','83','84','86','87','88','89','90','85','91','92','93','94','95','96','97','100','101','102','103','104','98','110','111','112','113','114','99','105','106','107','108','109') AND `type` = 1 AND `status` = 1  [ RunTime:0.0013s ]
SQL: SHOW COLUMNS FROM `yzx_notice` [ RunTime:0.0102s ]
SQL: SELECT COUNT(*) AS tp_count FROM `yzx_notice` LIMIT 1   [ RunTime:0.0004s ]
SQL: SELECT * FROM `yzx_notice` ORDER BY id desc LIMIT 0,20   [ RunTime:0.0006s ]
SQL: SHOW COLUMNS FROM `yzx_oasystem` [ RunTime:0.0100s ]
SQL: SELECT * FROM `yzx_oasystem` WHERE ( id=5 ) LIMIT 1   [ RunTime:0.0005s ]
SQL: SHOW COLUMNS FROM `yzx_oaclasses` [ RunTime:0.0812s ]
SQL: SELECT * FROM `yzx_oaclasses` WHERE ( id=9 ) LIMIT 1   [ RunTime:0.0013s ]
SQL: SHOW COLUMNS FROM `yzx_master` [ RunTime:0.0193s ]
SQL: SELECT * FROM `yzx_master` WHERE ( id=7 ) LIMIT 1   [ RunTime:0.0008s ]
SQL: SELECT * FROM `yzx_oasystem` WHERE ( id=11 ) LIMIT 1   [ RunTime:0.0008s ]
SQL: SELECT * FROM `yzx_oaclasses` WHERE ( id=1 ) LIMIT 1   [ RunTime:0.0007s ]
SQL: SELECT * FROM `yzx_master` WHERE ( id=7 ) LIMIT 1   [ RunTime:0.0008s ]
SQL: SELECT * FROM `yzx_oasystem` WHERE ( id=49 ) LIMIT 1   [ RunTime:0.0008s ]
SQL: SELECT * FROM `yzx_oaclasses` WHERE ( id=1 ) LIMIT 1   [ RunTime:0.0007s ]
SQL: SELECT * FROM `yzx_master` WHERE ( id=7 ) LIMIT 1   [ RunTime:0.0007s ]
SQL: SELECT * FROM `yzx_oasystem` WHERE ( id=50 ) LIMIT 1   [ RunTime:0.0008s ]
SQL: SELECT * FROM `yzx_oaclasses` WHERE ( id=1 ) LIMIT 1   [ RunTime:0.0007s ]
SQL: SELECT * FROM `yzx_master` WHERE ( id=7 ) LIMIT 1   [ RunTime:0.0007s ]
SQL: SELECT * FROM `yzx_oasystem` WHERE ( id=3 ) LIMIT 1   [ RunTime:0.0007s ]
SQL: SELECT * FROM `yzx_oaclasses` WHERE ( id=10 ) LIMIT 1   [ RunTime:0.0007s ]
SQL: SELECT * FROM `yzx_master` WHERE ( id=7 ) LIMIT 1   [ RunTime:0.0005s ]
SQL: SELECT * FROM `yzx_oasystem` WHERE ( id=2 ) LIMIT 1   [ RunTime:0.0005s ]
SQL: SELECT * FROM `yzx_oaclasses` WHERE ( id=9 ) LIMIT 1   [ RunTime:0.0005s ]
SQL: SELECT * FROM `yzx_master` WHERE ( id=7 ) LIMIT 1   [ RunTime:0.0005s ]
SQL: SELECT * FROM `yzx_oaclasses`  [ RunTime:0.0005s ]
INFO: [ view_parse ] --START--
INFO: [ template_filter ] --START--
INFO: Run Behavior\ContentReplaceBehavior [ RunTime:0.000131s ]
INFO: [ template_filter ] --END-- [ RunTime:0.000210s ]
NOTIC: [8] Undefined variable: cname D:\phpStudy\PHPTutorial\WWW\bysystem\Application\Runtime\Cache\Admin\5269c7fd6e9bdb47acfb3239d9e7c82c.php 第 160 行.
NOTIC: [8] Undefined variable: cname D:\phpStudy\PHPTutorial\WWW\bysystem\Application\Runtime\Cache\Admin\5269c7fd6e9bdb47acfb3239d9e7c82c.php 第 160 行.
NOTIC: [8] Undefined variable: cname D:\phpStudy\PHPTutorial\WWW\bysystem\Application\Runtime\Cache\Admin\5269c7fd6e9bdb47acfb3239d9e7c82c.php 第 160 行.
NOTIC: [8] Undefined variable: cname D:\phpStudy\PHPTutorial\WWW\bysystem\Application\Runtime\Cache\Admin\5269c7fd6e9bdb47acfb3239d9e7c82c.php 第 160 行.
NOTIC: [8] Undefined variable: cname D:\phpStudy\PHPTutorial\WWW\bysystem\Application\Runtime\Cache\Admin\5269c7fd6e9bdb47acfb3239d9e7c82c.php 第 160 行.
INFO: Run Behavior\ParseTemplateBehavior [ RunTime:0.022929s ]
INFO: [ view_parse ] --END-- [ RunTime:0.023018s ]
INFO: [ view_filter ] --START--
INFO: Run Behavior\WriteHtmlCacheBehavior [ RunTime:0.001346s ]
INFO: [ view_filter ] --END-- [ RunTime:0.001413s ]
INFO: [ app_end ] --START--
INFO: Run Behavior\ShowPageTraceBehavior [ RunTime:0.003730s ]
INFO: [ app_end ] --END-- [ RunTime:0.003827s ]

[ 2019-12-31T10:49:59+08:00 ] ::1 /bysystem/Public/index/js/layer.js
INFO: [ app_init ] --START--
INFO: Run Behavior\BuildLiteBehavior [ RunTime:0.000037s ]
INFO: [ app_init ] --END-- [ RunTime:0.000858s ]
INFO: [ app_begin ] --START--
INFO: Run Behavior\ReadHtmlCacheBehavior [ RunTime:0.001346s ]
INFO: [ app_begin ] --END-- [ RunTime:0.001440s ]
ERR: 无法加载控制器:Public

[ 2019-12-31T10:49:59+08:00 ] ::1 /bysystem/index.php/Oa/checkNotify.html
INFO: [ app_init ] --START--
INFO: Run Behavior\BuildLiteBehavior [ RunTime:0.000029s ]
INFO: [ app_init ] --END-- [ RunTime:0.000984s ]
INFO: [ app_begin ] --START--
INFO: Run Behavior\ReadHtmlCacheBehavior [ RunTime:0.001214s ]
INFO: [ app_begin ] --END-- [ RunTime:0.001304s ]
SQL: SHOW COLUMNS FROM `yzx_oasystem` [ RunTime:0.0106s ]
SQL: SELECT * FROM `yzx_oasystem` WHERE `oasystem_noticestate` = 0 ORDER BY id desc  [ RunTime:0.0007s ]
SQL: SHOW COLUMNS FROM `yzx_notice` [ RunTime:0.0094s ]
SQL: SELECT * FROM `yzx_notice` WHERE `oasystem_id` = 50 AND `master_checkuser` = 7  [ RunTime:0.0004s ]
SQL: SELECT * FROM `yzx_notice` WHERE `oasystem_id` = 49 AND `master_checkuser` = 7  [ RunTime:0.0004s ]
SQL: SELECT * FROM `yzx_notice` WHERE `oasystem_id` = 11 AND `master_checkuser` = 7  [ RunTime:0.0004s ]
SQL: SELECT * FROM `yzx_notice` WHERE `oasystem_id` = 5 AND `master_checkuser` = 7  [ RunTime:0.0004s ]
SQL: SELECT * FROM `yzx_notice` WHERE `oasystem_id` = 3 AND `master_checkuser` = 7  [ RunTime:0.0003s ]
SQL: SELECT * FROM `yzx_notice` WHERE `oasystem_id` = 2 AND `master_checkuser` = 7  [ RunTime:0.0003s ]
NOTIC: [8] Undefined variable: id D:\phpStudy\PHPTutorial\WWW\bysystem\Application\Admin\Controller\OaController.class.php 第 895 行.
NOTIC: [2] implode(): Invalid arguments passed D:\phpStudy\PHPTutorial\WWW\bysystem\Application\Admin\Controller\OaController.class.php 第 895 行.
NOTIC: [8] Undefined variable: id D:\phpStudy\PHPTutorial\WWW\bysystem\Application\Admin\Controller\OaController.class.php 第 897 行.

[ 2019-12-31T10:50:56+08:00 ] ::1 /bysystem/index.php/Oa/historynoticlist.html
INFO: [ app_init ] --START--
INFO: Run Behavior\BuildLiteBehavior [ RunTime:0.000026s ]
INFO: [ app_init ] --END-- [ RunTime:0.000846s ]
INFO: [ app_begin ] --START--
INFO: Run Behavior\ReadHtmlCacheBehavior [ RunTime:0.001289s ]
INFO: [ app_begin ] --END-- [ RunTime:0.001390s ]
SQL: SHOW COLUMNS FROM `yzx_access` [ RunTime:0.0128s ]
SQL: SELECT `uid`,`group_id`,`title`,`rules` FROM yzx_access a INNER JOIN yzx_group g on a.group_id=g.id  WHERE ( a.uid='7' and g.status='1' )  [ RunTime:0.0006s ]
SQL: SHOW COLUMNS FROM `yzx_rule` [ RunTime:0.0094s ]
SQL: SELECT `condition`,`name` FROM `yzx_rule` WHERE `id` IN ('1','14','22','23','24','25','26','15','27','28','29','30','31','32','16','33','34','35','2','18','36','37','38','40','60','19','41','42','43','44','46','20','47','48','49','50','51','21','52','53','54','55','56','3','70','4','115','117','118','119','120','121','116','122','123','124','125','126','127','128','137','138','140','129','130','131','132','133','134','135','136','61','62','65','66','67','68','69','63','71','72','73','74','75','64','76','77','78','79','80','81','82','83','84','86','87','88','89','90','85','91','92','93','94','95','96','97','100','101','102','103','104','98','110','111','112','113','114','99','105','106','107','108','109') AND `type` = 1 AND `status` = 1  [ RunTime:0.0011s ]
SQL: SHOW COLUMNS FROM `yzx_notice` [ RunTime:0.0101s ]
SQL: SELECT COUNT(*) AS tp_count FROM `yzx_notice` LIMIT 1   [ RunTime:0.0003s ]
SQL: SELECT * FROM `yzx_notice` ORDER BY id desc LIMIT 0,20   [ RunTime:0.0006s ]
SQL: SHOW COLUMNS FROM `yzx_oasystem` [ RunTime:0.0091s ]
SQL: SELECT * FROM `yzx_oasystem` WHERE ( id=5 ) LIMIT 1   [ RunTime:0.0005s ]
SQL: SHOW COLUMNS FROM `yzx_oaclasses` [ RunTime:0.0098s ]
SQL: SELECT * FROM `yzx_oaclasses` WHERE ( id=9 ) LIMIT 1   [ RunTime:0.0005s ]
SQL: SHOW COLUMNS FROM `yzx_master` [ RunTime:0.0102s ]
SQL: SELECT * FROM `yzx_master` WHERE ( id=7 ) LIMIT 1   [ RunTime:0.0004s ]
SQL: SELECT * FROM `yzx_oasystem` WHERE ( id=11 ) LIMIT 1   [ RunTime:0.0006s ]
SQL: SELECT * FROM `yzx_oaclasses` WHERE ( id=1 ) LIMIT 1   [ RunTime:0.0005s ]
SQL: SELECT * FROM `yzx_master` WHERE ( id=7 ) LIMIT 1   [ RunTime:0.0004s ]
SQL: SELECT * FROM `yzx_oasystem` WHERE ( id=49 ) LIMIT 1   [ RunTime:0.0004s ]
SQL: SELECT * FROM `yzx_oaclasses` WHERE ( id=1 ) LIMIT 1   [ RunTime:0.0003s ]
SQL: SELECT * FROM `yzx_master` WHERE ( id=7 ) LIMIT 1   [ RunTime:0.0003s ]
SQL: SELECT * FROM `yzx_oasystem` WHERE ( id=50 ) LIMIT 1   [ RunTime:0.0005s ]
SQL: SELECT * FROM `yzx_oaclasses` WHERE ( id=1 ) LIMIT 1   [ RunTime:0.0005s ]
SQL: SELECT * FROM `yzx_master` WHERE ( id=7 ) LIMIT 1   [ RunTime:0.0005s ]
SQL: SELECT * FROM `yzx_oasystem` WHERE ( id=3 ) LIMIT 1   [ RunTime:0.0005s ]
SQL: SELECT * FROM `yzx_oaclasses` WHERE ( id=10 ) LIMIT 1   [ RunTime:0.0005s ]
SQL: SELECT * FROM `yzx_master` WHERE ( id=7 ) LIMIT 1   [ RunTime:0.0005s ]
SQL: SELECT * FROM `yzx_oasystem` WHERE ( id=2 ) LIMIT 1   [ RunTime:0.0005s ]
SQL: SELECT * FROM `yzx_oaclasses` WHERE ( id=9 ) LIMIT 1   [ RunTime:0.0005s ]
SQL: SELECT * FROM `yzx_master` WHERE ( id=7 ) LIMIT 1   [ RunTime:0.0005s ]
SQL: SELECT * FROM `yzx_oaclasses`  [ RunTime:0.0005s ]
INFO: [ view_parse ] --START--
INFO: [ template_filter ] --START--
INFO: Run Behavior\ContentReplaceBehavior [ RunTime:0.000214s ]
INFO: [ template_filter ] --END-- [ RunTime:0.000358s ]
NOTIC: [8] Undefined variable: cname D:\phpStudy\PHPTutorial\WWW\bysystem\Application\Runtime\Cache\Admin\5269c7fd6e9bdb47acfb3239d9e7c82c.php 第 160 行.
NOTIC: [8] Undefined variable: cname D:\phpStudy\PHPTutorial\WWW\bysystem\Application\Runtime\Cache\Admin\5269c7fd6e9bdb47acfb3239d9e7c82c.php 第 160 行.
NOTIC: [8] Undefined variable: cname D:\phpStudy\PHPTutorial\WWW\bysystem\Application\Runtime\Cache\Admin\5269c7fd6e9bdb47acfb3239d9e7c82c.php 第 160 行.
NOTIC: [8] Undefined variable: cname D:\phpStudy\PHPTutorial\WWW\bysystem\Application\Runtime\Cache\Admin\5269c7fd6e9bdb47acfb3239d9e7c82c.php 第 160 行.
NOTIC: [8] Undefined variable: cname D:\phpStudy\PHPTutorial\WWW\bysystem\Application\Runtime\Cache\Admin\5269c7fd6e9bdb47acfb3239d9e7c82c.php 第 160 行.
INFO: Run Behavior\ParseTemplateBehavior [ RunTime:0.025098s ]
INFO: [ view_parse ] --END-- [ RunTime:0.025184s ]
INFO: [ view_filter ] --START--
INFO: Run Behavior\WriteHtmlCacheBehavior [ RunTime:0.000782s ]
INFO: [ view_filter ] --END-- [ RunTime:0.000844s ]
INFO: [ app_end ] --START--
INFO: Run Behavior\ShowPageTraceBehavior [ RunTime:0.001769s ]
INFO: [ app_end ] --END-- [ RunTime:0.001848s ]

[ 2019-12-31T10:50:56+08:00 ] ::1 /bysystem/index.php/Oa/historynoticlist.html
INFO: [ app_init ] --START--
INFO: Run Behavior\BuildLiteBehavior [ RunTime:0.000024s ]
INFO: [ app_init ] --END-- [ RunTime:0.000871s ]
INFO: [ app_begin ] --START--
INFO: Run Behavior\ReadHtmlCacheBehavior [ RunTime:0.001784s ]
INFO: [ app_begin ] --END-- [ RunTime:0.001897s ]
SQL: SHOW COLUMNS FROM `yzx_access` [ RunTime:0.0138s ]
SQL: SELECT `uid`,`group_id`,`title`,`rules` FROM yzx_access a INNER JOIN yzx_group g on a.group_id=g.id  WHERE ( a.uid='7' and g.status='1' )  [ RunTime:0.0006s ]
SQL: SHOW COLUMNS FROM `yzx_rule` [ RunTime:0.0100s ]
SQL: SELECT `condition`,`name` FROM `yzx_rule` WHERE `id` IN ('1','14','22','23','24','25','26','15','27','28','29','30','31','32','16','33','34','35','2','18','36','37','38','40','60','19','41','42','43','44','46','20','47','48','49','50','51','21','52','53','54','55','56','3','70','4','115','117','118','119','120','121','116','122','123','124','125','126','127','128','137','138','140','129','130','131','132','133','134','135','136','61','62','65','66','67','68','69','63','71','72','73','74','75','64','76','77','78','79','80','81','82','83','84','86','87','88','89','90','85','91','92','93','94','95','96','97','100','101','102','103','104','98','110','111','112','113','114','99','105','106','107','108','109') AND `type` = 1 AND `status` = 1  [ RunTime:0.0012s ]
SQL: SHOW COLUMNS FROM `yzx_notice` [ RunTime:0.0098s ]
SQL: SELECT COUNT(*) AS tp_count FROM `yzx_notice` LIMIT 1   [ RunTime:0.0004s ]
SQL: SELECT * FROM `yzx_notice` ORDER BY id desc LIMIT 0,20   [ RunTime:0.0006s ]
SQL: SHOW COLUMNS FROM `yzx_oasystem` [ RunTime:0.0103s ]
SQL: SELECT * FROM `yzx_oasystem` WHERE ( id=5 ) LIMIT 1   [ RunTime:0.0005s ]
SQL: SHOW COLUMNS FROM `yzx_oaclasses` [ RunTime:0.0101s ]
SQL: SELECT * FROM `yzx_oaclasses` WHERE ( id=9 ) LIMIT 1   [ RunTime:0.0006s ]
SQL: SHOW COLUMNS FROM `yzx_master` [ RunTime:0.0095s ]
SQL: SELECT * FROM `yzx_master` WHERE ( id=7 ) LIMIT 1   [ RunTime:0.0005s ]
SQL: SELECT * FROM `yzx_oasystem` WHERE ( id=11 ) LIMIT 1   [ RunTime:0.0005s ]
SQL: SELECT * FROM `yzx_oaclasses` WHERE ( id=1 ) LIMIT 1   [ RunTime:0.0004s ]
SQL: SELECT * FROM `yzx_master` WHERE ( id=7 ) LIMIT 1   [ RunTime:0.0003s ]
SQL: SELECT * FROM `yzx_oasystem` WHERE ( id=49 ) LIMIT 1   [ RunTime:0.0004s ]
SQL: SELECT * FROM `yzx_oaclasses` WHERE ( id=1 ) LIMIT 1   [ RunTime:0.0004s ]
SQL: SELECT * FROM `yzx_master` WHERE ( id=7 ) LIMIT 1   [ RunTime:0.0003s ]
SQL: SELECT * FROM `yzx_oasystem` WHERE ( id=50 ) LIMIT 1   [ RunTime:0.0005s ]
SQL: SELECT * FROM `yzx_oaclasses` WHERE ( id=1 ) LIMIT 1   [ RunTime:0.0004s ]
SQL: SELECT * FROM `yzx_master` WHERE ( id=7 ) LIMIT 1   [ RunTime:0.0004s ]
SQL: SELECT * FROM `yzx_oasystem` WHERE ( id=3 ) LIMIT 1   [ RunTime:0.0005s ]
SQL: SELECT * FROM `yzx_oaclasses` WHERE ( id=10 ) LIMIT 1   [ RunTime:0.0004s ]
SQL: SELECT * FROM `yzx_master` WHERE ( id=7 ) LIMIT 1   [ RunTime:0.0004s ]
SQL: SELECT * FROM `yzx_oasystem` WHERE ( id=2 ) LIMIT 1   [ RunTime:0.0004s ]
SQL: SELECT * FROM `yzx_oaclasses` WHERE ( id=9 ) LIMIT 1   [ RunTime:0.0004s ]
SQL: SELECT * FROM `yzx_master` WHERE ( id=7 ) LIMIT 1   [ RunTime:0.0004s ]
SQL: SELECT * FROM `yzx_oaclasses`  [ RunTime:0.0004s ]
INFO: [ view_parse ] --START--
INFO: [ template_filter ] --START--
INFO: Run Behavior\ContentReplaceBehavior [ RunTime:0.000131s ]
INFO: [ template_filter ] --END-- [ RunTime:0.000212s ]
NOTIC: [8] Undefined variable: cname D:\phpStudy\PHPTutorial\WWW\bysystem\Application\Runtime\Cache\Admin\5269c7fd6e9bdb47acfb3239d9e7c82c.php 第 160 行.
NOTIC: [8] Undefined variable: cname D:\phpStudy\PHPTutorial\WWW\bysystem\Application\Runtime\Cache\Admin\5269c7fd6e9bdb47acfb3239d9e7c82c.php 第 160 行.
NOTIC: [8] Undefined variable: cname D:\phpStudy\PHPTutorial\WWW\bysystem\Application\Runtime\Cache\Admin\5269c7fd6e9bdb47acfb3239d9e7c82c.php 第 160 行.
NOTIC: [8] Undefined variable: cname D:\phpStudy\PHPTutorial\WWW\bysystem\Application\Runtime\Cache\Admin\5269c7fd6e9bdb47acfb3239d9e7c82c.php 第 160 行.
NOTIC: [8] Undefined variable: cname D:\phpStudy\PHPTutorial\WWW\bysystem\Application\Runtime\Cache\Admin\5269c7fd6e9bdb47acfb3239d9e7c82c.php 第 160 行.
INFO: Run Behavior\ParseTemplateBehavior [ RunTime:0.025750s ]
INFO: [ view_parse ] --END-- [ RunTime:0.025835s ]
INFO: [ view_filter ] --START--
INFO: Run Behavior\WriteHtmlCacheBehavior [ RunTime:0.001936s ]
INFO: [ view_filter ] --END-- [ RunTime:0.002007s ]
INFO: [ app_end ] --START--
INFO: Run Behavior\ShowPageTraceBehavior [ RunTime:0.002434s ]
INFO: [ app_end ] --END-- [ RunTime:0.002537s ]

[ 2019-12-31T10:50:56+08:00 ] ::1 /bysystem/Public/index/js/layer.js
INFO: [ app_init ] --START--
INFO: Run Behavior\BuildLiteBehavior [ RunTime:0.000017s ]
INFO: [ app_init ] --END-- [ RunTime:0.000654s ]
INFO: [ app_begin ] --START--
INFO: Run Behavior\ReadHtmlCacheBehavior [ RunTime:0.000802s ]
INFO: [ app_begin ] --END-- [ RunTime:0.000864s ]
ERR: 无法加载控制器:Public

[ 2019-12-31T10:50:56+08:00 ] ::1 /bysystem/index.php/Oa/historynoticlist.html
INFO: [ app_init ] --START--
INFO: Run Behavior\BuildLiteBehavior [ RunTime:0.000026s ]
INFO: [ app_init ] --END-- [ RunTime:0.000861s ]
INFO: [ app_begin ] --START--
INFO: Run Behavior\ReadHtmlCacheBehavior [ RunTime:0.001475s ]
INFO: [ app_begin ] --END-- [ RunTime:0.001595s ]
SQL: SHOW COLUMNS FROM `yzx_access` [ RunTime:0.0145s ]
SQL: SELECT `uid`,`group_id`,`title`,`rules` FROM yzx_access a INNER JOIN yzx_group g on a.group_id=g.id  WHERE ( a.uid='7' and g.status='1' )  [ RunTime:0.0007s ]
SQL: SHOW COLUMNS FROM `yzx_rule` [ RunTime:0.0094s ]
SQL: SELECT `condition`,`name` FROM `yzx_rule` WHERE `id` IN ('1','14','22','23','24','25','26','15','27','28','29','30','31','32','16','33','34','35','2','18','36','37','38','40','60','19','41','42','43','44','46','20','47','48','49','50','51','21','52','53','54','55','56','3','70','4','115','117','118','119','120','121','116','122','123','124','125','126','127','128','137','138','140','129','130','131','132','133','134','135','136','61','62','65','66','67','68','69','63','71','72','73','74','75','64','76','77','78','79','80','81','82','83','84','86','87','88','89','90','85','91','92','93','94','95','96','97','100','101','102','103','104','98','110','111','112','113','114','99','105','106','107','108','109') AND `type` = 1 AND `status` = 1  [ RunTime:0.0012s ]
SQL: SHOW COLUMNS FROM `yzx_notice` [ RunTime:0.0090s ]
SQL: SELECT COUNT(*) AS tp_count FROM `yzx_notice` LIMIT 1   [ RunTime:0.0003s ]
SQL: SELECT * FROM `yzx_notice` ORDER BY id desc LIMIT 0,20   [ RunTime:0.0004s ]
SQL: SHOW COLUMNS FROM `yzx_oasystem` [ RunTime:0.0091s ]
SQL: SELECT * FROM `yzx_oasystem` WHERE ( id=5 ) LIMIT 1   [ RunTime:0.0005s ]
SQL: SHOW COLUMNS FROM `yzx_oaclasses` [ RunTime:0.0100s ]
SQL: SELECT * FROM `yzx_oaclasses` WHERE ( id=9 ) LIMIT 1   [ RunTime:0.0005s ]
SQL: SHOW COLUMNS FROM `yzx_master` [ RunTime:0.0100s ]
SQL: SELECT * FROM `yzx_master` WHERE ( id=7 ) LIMIT 1   [ RunTime:0.0005s ]
SQL: SELECT * FROM `yzx_oasystem` WHERE ( id=11 ) LIMIT 1   [ RunTime:0.0004s ]
SQL: SELECT * FROM `yzx_oaclasses` WHERE ( id=1 ) LIMIT 1   [ RunTime:0.0004s ]
SQL: SELECT * FROM `yzx_master` WHERE ( id=7 ) LIMIT 1   [ RunTime:0.0004s ]
SQL: SELECT * FROM `yzx_oasystem` WHERE ( id=49 ) LIMIT 1   [ RunTime:0.0005s ]
SQL: SELECT * FROM `yzx_oaclasses` WHERE ( id=1 ) LIMIT 1   [ RunTime:0.0004s ]
SQL: SELECT * FROM `yzx_master` WHERE ( id=7 ) LIMIT 1   [ RunTime:0.0006s ]
SQL: SELECT * FROM `yzx_oasystem` WHERE ( id=50 ) LIMIT 1   [ RunTime:0.0006s ]
SQL: SELECT * FROM `yzx_oaclasses` WHERE ( id=1 ) LIMIT 1   [ RunTime:0.0004s ]
SQL: SELECT * FROM `yzx_master` WHERE ( id=7 ) LIMIT 1   [ RunTime:0.0004s ]
SQL: SELECT * FROM `yzx_oasystem` WHERE ( id=3 ) LIMIT 1   [ RunTime:0.0005s ]
SQL: SELECT * FROM `yzx_oaclasses` WHERE ( id=10 ) LIMIT 1   [ RunTime:0.0004s ]
SQL: SELECT * FROM `yzx_master` WHERE ( id=7 ) LIMIT 1   [ RunTime:0.0004s ]
SQL: SELECT * FROM `yzx_oasystem` WHERE ( id=2 ) LIMIT 1   [ RunTime:0.0005s ]
SQL: SELECT * FROM `yzx_oaclasses` WHERE ( id=9 ) LIMIT 1   [ RunTime:0.0004s ]
SQL: SELECT * FROM `yzx_master` WHERE ( id=7 ) LIMIT 1   [ RunTime:0.0004s ]
SQL: SELECT * FROM `yzx_oaclasses`  [ RunTime:0.0004s ]
INFO: [ view_parse ] --START--
INFO: [ template_filter ] --START--
INFO: Run Behavior\ContentReplaceBehavior [ RunTime:0.000138s ]
INFO: [ template_filter ] --END-- [ RunTime:0.000222s ]
NOTIC: [8] Undefined variable: cname D:\phpStudy\PHPTutorial\WWW\bysystem\Application\Runtime\Cache\Admin\5269c7fd6e9bdb47acfb3239d9e7c82c.php 第 160 行.
NOTIC: [8] Undefined variable: cname D:\phpStudy\PHPTutorial\WWW\bysystem\Application\Runtime\Cache\Admin\5269c7fd6e9bdb47acfb3239d9e7c82c.php 第 160 行.
NOTIC: [8] Undefined variable: cname D:\phpStudy\PHPTutorial\WWW\bysystem\Application\Runtime\Cache\Admin\5269c7fd6e9bdb47acfb3239d9e7c82c.php 第 160 行.
NOTIC: [8] Undefined variable: cname D:\phpStudy\PHPTutorial\WWW\bysystem\Application\Runtime\Cache\Admin\5269c7fd6e9bdb47acfb3239d9e7c82c.php 第 160 行.
NOTIC: [8] Undefined variable: cname D:\phpStudy\PHPTutorial\WWW\bysystem\Application\Runtime\Cache\Admin\5269c7fd6e9bdb47acfb3239d9e7c82c.php 第 160 行.
INFO: Run Behavior\ParseTemplateBehavior [ RunTime:0.020575s ]
INFO: [ view_parse ] --END-- [ RunTime:0.020663s ]
INFO: [ view_filter ] --START--
INFO: Run Behavior\WriteHtmlCacheBehavior [ RunTime:0.000912s ]
INFO: [ view_filter ] --END-- [ RunTime:0.000984s ]
INFO: [ app_end ] --START--
INFO: Run Behavior\ShowPageTraceBehavior [ RunTime:0.003948s ]
INFO: [ app_end ] --END-- [ RunTime:0.004061s ]

[ 2019-12-31T10:50:56+08:00 ] ::1 /bysystem/Public/index/js/layer.js
INFO: [ app_init ] --START--
INFO: Run Behavior\BuildLiteBehavior [ RunTime:0.000025s ]
INFO: [ app_init ] --END-- [ RunTime:0.000843s ]
INFO: [ app_begin ] --START--
INFO: Run Behavior\ReadHtmlCacheBehavior [ RunTime:0.001086s ]
INFO: [ app_begin ] --END-- [ RunTime:0.001154s ]
ERR: 无法加载控制器:Public

[ 2019-12-31T10:50:56+08:00 ] ::1 /bysystem/index.php/Oa/checkNotify.html
INFO: [ app_init ] --START--
INFO: Run Behavior\BuildLiteBehavior [ RunTime:0.000018s ]
INFO: [ app_init ] --END-- [ RunTime:0.000668s ]
INFO: [ app_begin ] --START--
INFO: Run Behavior\ReadHtmlCacheBehavior [ RunTime:0.001099s ]
INFO: [ app_begin ] --END-- [ RunTime:0.001213s ]
SQL: SHOW COLUMNS FROM `yzx_oasystem` [ RunTime:0.0157s ]
SQL: SELECT * FROM `yzx_oasystem` WHERE `oasystem_noticestate` = 0 ORDER BY id desc  [ RunTime:0.0007s ]
SQL: SHOW COLUMNS FROM `yzx_notice` [ RunTime:0.0095s ]
SQL: SELECT * FROM `yzx_notice` WHERE `oasystem_id` = 50 AND `master_checkuser` = 7  [ RunTime:0.0004s ]
SQL: SELECT * FROM `yzx_notice` WHERE `oasystem_id` = 49 AND `master_checkuser` = 7  [ RunTime:0.0004s ]
SQL: SELECT * FROM `yzx_notice` WHERE `oasystem_id` = 11 AND `master_checkuser` = 7  [ RunTime:0.0003s ]
SQL: SELECT * FROM `yzx_notice` WHERE `oasystem_id` = 5 AND `master_checkuser` = 7  [ RunTime:0.0003s ]
SQL: SELECT * FROM `yzx_notice` WHERE `oasystem_id` = 3 AND `master_checkuser` = 7  [ RunTime:0.0005s ]
SQL: SELECT * FROM `yzx_notice` WHERE `oasystem_id` = 2 AND `master_checkuser` = 7  [ RunTime:0.0006s ]
NOTIC: [8] Undefined variable: id D:\phpStudy\PHPTutorial\WWW\bysystem\Application\Admin\Controller\OaController.class.php 第 895 行.
NOTIC: [2] implode(): Invalid arguments passed D:\phpStudy\PHPTutorial\WWW\bysystem\Application\Admin\Controller\OaController.class.php 第 895 行.
NOTIC: [8] Undefined variable: id D:\phpStudy\PHPTutorial\WWW\bysystem\Application\Admin\Controller\OaController.class.php 第 897 行.

[ 2019-12-31T10:50:58+08:00 ] ::1 /bysystem/index.php/Index/index.html
INFO: [ app_init ] --START--
INFO: Run Behavior\BuildLiteBehavior [ RunTime:0.000028s ]
INFO: [ app_init ] --END-- [ RunTime:0.000979s ]
INFO: [ app_begin ] --START--
INFO: Run Behavior\ReadHtmlCacheBehavior [ RunTime:0.001889s ]
INFO: [ app_begin ] --END-- [ RunTime:0.002165s ]
SQL: SHOW COLUMNS FROM `yzx_rule` [ RunTime:0.0140s ]
SQL: SELECT * FROM `yzx_rule` ORDER BY id is null,id  [ RunTime:0.0022s ]
SQL: SHOW COLUMNS FROM `yzx_access` [ RunTime:0.0102s ]
SQL: SELECT `uid`,`group_id`,`title`,`rules` FROM yzx_access a INNER JOIN yzx_group g on a.group_id=g.id  WHERE ( a.uid='7' and g.status='1' )  [ RunTime:0.0008s ]
SQL: SHOW COLUMNS FROM `yzx_rule` [ RunTime:0.0097s ]
SQL: SELECT `condition`,`name` FROM `yzx_rule` WHERE `id` IN ('1','14','22','23','24','25','26','15','27','28','29','30','31','32','16','33','34','35','2','18','36','37','38','40','60','19','41','42','43','44','46','20','47','48','49','50','51','21','52','53','54','55','56','3','70','4','115','117','118','119','120','121','116','122','123','124','125','126','127','128','137','138','140','129','130','131','132','133','134','135','136','61','62','65','66','67','68','69','63','71','72','73','74','75','64','76','77','78','79','80','81','82','83','84','86','87','88','89','90','85','91','92','93','94','95','96','97','100','101','102','103','104','98','110','111','112','113','114','99','105','106','107','108','109') AND `type` = 1 AND `status` = 1  [ RunTime:0.0012s ]
INFO: [ view_parse ] --START--
INFO: [ template_filter ] --START--
INFO: Run Behavior\ContentReplaceBehavior [ RunTime:0.000051s ]
INFO: [ template_filter ] --END-- [ RunTime:0.000110s ]
INFO: Run Behavior\ParseTemplateBehavior [ RunTime:0.014023s ]
INFO: [ view_parse ] --END-- [ RunTime:0.014125s ]
INFO: [ view_filter ] --START--
INFO: Run Behavior\WriteHtmlCacheBehavior [ RunTime:0.000742s ]
INFO: [ view_filter ] --END-- [ RunTime:0.000794s ]
INFO: [ app_end ] --START--
INFO: Run Behavior\ShowPageTraceBehavior [ RunTime:0.001494s ]
INFO: [ app_end ] --END-- [ RunTime:0.001562s ]

[ 2019-12-31T10:50:58+08:00 ] ::1 /bysystem/index.php/index/welcome.html
INFO: [ app_init ] --START--
INFO: Run Behavior\BuildLiteBehavior [ RunTime:0.000030s ]
INFO: [ app_init ] --END-- [ RunTime:0.000998s ]
INFO: [ app_begin ] --START--
INFO: Run Behavior\ReadHtmlCacheBehavior [ RunTime:0.002539s ]
INFO: [ app_begin ] --END-- [ RunTime:0.002717s ]
INFO: [ view_parse ] --START--
INFO: [ template_filter ] --START--
INFO: Run Behavior\ContentReplaceBehavior [ RunTime:0.000114s ]
INFO: [ template_filter ] --END-- [ RunTime:0.000239s ]
INFO: Run Behavior\ParseTemplateBehavior [ RunTime:0.011999s ]
INFO: [ view_parse ] --END-- [ RunTime:0.012076s ]
INFO: [ view_filter ] --START--
INFO: Run Behavior\WriteHtmlCacheBehavior [ RunTime:0.000622s ]
INFO: [ view_filter ] --END-- [ RunTime:0.000674s ]
INFO: [ app_end ] --START--
INFO: Run Behavior\ShowPageTraceBehavior [ RunTime:0.002983s ]
INFO: [ app_end ] --END-- [ RunTime:0.003050s ]

[ 2019-12-31T10:50:58+08:00 ] ::1 /bysystem/Public/index/js/layer.js
INFO: [ app_init ] --START--
INFO: Run Behavior\BuildLiteBehavior [ RunTime:0.000025s ]
INFO: [ app_init ] --END-- [ RunTime:0.000858s ]
INFO: [ app_begin ] --START--
INFO: Run Behavior\ReadHtmlCacheBehavior [ RunTime:0.001729s ]
INFO: [ app_begin ] --END-- [ RunTime:0.001848s ]
ERR: 无法加载控制器:Public

[ 2019-12-31T10:50:58+08:00 ] ::1 /bysystem/index.php/Oa/checkNotify.html
INFO: [ app_init ] --START--
INFO: Run Behavior\BuildLiteBehavior [ RunTime:0.000016s ]
INFO: [ app_init ] --END-- [ RunTime:0.000540s ]
INFO: [ app_begin ] --START--
INFO: Run Behavior\ReadHtmlCacheBehavior [ RunTime:0.000917s ]
INFO: [ app_begin ] --END-- [ RunTime:0.000990s ]
SQL: SHOW COLUMNS FROM `yzx_oasystem` [ RunTime:0.0173s ]
SQL: SELECT * FROM `yzx_oasystem` WHERE `oasystem_noticestate` = 0 ORDER BY id desc  [ RunTime:0.0012s ]
SQL: SHOW COLUMNS FROM `yzx_notice` [ RunTime:0.0104s ]
SQL: SELECT * FROM `yzx_notice` WHERE `oasystem_id` = 50 AND `master_checkuser` = 7  [ RunTime:0.0005s ]
SQL: SELECT * FROM `yzx_notice` WHERE `oasystem_id` = 49 AND `master_checkuser` = 7  [ RunTime:0.0004s ]
SQL: SELECT * FROM `yzx_notice` WHERE `oasystem_id` = 11 AND `master_checkuser` = 7  [ RunTime:0.0004s ]
SQL: SELECT * FROM `yzx_notice` WHERE `oasystem_id` = 5 AND `master_checkuser` = 7  [ RunTime:0.0006s ]
SQL: SELECT * FROM `yzx_notice` WHERE `oasystem_id` = 3 AND `master_checkuser` = 7  [ RunTime:0.0008s ]
SQL: SELECT * FROM `yzx_notice` WHERE `oasystem_id` = 2 AND `master_checkuser` = 7  [ RunTime:0.0006s ]
NOTIC: [8] Undefined variable: id D:\phpStudy\PHPTutorial\WWW\bysystem\Application\Admin\Controller\OaController.class.php 第 895 行.
NOTIC: [2] implode(): Invalid arguments passed D:\phpStudy\PHPTutorial\WWW\bysystem\Application\Admin\Controller\OaController.class.php 第 895 行.
NOTIC: [8] Undefined variable: id D:\phpStudy\PHPTutorial\WWW\bysystem\Application\Admin\Controller\OaController.class.php 第 897 行.

[ 2019-12-31T10:51:04+08:00 ] ::1 /bysystem/index.php/Oa/historynoticlist.html
INFO: [ app_init ] --START--
INFO: Run Behavior\BuildLiteBehavior [ RunTime:0.000021s ]
INFO: [ app_init ] --END-- [ RunTime:0.001001s ]
INFO: [ app_begin ] --START--
INFO: Run Behavior\ReadHtmlCacheBehavior [ RunTime:0.001642s ]
INFO: [ app_begin ] --END-- [ RunTime:0.001758s ]
SQL: SHOW COLUMNS FROM `yzx_access` [ RunTime:0.0661s ]
SQL: SELECT `uid`,`group_id`,`title`,`rules` FROM yzx_access a INNER JOIN yzx_group g on a.group_id=g.id  WHERE ( a.uid='7' and g.status='1' )  [ RunTime:0.0008s ]
SQL: SHOW COLUMNS FROM `yzx_rule` [ RunTime:0.0100s ]
SQL: SELECT `condition`,`name` FROM `yzx_rule` WHERE `id` IN ('1','14','22','23','24','25','26','15','27','28','29','30','31','32','16','33','34','35','2','18','36','37','38','40','60','19','41','42','43','44','46','20','47','48','49','50','51','21','52','53','54','55','56','3','70','4','115','117','118','119','120','121','116','122','123','124','125','126','127','128','137','138','140','129','130','131','132','133','134','135','136','61','62','65','66','67','68','69','63','71','72','73','74','75','64','76','77','78','79','80','81','82','83','84','86','87','88','89','90','85','91','92','93','94','95','96','97','100','101','102','103','104','98','110','111','112','113','114','99','105','106','107','108','109') AND `type` = 1 AND `status` = 1  [ RunTime:0.0014s ]
SQL: SHOW COLUMNS FROM `yzx_notice` [ RunTime:0.0103s ]
SQL: SELECT COUNT(*) AS tp_count FROM `yzx_notice` LIMIT 1   [ RunTime:0.0004s ]
SQL: SELECT * FROM `yzx_notice` ORDER BY id desc LIMIT 0,20   [ RunTime:0.0006s ]
SQL: SHOW COLUMNS FROM `yzx_oasystem` [ RunTime:0.0117s ]
SQL: SELECT * FROM `yzx_oasystem` WHERE ( id=5 ) LIMIT 1   [ RunTime:0.0006s ]
SQL: SHOW COLUMNS FROM `yzx_oaclasses` [ RunTime:0.0101s ]
SQL: SELECT * FROM `yzx_oaclasses` WHERE ( id=9 ) LIMIT 1   [ RunTime:0.0005s ]
SQL: SHOW COLUMNS FROM `yzx_master` [ RunTime:0.0102s ]
SQL: SELECT * FROM `yzx_master` WHERE ( id=7 ) LIMIT 1   [ RunTime:0.0005s ]
SQL: SELECT * FROM `yzx_oasystem` WHERE ( id=11 ) LIMIT 1   [ RunTime:0.0004s ]
SQL: SELECT * FROM `yzx_oaclasses` WHERE ( id=1 ) LIMIT 1   [ RunTime:0.0004s ]
SQL: SELECT * FROM `yzx_master` WHERE ( id=7 ) LIMIT 1   [ RunTime:0.0004s ]
SQL: SELECT * FROM `yzx_oasystem` WHERE ( id=49 ) LIMIT 1   [ RunTime:0.0004s ]
SQL: SELECT * FROM `yzx_oaclasses` WHERE ( id=1 ) LIMIT 1   [ RunTime:0.0004s ]
SQL: SELECT * FROM `yzx_master` WHERE ( id=7 ) LIMIT 1   [ RunTime:0.0004s ]
SQL: SELECT * FROM `yzx_oasystem` WHERE ( id=50 ) LIMIT 1   [ RunTime:0.0004s ]
SQL: SELECT * FROM `yzx_oaclasses` WHERE ( id=1 ) LIMIT 1   [ RunTime:0.0004s ]
SQL: SELECT * FROM `yzx_master` WHERE ( id=7 ) LIMIT 1   [ RunTime:0.0004s ]
SQL: SELECT * FROM `yzx_oasystem` WHERE ( id=3 ) LIMIT 1   [ RunTime:0.0004s ]
SQL: SELECT * FROM `yzx_oaclasses` WHERE ( id=10 ) LIMIT 1   [ RunTime:0.0005s ]
SQL: SELECT * FROM `yzx_master` WHERE ( id=7 ) LIMIT 1   [ RunTime:0.0004s ]
SQL: SELECT * FROM `yzx_oasystem` WHERE ( id=2 ) LIMIT 1   [ RunTime:0.0006s ]
SQL: SELECT * FROM `yzx_oaclasses` WHERE ( id=9 ) LIMIT 1   [ RunTime:0.0005s ]
SQL: SELECT * FROM `yzx_master` WHERE ( id=7 ) LIMIT 1   [ RunTime:0.0004s ]
SQL: SELECT * FROM `yzx_oaclasses`  [ RunTime:0.0005s ]
INFO: [ view_parse ] --START--
INFO: [ template_filter ] --START--
INFO: Run Behavior\ContentReplaceBehavior [ RunTime:0.000144s ]
INFO: [ template_filter ] --END-- [ RunTime:0.000227s ]
NOTIC: [8] Undefined variable: cname D:\phpStudy\PHPTutorial\WWW\bysystem\Application\Runtime\Cache\Admin\5269c7fd6e9bdb47acfb3239d9e7c82c.php 第 160 行.
NOTIC: [8] Undefined variable: cname D:\phpStudy\PHPTutorial\WWW\bysystem\Application\Runtime\Cache\Admin\5269c7fd6e9bdb47acfb3239d9e7c82c.php 第 160 行.
NOTIC: [8] Undefined variable: cname D:\phpStudy\PHPTutorial\WWW\bysystem\Application\Runtime\Cache\Admin\5269c7fd6e9bdb47acfb3239d9e7c82c.php 第 160 行.
NOTIC: [8] Undefined variable: cname D:\phpStudy\PHPTutorial\WWW\bysystem\Application\Runtime\Cache\Admin\5269c7fd6e9bdb47acfb3239d9e7c82c.php 第 160 行.
NOTIC: [8] Undefined variable: cname D:\phpStudy\PHPTutorial\WWW\bysystem\Application\Runtime\Cache\Admin\5269c7fd6e9bdb47acfb3239d9e7c82c.php 第 160 行.
INFO: Run Behavior\ParseTemplateBehavior [ RunTime:0.023693s ]
INFO: [ view_parse ] --END-- [ RunTime:0.023819s ]
INFO: [ view_filter ] --START--
INFO: Run Behavior\WriteHtmlCacheBehavior [ RunTime:0.001175s ]
INFO: [ view_filter ] --END-- [ RunTime:0.001295s ]
INFO: [ app_end ] --START--
INFO: Run Behavior\ShowPageTraceBehavior [ RunTime:0.005557s ]
INFO: [ app_end ] --END-- [ RunTime:0.005669s ]

[ 2019-12-31T10:51:04+08:00 ] ::1 /bysystem/Public/index/js/layer.js
INFO: [ app_init ] --START--
INFO: Run Behavior\BuildLiteBehavior [ RunTime:0.000026s ]
INFO: [ app_init ] --END-- [ RunTime:0.000908s ]
INFO: [ app_begin ] --START--
INFO: Run Behavior\ReadHtmlCacheBehavior [ RunTime:0.001327s ]
INFO: [ app_begin ] --END-- [ RunTime:0.001418s ]
ERR: 无法加载控制器:Public

[ 2019-12-31T10:51:04+08:00 ] ::1 /bysystem/index.php/Oa/checkNotify.html
INFO: [ app_init ] --START--
INFO: Run Behavior\BuildLiteBehavior [ RunTime:0.000028s ]
INFO: [ app_init ] --END-- [ RunTime:0.000914s ]
INFO: [ app_begin ] --START--
INFO: Run Behavior\ReadHtmlCacheBehavior [ RunTime:0.001459s ]
INFO: [ app_begin ] --END-- [ RunTime:0.001543s ]
SQL: SHOW COLUMNS FROM `yzx_oasystem` [ RunTime:0.0169s ]
SQL: SELECT * FROM `yzx_oasystem` WHERE `oasystem_noticestate` = 0 ORDER BY id desc  [ RunTime:0.0006s ]
SQL: SHOW COLUMNS FROM `yzx_notice` [ RunTime:0.0109s ]
SQL: SELECT * FROM `yzx_notice` WHERE `oasystem_id` = 50 AND `master_checkuser` = 7  [ RunTime:0.0005s ]
SQL: SELECT * FROM `yzx_notice` WHERE `oasystem_id` = 49 AND `master_checkuser` = 7  [ RunTime:0.0004s ]
SQL: SELECT * FROM `yzx_notice` WHERE `oasystem_id` = 11 AND `master_checkuser` = 7  [ RunTime:0.0004s ]
SQL: SELECT * FROM `yzx_notice` WHERE `oasystem_id` = 5 AND `master_checkuser` = 7  [ RunTime:0.0004s ]
SQL: SELECT * FROM `yzx_notice` WHERE `oasystem_id` = 3 AND `master_checkuser` = 7  [ RunTime:0.0005s ]
SQL: SELECT * FROM `yzx_notice` WHERE `oasystem_id` = 2 AND `master_checkuser` = 7  [ RunTime:0.0005s ]
NOTIC: [8] Undefined variable: id D:\phpStudy\PHPTutorial\WWW\bysystem\Application\Admin\Controller\OaController.class.php 第 895 行.
NOTIC: [2] implode(): Invalid arguments passed D:\phpStudy\PHPTutorial\WWW\bysystem\Application\Admin\Controller\OaController.class.php 第 895 行.
NOTIC: [8] Undefined variable: id D:\phpStudy\PHPTutorial\WWW\bysystem\Application\Admin\Controller\OaController.class.php 第 897 行.

[ 2019-12-31T10:54:43+08:00 ] ::1 /bysystem/index.php/Index/index.html
INFO: [ app_init ] --START--
INFO: Run Behavior\BuildLiteBehavior [ RunTime:0.000018s ]
INFO: [ app_init ] --END-- [ RunTime:0.000821s ]
INFO: [ app_begin ] --START--
INFO: Run Behavior\ReadHtmlCacheBehavior [ RunTime:0.001224s ]
INFO: [ app_begin ] --END-- [ RunTime:0.001281s ]
SQL: SHOW COLUMNS FROM `yzx_rule` [ RunTime:0.0158s ]
SQL: SELECT * FROM `yzx_rule` ORDER BY id is null,id  [ RunTime:0.0015s ]
SQL: SHOW COLUMNS FROM `yzx_access` [ RunTime:0.0077s ]
SQL: SELECT `uid`,`group_id`,`title`,`rules` FROM yzx_access a INNER JOIN yzx_group g on a.group_id=g.id  WHERE ( a.uid='7' and g.status='1' )  [ RunTime:0.0007s ]
SQL: SHOW COLUMNS FROM `yzx_rule` [ RunTime:0.0084s ]
SQL: SELECT `condition`,`name` FROM `yzx_rule` WHERE `id` IN ('1','14','22','23','24','25','26','15','27','28','29','30','31','32','16','33','34','35','2','18','36','37','38','40','60','19','41','42','43','44','46','20','47','48','49','50','51','21','52','53','54','55','56','3','70','4','115','117','118','119','120','121','116','122','123','124','125','126','127','128','137','138','140','129','130','131','132','133','134','135','136','61','62','65','66','67','68','69','63','71','72','73','74','75','64','76','77','78','79','80','81','82','83','84','86','87','88','89','90','85','91','92','93','94','95','96','97','100','101','102','103','104','98','110','111','112','113','114','99','105','106','107','108','109') AND `type` = 1 AND `status` = 1  [ RunTime:0.0010s ]
INFO: [ view_parse ] --START--
INFO: [ template_filter ] --START--
INFO: Run Behavior\ContentReplaceBehavior [ RunTime:0.000061s ]
INFO: [ template_filter ] --END-- [ RunTime:0.000160s ]
INFO: Run Behavior\ParseTemplateBehavior [ RunTime:0.018048s ]
INFO: [ view_parse ] --END-- [ RunTime:0.018131s ]
INFO: [ view_filter ] --START--
INFO: Run Behavior\WriteHtmlCacheBehavior [ RunTime:0.001381s ]
INFO: [ view_filter ] --END-- [ RunTime:0.001434s ]
INFO: [ app_end ] --START--
INFO: Run Behavior\ShowPageTraceBehavior [ RunTime:0.001761s ]
INFO: [ app_end ] --END-- [ RunTime:0.001816s ]

[ 2019-12-31T10:54:43+08:00 ] ::1 /bysystem/index.php/index/welcome.html
INFO: [ app_init ] --START--
INFO: Run Behavior\BuildLiteBehavior [ RunTime:0.000028s ]
INFO: [ app_init ] --END-- [ RunTime:0.000843s ]
INFO: [ app_begin ] --START--
INFO: Run Behavior\ReadHtmlCacheBehavior [ RunTime:0.001243s ]
INFO: [ app_begin ] --END-- [ RunTime:0.001333s ]
INFO: [ view_parse ] --START--
INFO: [ template_filter ] --START--
INFO: Run Behavior\ContentReplaceBehavior [ RunTime:0.000076s ]
INFO: [ template_filter ] --END-- [ RunTime:0.000143s ]
INFO: Run Behavior\ParseTemplateBehavior [ RunTime:0.018301s ]
INFO: [ view_parse ] --END-- [ RunTime:0.018369s ]
INFO: [ view_filter ] --START--
INFO: Run Behavior\WriteHtmlCacheBehavior [ RunTime:0.001830s ]
INFO: [ view_filter ] --END-- [ RunTime:0.001911s ]
INFO: [ app_end ] --START--
INFO: Run Behavior\ShowPageTraceBehavior [ RunTime:0.003293s ]
INFO: [ app_end ] --END-- [ RunTime:0.003390s ]

[ 2019-12-31T10:54:43+08:00 ] ::1 /bysystem/Public/index/js/layer.js
INFO: [ app_init ] --START--
INFO: Run Behavior\BuildLiteBehavior [ RunTime:0.000025s ]
INFO: [ app_init ] --END-- [ RunTime:0.000769s ]
INFO: [ app_begin ] --START--
INFO: Run Behavior\ReadHtmlCacheBehavior [ RunTime:0.001262s ]
INFO: [ app_begin ] --END-- [ RunTime:0.001373s ]
ERR: 无法加载控制器:Public

[ 2019-12-31T10:54:43+08:00 ] ::1 /bysystem/index.php/Oa/checkNotify.html
INFO: [ app_init ] --START--
INFO: Run Behavior\BuildLiteBehavior [ RunTime:0.000016s ]
INFO: [ app_init ] --END-- [ RunTime:0.000563s ]
INFO: [ app_begin ] --START--
INFO: Run Behavior\ReadHtmlCacheBehavior [ RunTime:0.002281s ]
INFO: [ app_begin ] --END-- [ RunTime:0.002704s ]
SQL: SHOW COLUMNS FROM `yzx_oasystem` [ RunTime:0.0139s ]
SQL: SELECT * FROM `yzx_oasystem` WHERE `oasystem_noticestate` = 0 ORDER BY id desc  [ RunTime:0.0005s ]
SQL: SHOW COLUMNS FROM `yzx_notice` [ RunTime:0.0064s ]
SQL: SELECT * FROM `yzx_notice` WHERE `oasystem_id` = 50 AND `master_checkuser` = 7  [ RunTime:0.0003s ]
SQL: SELECT * FROM `yzx_notice` WHERE `oasystem_id` = 49 AND `master_checkuser` = 7  [ RunTime:0.0003s ]
SQL: SELECT * FROM `yzx_notice` WHERE `oasystem_id` = 11 AND `master_checkuser` = 7  [ RunTime:0.0004s ]
SQL: SELECT * FROM `yzx_notice` WHERE `oasystem_id` = 5 AND `master_checkuser` = 7  [ RunTime:0.0003s ]
SQL: SELECT * FROM `yzx_notice` WHERE `oasystem_id` = 3 AND `master_checkuser` = 7  [ RunTime:0.0003s ]
SQL: SELECT * FROM `yzx_notice` WHERE `oasystem_id` = 2 AND `master_checkuser` = 7  [ RunTime:0.0003s ]
NOTIC: [8] Undefined variable: id D:\phpStudy\PHPTutorial\WWW\bysystem\Application\Admin\Controller\OaController.class.php 第 895 行.
NOTIC: [2] implode(): Invalid arguments passed D:\phpStudy\PHPTutorial\WWW\bysystem\Application\Admin\Controller\OaController.class.php 第 895 行.
NOTIC: [8] Undefined variable: id D:\phpStudy\PHPTutorial\WWW\bysystem\Application\Admin\Controller\OaController.class.php 第 897 行.

[ 2019-12-31T10:56:46+08:00 ] ::1 /bysystem/index.php/Oa/historynoticlist.html
INFO: [ app_init ] --START--
INFO: Run Behavior\BuildLiteBehavior [ RunTime:0.000027s ]
INFO: [ app_init ] --END-- [ RunTime:0.001158s ]
INFO: [ app_begin ] --START--
INFO: Run Behavior\ReadHtmlCacheBehavior [ RunTime:0.001821s ]
INFO: [ app_begin ] --END-- [ RunTime:0.001903s ]
SQL: SHOW COLUMNS FROM `yzx_access` [ RunTime:0.0125s ]
SQL: SELECT `uid`,`group_id`,`title`,`rules` FROM yzx_access a INNER JOIN yzx_group g on a.group_id=g.id  WHERE ( a.uid='7' and g.status='1' )  [ RunTime:0.0006s ]
SQL: SHOW COLUMNS FROM `yzx_rule` [ RunTime:0.0104s ]
SQL: SELECT `condition`,`name` FROM `yzx_rule` WHERE `id` IN ('1','14','22','23','24','25','26','15','27','28','29','30','31','32','16','33','34','35','2','18','36','37','38','40','60','19','41','42','43','44','46','20','47','48','49','50','51','21','52','53','54','55','56','3','70','4','115','117','118','119','120','121','116','122','123','124','125','126','127','128','137','138','140','129','130','131','132','133','134','135','136','61','62','65','66','67','68','69','63','71','72','73','74','75','64','76','77','78','79','80','81','82','83','84','86','87','88','89','90','85','91','92','93','94','95','96','97','100','101','102','103','104','98','110','111','112','113','114','99','105','106','107','108','109') AND `type` = 1 AND `status` = 1  [ RunTime:0.0012s ]
SQL: SHOW COLUMNS FROM `yzx_notice` [ RunTime:0.0101s ]
SQL: SELECT COUNT(*) AS tp_count FROM `yzx_notice` LIMIT 1   [ RunTime:0.0005s ]
SQL: SELECT * FROM `yzx_notice` ORDER BY id desc LIMIT 0,20   [ RunTime:0.0006s ]
SQL: SHOW COLUMNS FROM `yzx_oasystem` [ RunTime:0.0100s ]
SQL: SELECT * FROM `yzx_oasystem` WHERE ( id=5 ) LIMIT 1   [ RunTime:0.0006s ]
SQL: SHOW COLUMNS FROM `yzx_oaclasses` [ RunTime:0.0092s ]
SQL: SELECT * FROM `yzx_oaclasses` WHERE ( id=9 ) LIMIT 1   [ RunTime:0.0005s ]
SQL: SHOW COLUMNS FROM `yzx_master` [ RunTime:0.0101s ]
SQL: SELECT * FROM `yzx_master` WHERE ( id=7 ) LIMIT 1   [ RunTime:0.0005s ]
SQL: SELECT * FROM `yzx_oasystem` WHERE ( id=11 ) LIMIT 1   [ RunTime:0.0004s ]
SQL: SELECT * FROM `yzx_oaclasses` WHERE ( id=1 ) LIMIT 1   [ RunTime:0.0004s ]
SQL: SELECT * FROM `yzx_master` WHERE ( id=7 ) LIMIT 1   [ RunTime:0.0004s ]
SQL: SELECT * FROM `yzx_oasystem` WHERE ( id=49 ) LIMIT 1   [ RunTime:0.0004s ]
SQL: SELECT * FROM `yzx_oaclasses` WHERE ( id=1 ) LIMIT 1   [ RunTime:0.0004s ]
SQL: SELECT * FROM `yzx_master` WHERE ( id=7 ) LIMIT 1   [ RunTime:0.0004s ]
SQL: SELECT * FROM `yzx_oasystem` WHERE ( id=50 ) LIMIT 1   [ RunTime:0.0004s ]
SQL: SELECT * FROM `yzx_oaclasses` WHERE ( id=1 ) LIMIT 1   [ RunTime:0.0004s ]
SQL: SELECT * FROM `yzx_master` WHERE ( id=7 ) LIMIT 1   [ RunTime:0.0004s ]
SQL: SELECT * FROM `yzx_oasystem` WHERE ( id=3 ) LIMIT 1   [ RunTime:0.0005s ]
SQL: SELECT * FROM `yzx_oaclasses` WHERE ( id=10 ) LIMIT 1   [ RunTime:0.0004s ]
SQL: SELECT * FROM `yzx_master` WHERE ( id=7 ) LIMIT 1   [ RunTime:0.0004s ]
SQL: SELECT * FROM `yzx_oasystem` WHERE ( id=2 ) LIMIT 1   [ RunTime:0.0005s ]
SQL: SELECT * FROM `yzx_oaclasses` WHERE ( id=9 ) LIMIT 1   [ RunTime:0.0005s ]
SQL: SELECT * FROM `yzx_master` WHERE ( id=7 ) LIMIT 1   [ RunTime:0.0004s ]
SQL: SELECT * FROM `yzx_oaclasses`  [ RunTime:0.0004s ]
INFO: [ view_parse ] --START--
INFO: [ template_filter ] --START--
INFO: Run Behavior\ContentReplaceBehavior [ RunTime:0.000136s ]
INFO: [ template_filter ] --END-- [ RunTime:0.000217s ]
NOTIC: [8] Undefined variable: cname D:\phpStudy\PHPTutorial\WWW\bysystem\Application\Runtime\Cache\Admin\5269c7fd6e9bdb47acfb3239d9e7c82c.php 第 160 行.
NOTIC: [8] Undefined variable: cname D:\phpStudy\PHPTutorial\WWW\bysystem\Application\Runtime\Cache\Admin\5269c7fd6e9bdb47acfb3239d9e7c82c.php 第 160 行.
NOTIC: [8] Undefined variable: cname D:\phpStudy\PHPTutorial\WWW\bysystem\Application\Runtime\Cache\Admin\5269c7fd6e9bdb47acfb3239d9e7c82c.php 第 160 行.
NOTIC: [8] Undefined variable: cname D:\phpStudy\PHPTutorial\WWW\bysystem\Application\Runtime\Cache\Admin\5269c7fd6e9bdb47acfb3239d9e7c82c.php 第 160 行.
NOTIC: [8] Undefined variable: cname D:\phpStudy\PHPTutorial\WWW\bysystem\Application\Runtime\Cache\Admin\5269c7fd6e9bdb47acfb3239d9e7c82c.php 第 160 行.
INFO: Run Behavior\ParseTemplateBehavior [ RunTime:0.022793s ]
INFO: [ view_parse ] --END-- [ RunTime:0.022880s ]
INFO: [ view_filter ] --START--
INFO: Run Behavior\WriteHtmlCacheBehavior [ RunTime:0.001328s ]
INFO: [ view_filter ] --END-- [ RunTime:0.001393s ]
INFO: [ app_end ] --START--
INFO: Run Behavior\ShowPageTraceBehavior [ RunTime:0.002938s ]
INFO: [ app_end ] --END-- [ RunTime:0.003035s ]

[ 2019-12-31T10:56:46+08:00 ] ::1 /bysystem/Public/index/js/layer.js
INFO: [ app_init ] --START--
INFO: Run Behavior\BuildLiteBehavior [ RunTime:0.000016s ]
INFO: [ app_init ] --END-- [ RunTime:0.000517s ]
INFO: [ app_begin ] --START--
INFO: Run Behavior\ReadHtmlCacheBehavior [ RunTime:0.001314s ]
INFO: [ app_begin ] --END-- [ RunTime:0.001413s ]
ERR: 无法加载控制器:Public

[ 2019-12-31T10:56:46+08:00 ] ::1 /bysystem/index.php/Oa/checkNotify.html
INFO: [ app_init ] --START--
INFO: Run Behavior\BuildLiteBehavior [ RunTime:0.000024s ]
INFO: [ app_init ] --END-- [ RunTime:0.000842s ]
INFO: [ app_begin ] --START--
INFO: Run Behavior\ReadHtmlCacheBehavior [ RunTime:0.001299s ]
INFO: [ app_begin ] --END-- [ RunTime:0.001383s ]
SQL: SHOW COLUMNS FROM `yzx_oasystem` [ RunTime:0.0173s ]
SQL: SELECT * FROM `yzx_oasystem` WHERE `oasystem_noticestate` = 0 ORDER BY id desc  [ RunTime:0.0008s ]
SQL: SHOW COLUMNS FROM `yzx_notice` [ RunTime:0.0099s ]
SQL: SELECT * FROM `yzx_notice` WHERE `oasystem_id` = 50 AND `master_checkuser` = 7  [ RunTime:0.0006s ]
SQL: SELECT * FROM `yzx_notice` WHERE `oasystem_id` = 49 AND `master_checkuser` = 7  [ RunTime:0.0005s ]
SQL: SELECT * FROM `yzx_notice` WHERE `oasystem_id` = 11 AND `master_checkuser` = 7  [ RunTime:0.0005s ]
SQL: SELECT * FROM `yzx_notice` WHERE `oasystem_id` = 5 AND `master_checkuser` = 7  [ RunTime:0.0005s ]
SQL: SELECT * FROM `yzx_notice` WHERE `oasystem_id` = 3 AND `master_checkuser` = 7  [ RunTime:0.0005s ]
SQL: SELECT * FROM `yzx_notice` WHERE `oasystem_id` = 2 AND `master_checkuser` = 7  [ RunTime:0.0004s ]
NOTIC: [8] Undefined variable: id D:\phpStudy\PHPTutorial\WWW\bysystem\Application\Admin\Controller\OaController.class.php 第 895 行.
NOTIC: [2] implode(): Invalid arguments passed D:\phpStudy\PHPTutorial\WWW\bysystem\Application\Admin\Controller\OaController.class.php 第 895 行.
NOTIC: [8] Undefined variable: id D:\phpStudy\PHPTutorial\WWW\bysystem\Application\Admin\Controller\OaController.class.php 第 897 行.

[ 2019-12-31T11:18:37+08:00 ] ::1 /bysystem/index.php/Index/index.html
INFO: [ app_init ] --START--
INFO: Run Behavior\BuildLiteBehavior [ RunTime:0.000028s ]
INFO: [ app_init ] --END-- [ RunTime:0.001025s ]
INFO: [ app_begin ] --START--
INFO: Run Behavior\ReadHtmlCacheBehavior [ RunTime:0.001309s ]
INFO: [ app_begin ] --END-- [ RunTime:0.001374s ]
SQL: SHOW COLUMNS FROM `yzx_rule` [ RunTime:0.0082s ]
SQL: SELECT * FROM `yzx_rule` ORDER BY id is null,id  [ RunTime:0.0016s ]
SQL: SHOW COLUMNS FROM `yzx_access` [ RunTime:0.0110s ]
SQL: SELECT `uid`,`group_id`,`title`,`rules` FROM yzx_access a INNER JOIN yzx_group g on a.group_id=g.id  WHERE ( a.uid='7' and g.status='1' )  [ RunTime:0.0022s ]
SQL: SHOW COLUMNS FROM `yzx_rule` [ RunTime:0.0099s ]
SQL: SELECT `condition`,`name` FROM `yzx_rule` WHERE `id` IN ('1','14','22','23','24','25','26','15','27','28','29','30','31','32','16','33','34','35','2','18','36','37','38','40','60','19','41','42','43','44','46','20','47','48','49','50','51','21','52','53','54','55','56','3','70','4','115','117','118','119','120','121','116','122','123','124','125','126','127','128','137','138','140','129','130','131','132','133','134','135','136','61','62','65','66','67','68','69','63','71','72','73','74','75','64','76','77','78','79','80','81','82','83','84','86','87','88','89','90','85','91','92','93','94','95','96','97','100','101','102','103','104','98','110','111','112','113','114','99','105','106','107','108','109') AND `type` = 1 AND `status` = 1  [ RunTime:0.0010s ]
INFO: [ view_parse ] --START--
INFO: [ template_filter ] --START--
INFO: Run Behavior\ContentReplaceBehavior [ RunTime:0.000108s ]
INFO: [ template_filter ] --END-- [ RunTime:0.000173s ]
INFO: Run Behavior\ParseTemplateBehavior [ RunTime:0.019938s ]
INFO: [ view_parse ] --END-- [ RunTime:0.020076s ]
INFO: [ view_filter ] --START--
INFO: Run Behavior\WriteHtmlCacheBehavior [ RunTime:0.001291s ]
INFO: [ view_filter ] --END-- [ RunTime:0.001357s ]
INFO: [ app_end ] --START--
INFO: Run Behavior\ShowPageTraceBehavior [ RunTime:0.002200s ]
INFO: [ app_end ] --END-- [ RunTime:0.002280s ]

[ 2019-12-31T11:18:37+08:00 ] ::1 /bysystem/index.php/index/welcome.html
INFO: [ app_init ] --START--
INFO: Run Behavior\BuildLiteBehavior [ RunTime:0.000027s ]
INFO: [ app_init ] --END-- [ RunTime:0.000833s ]
INFO: [ app_begin ] --START--
INFO: Run Behavior\ReadHtmlCacheBehavior [ RunTime:0.001175s ]
INFO: [ app_begin ] --END-- [ RunTime:0.001253s ]
INFO: [ view_parse ] --START--
INFO: [ template_filter ] --START--
INFO: Run Behavior\ContentReplaceBehavior [ RunTime:0.000070s ]
INFO: [ template_filter ] --END-- [ RunTime:0.000136s ]
INFO: Run Behavior\ParseTemplateBehavior [ RunTime:0.013620s ]
INFO: [ view_parse ] --END-- [ RunTime:0.013694s ]
INFO: [ view_filter ] --START--
INFO: Run Behavior\WriteHtmlCacheBehavior [ RunTime:0.000854s ]
INFO: [ view_filter ] --END-- [ RunTime:0.000924s ]
INFO: [ app_end ] --START--
INFO: Run Behavior\ShowPageTraceBehavior [ RunTime:0.002796s ]
INFO: [ app_end ] --END-- [ RunTime:0.002871s ]

[ 2019-12-31T11:18:37+08:00 ] ::1 /bysystem/Public/index/js/layer.js
INFO: [ app_init ] --START--
INFO: Run Behavior\BuildLiteBehavior [ RunTime:0.000025s ]
INFO: [ app_init ] --END-- [ RunTime:0.000889s ]
INFO: [ app_begin ] --START--
INFO: Run Behavior\ReadHtmlCacheBehavior [ RunTime:0.000792s ]
INFO: [ app_begin ] --END-- [ RunTime:0.000850s ]
ERR: 无法加载控制器:Public

[ 2019-12-31T11:18:37+08:00 ] ::1 /bysystem/index.php/Oa/checkNotify.html
INFO: [ app_init ] --START--
INFO: Run Behavior\BuildLiteBehavior [ RunTime:0.000026s ]
INFO: [ app_init ] --END-- [ RunTime:0.000873s ]
INFO: [ app_begin ] --START--
INFO: Run Behavior\ReadHtmlCacheBehavior [ RunTime:0.001023s ]
INFO: [ app_begin ] --END-- [ RunTime:0.001093s ]
SQL: SHOW COLUMNS FROM `yzx_oasystem` [ RunTime:0.0205s ]
SQL: SELECT * FROM `yzx_oasystem` WHERE `oasystem_noticestate` = 0 ORDER BY id desc  [ RunTime:0.0009s ]
SQL: SHOW COLUMNS FROM `yzx_notice` [ RunTime:0.0128s ]
SQL: SELECT * FROM `yzx_notice` WHERE `oasystem_id` = 50 AND `master_checkuser` = 7  [ RunTime:0.0008s ]
SQL: SELECT * FROM `yzx_notice` WHERE `oasystem_id` = 49 AND `master_checkuser` = 7  [ RunTime:0.0007s ]
SQL: SELECT * FROM `yzx_notice` WHERE `oasystem_id` = 11 AND `master_checkuser` = 7  [ RunTime:0.0006s ]
SQL: SELECT * FROM `yzx_notice` WHERE `oasystem_id` = 5 AND `master_checkuser` = 7  [ RunTime:0.0006s ]
SQL: SELECT * FROM `yzx_notice` WHERE `oasystem_id` = 3 AND `master_checkuser` = 7  [ RunTime:0.0005s ]
SQL: SELECT * FROM `yzx_notice` WHERE `oasystem_id` = 2 AND `master_checkuser` = 7  [ RunTime:0.0005s ]
NOTIC: [8] Undefined variable: id D:\phpStudy\PHPTutorial\WWW\bysystem\Application\Admin\Controller\OaController.class.php 第 895 行.
NOTIC: [2] implode(): Invalid arguments passed D:\phpStudy\PHPTutorial\WWW\bysystem\Application\Admin\Controller\OaController.class.php 第 895 行.
NOTIC: [8] Undefined variable: id D:\phpStudy\PHPTutorial\WWW\bysystem\Application\Admin\Controller\OaController.class.php 第 897 行.

[ 2019-12-31T11:18:45+08:00 ] ::1 /bysystem/Index/index.html
INFO: [ app_init ] --START--
INFO: Run Behavior\BuildLiteBehavior [ RunTime:0.000026s ]
INFO: [ app_init ] --END-- [ RunTime:0.001112s ]
INFO: [ app_begin ] --START--
INFO: Run Behavior\ReadHtmlCacheBehavior [ RunTime:0.003133s ]
INFO: [ app_begin ] --END-- [ RunTime:0.003277s ]
SQL: SHOW COLUMNS FROM `yzx_rule` [ RunTime:0.0195s ]
SQL: SELECT * FROM `yzx_rule` ORDER BY id is null,id  [ RunTime:0.0022s ]
SQL: SHOW COLUMNS FROM `yzx_access` [ RunTime:0.0104s ]
SQL: SELECT `uid`,`group_id`,`title`,`rules` FROM yzx_access a INNER JOIN yzx_group g on a.group_id=g.id  WHERE ( a.uid='7' and g.status='1' )  [ RunTime:0.0006s ]
SQL: SHOW COLUMNS FROM `yzx_rule` [ RunTime:0.0099s ]
SQL: SELECT `condition`,`name` FROM `yzx_rule` WHERE `id` IN ('1','14','22','23','24','25','26','15','27','28','29','30','31','32','16','33','34','35','2','18','36','37','38','40','60','19','41','42','43','44','46','20','47','48','49','50','51','21','52','53','54','55','56','3','70','4','115','117','118','119','120','121','116','122','123','124','125','126','127','128','137','138','140','129','130','131','132','133','134','135','136','61','62','65','66','67','68','69','63','71','72','73','74','75','64','76','77','78','79','80','81','82','83','84','86','87','88','89','90','85','91','92','93','94','95','96','97','100','101','102','103','104','98','110','111','112','113','114','99','105','106','107','108','109') AND `type` = 1 AND `status` = 1  [ RunTime:0.0014s ]
INFO: [ view_parse ] --START--
INFO: [ template_filter ] --START--
INFO: Run Behavior\ContentReplaceBehavior [ RunTime:0.000177s ]
INFO: [ template_filter ] --END-- [ RunTime:0.000294s ]
INFO: Run Behavior\ParseTemplateBehavior [ RunTime:0.023059s ]
INFO: [ view_parse ] --END-- [ RunTime:0.023164s ]
INFO: [ view_filter ] --START--
INFO: Run Behavior\WriteHtmlCacheBehavior [ RunTime:0.001839s ]
INFO: [ view_filter ] --END-- [ RunTime:0.001903s ]
INFO: [ app_end ] --START--
INFO: Run Behavior\ShowPageTraceBehavior [ RunTime:0.001954s ]
INFO: [ app_end ] --END-- [ RunTime:0.002020s ]

[ 2019-12-31T11:18:45+08:00 ] ::1 /bysystem/index.php/index/welcome.html
INFO: [ app_init ] --START--
INFO: Run Behavior\BuildLiteBehavior [ RunTime:0.000031s ]
INFO: [ app_init ] --END-- [ RunTime:0.001496s ]
INFO: [ app_begin ] --START--
INFO: Run Behavior\ReadHtmlCacheBehavior [ RunTime:0.001098s ]
INFO: [ app_begin ] --END-- [ RunTime:0.001198s ]
INFO: [ view_parse ] --START--
INFO: [ template_filter ] --START--
INFO: Run Behavior\ContentReplaceBehavior [ RunTime:0.000064s ]
INFO: [ template_filter ] --END-- [ RunTime:0.000121s ]
INFO: Run Behavior\ParseTemplateBehavior [ RunTime:0.024693s ]
INFO: [ view_parse ] --END-- [ RunTime:0.024791s ]
INFO: [ view_filter ] --START--
INFO: Run Behavior\WriteHtmlCacheBehavior [ RunTime:0.001778s ]
INFO: [ view_filter ] --END-- [ RunTime:0.001837s ]
INFO: [ app_end ] --START--
INFO: Run Behavior\ShowPageTraceBehavior [ RunTime:0.003769s ]
INFO: [ app_end ] --END-- [ RunTime:0.003846s ]

[ 2019-12-31T11:18:45+08:00 ] ::1 /bysystem/Public/index/js/layer.js
INFO: [ app_init ] --START--
INFO: Run Behavior\BuildLiteBehavior [ RunTime:0.000018s ]
INFO: [ app_init ] --END-- [ RunTime:0.000561s ]
INFO: [ app_begin ] --START--
INFO: Run Behavior\ReadHtmlCacheBehavior [ RunTime:0.001339s ]
INFO: [ app_begin ] --END-- [ RunTime:0.001432s ]
ERR: 无法加载控制器:Public

[ 2019-12-31T11:18:46+08:00 ] ::1 /bysystem/index.php/Oa/checkNotify.html
INFO: [ app_init ] --START--
INFO: Run Behavior\BuildLiteBehavior [ RunTime:0.000025s ]
INFO: [ app_init ] --END-- [ RunTime:0.000806s ]
INFO: [ app_begin ] --START--
INFO: Run Behavior\ReadHtmlCacheBehavior [ RunTime:0.001368s ]
INFO: [ app_begin ] --END-- [ RunTime:0.001459s ]
SQL: SHOW COLUMNS FROM `yzx_oasystem` [ RunTime:0.0210s ]
SQL: SELECT * FROM `yzx_oasystem` WHERE `oasystem_noticestate` = 0 ORDER BY id desc  [ RunTime:0.0007s ]
SQL: SHOW COLUMNS FROM `yzx_notice` [ RunTime:0.0128s ]
SQL: SELECT * FROM `yzx_notice` WHERE `oasystem_id` = 50 AND `master_checkuser` = 7  [ RunTime:0.0006s ]
SQL: SELECT * FROM `yzx_notice` WHERE `oasystem_id` = 49 AND `master_checkuser` = 7  [ RunTime:0.0005s ]
SQL: SELECT * FROM `yzx_notice` WHERE `oasystem_id` = 11 AND `master_checkuser` = 7  [ RunTime:0.0005s ]
SQL: SELECT * FROM `yzx_notice` WHERE `oasystem_id` = 5 AND `master_checkuser` = 7  [ RunTime:0.0005s ]
SQL: SELECT * FROM `yzx_notice` WHERE `oasystem_id` = 3 AND `master_checkuser` = 7  [ RunTime:0.0004s ]
SQL: SELECT * FROM `yzx_notice` WHERE `oasystem_id` = 2 AND `master_checkuser` = 7  [ RunTime:0.0004s ]
NOTIC: [8] Undefined variable: id D:\phpStudy\PHPTutorial\WWW\bysystem\Application\Admin\Controller\OaController.class.php 第 895 行.
NOTIC: [2] implode(): Invalid arguments passed D:\phpStudy\PHPTutorial\WWW\bysystem\Application\Admin\Controller\OaController.class.php 第 895 行.
NOTIC: [8] Undefined variable: id D:\phpStudy\PHPTutorial\WWW\bysystem\Application\Admin\Controller\OaController.class.php 第 897 行.

[ 2019-12-31T11:19:02+08:00 ] ::1 /bysystem/index.php/Login/index.html
INFO: [ app_init ] --START--
INFO: Run Behavior\BuildLiteBehavior [ RunTime:0.000026s ]
INFO: [ app_init ] --END-- [ RunTime:0.000817s ]
INFO: [ app_begin ] --START--
INFO: Run Behavior\ReadHtmlCacheBehavior [ RunTime:0.001032s ]
INFO: [ app_begin ] --END-- [ RunTime:0.001104s ]

[ 2019-12-31T11:19:02+08:00 ] ::1 /bysystem/index.php/Index/index.html
INFO: [ app_init ] --START--
INFO: Run Behavior\BuildLiteBehavior [ RunTime:0.000026s ]
INFO: [ app_init ] --END-- [ RunTime:0.000840s ]
INFO: [ app_begin ] --START--
INFO: Run Behavior\ReadHtmlCacheBehavior [ RunTime:0.005789s ]
INFO: [ app_begin ] --END-- [ RunTime:0.005885s ]
SQL: SHOW COLUMNS FROM `yzx_rule` [ RunTime:0.0199s ]
SQL: SELECT * FROM `yzx_rule` ORDER BY id is null,id  [ RunTime:0.0018s ]
SQL: SHOW COLUMNS FROM `yzx_access` [ RunTime:0.0101s ]
SQL: SELECT `uid`,`group_id`,`title`,`rules` FROM yzx_access a INNER JOIN yzx_group g on a.group_id=g.id  WHERE ( a.uid='7' and g.status='1' )  [ RunTime:0.0006s ]
SQL: SHOW COLUMNS FROM `yzx_rule` [ RunTime:0.0098s ]
SQL: SELECT `condition`,`name` FROM `yzx_rule` WHERE `id` IN ('1','14','22','23','24','25','26','15','27','28','29','30','31','32','16','33','34','35','2','18','36','37','38','40','60','19','41','42','43','44','46','20','47','48','49','50','51','21','52','53','54','55','56','3','70','4','115','117','118','119','120','121','116','122','123','124','125','126','127','128','137','138','140','129','130','131','132','133','134','135','136','61','62','65','66','67','68','69','63','71','72','73','74','75','64','76','77','78','79','80','81','82','83','84','86','87','88','89','90','85','91','92','93','94','95','96','97','100','101','102','103','104','98','110','111','112','113','114','99','105','106','107','108','109') AND `type` = 1 AND `status` = 1  [ RunTime:0.0013s ]
INFO: [ view_parse ] --START--
INFO: [ template_filter ] --START--
INFO: Run Behavior\ContentReplaceBehavior [ RunTime:0.000077s ]
INFO: [ template_filter ] --END-- [ RunTime:0.000159s ]
INFO: Run Behavior\ParseTemplateBehavior [ RunTime:0.016582s ]
INFO: [ view_parse ] --END-- [ RunTime:0.016685s ]
INFO: [ view_filter ] --START--
INFO: Run Behavior\WriteHtmlCacheBehavior [ RunTime:0.000791s ]
INFO: [ view_filter ] --END-- [ RunTime:0.000854s ]
INFO: [ app_end ] --START--
INFO: Run Behavior\ShowPageTraceBehavior [ RunTime:0.002541s ]
INFO: [ app_end ] --END-- [ RunTime:0.002661s ]

[ 2019-12-31T11:19:02+08:00 ] ::1 /bysystem/index.php/index/welcome.html
INFO: [ app_init ] --START--
INFO: Run Behavior\BuildLiteBehavior [ RunTime:0.000024s ]
INFO: [ app_init ] --END-- [ RunTime:0.000827s ]
INFO: [ app_begin ] --START--
INFO: Run Behavior\ReadHtmlCacheBehavior [ RunTime:0.000985s ]
INFO: [ app_begin ] --END-- [ RunTime:0.001059s ]
INFO: [ view_parse ] --START--
INFO: [ template_filter ] --START--
INFO: Run Behavior\ContentReplaceBehavior [ RunTime:0.000070s ]
INFO: [ template_filter ] --END-- [ RunTime:0.000135s ]
INFO: Run Behavior\ParseTemplateBehavior [ RunTime:0.020226s ]
INFO: [ view_parse ] --END-- [ RunTime:0.020290s ]
INFO: [ view_filter ] --START--
INFO: Run Behavior\WriteHtmlCacheBehavior [ RunTime:0.000503s ]
INFO: [ view_filter ] --END-- [ RunTime:0.000544s ]
INFO: [ app_end ] --START--
INFO: Run Behavior\ShowPageTraceBehavior [ RunTime:0.003480s ]
INFO: [ app_end ] --END-- [ RunTime:0.003540s ]

[ 2019-12-31T11:19:03+08:00 ] ::1 /bysystem/Public/index/js/layer.js
INFO: [ app_init ] --START--
INFO: Run Behavior\BuildLiteBehavior [ RunTime:0.000018s ]
INFO: [ app_init ] --END-- [ RunTime:0.000753s ]
INFO: [ app_begin ] --START--
INFO: Run Behavior\ReadHtmlCacheBehavior [ RunTime:0.001001s ]
INFO: [ app_begin ] --END-- [ RunTime:0.001073s ]
ERR: 无法加载控制器:Public

[ 2019-12-31T11:19:03+08:00 ] ::1 /bysystem/index.php/Oa/checkNotify.html
INFO: [ app_init ] --START--
INFO: Run Behavior\BuildLiteBehavior [ RunTime:0.000021s ]
INFO: [ app_init ] --END-- [ RunTime:0.000767s ]
INFO: [ app_begin ] --START--
INFO: Run Behavior\ReadHtmlCacheBehavior [ RunTime:0.001074s ]
INFO: [ app_begin ] --END-- [ RunTime:0.001143s ]
SQL: SHOW COLUMNS FROM `yzx_oasystem` [ RunTime:0.0192s ]
SQL: SELECT * FROM `yzx_oasystem` WHERE `oasystem_noticestate` = 0 ORDER BY id desc  [ RunTime:0.0007s ]
SQL: SHOW COLUMNS FROM `yzx_notice` [ RunTime:0.0086s ]
SQL: SELECT * FROM `yzx_notice` WHERE `oasystem_id` = 50 AND `master_checkuser` = 7  [ RunTime:0.0006s ]
SQL: SELECT * FROM `yzx_notice` WHERE `oasystem_id` = 49 AND `master_checkuser` = 7  [ RunTime:0.0004s ]
SQL: SELECT * FROM `yzx_notice` WHERE `oasystem_id` = 11 AND `master_checkuser` = 7  [ RunTime:0.0005s ]
SQL: SELECT * FROM `yzx_notice` WHERE `oasystem_id` = 5 AND `master_checkuser` = 7  [ RunTime:0.0005s ]
SQL: SELECT * FROM `yzx_notice` WHERE `oasystem_id` = 3 AND `master_checkuser` = 7  [ RunTime:0.0004s ]
SQL: SELECT * FROM `yzx_notice` WHERE `oasystem_id` = 2 AND `master_checkuser` = 7  [ RunTime:0.0004s ]
NOTIC: [8] Undefined variable: id D:\phpStudy\PHPTutorial\WWW\bysystem\Application\Admin\Controller\OaController.class.php 第 895 行.
NOTIC: [2] implode(): Invalid arguments passed D:\phpStudy\PHPTutorial\WWW\bysystem\Application\Admin\Controller\OaController.class.php 第 895 行.
NOTIC: [8] Undefined variable: id D:\phpStudy\PHPTutorial\WWW\bysystem\Application\Admin\Controller\OaController.class.php 第 897 行.

[ 2019-12-31T11:20:29+08:00 ] ::1 /bysystem/index.php/Basic/Costlist.html
INFO: [ app_init ] --START--
INFO: Run Behavior\BuildLiteBehavior [ RunTime:0.000024s ]
INFO: [ app_init ] --END-- [ RunTime:0.000852s ]
INFO: [ app_begin ] --START--
INFO: Run Behavior\ReadHtmlCacheBehavior [ RunTime:0.001825s ]
INFO: [ app_begin ] --END-- [ RunTime:0.001966s ]
SQL: SHOW COLUMNS FROM `yzx_access` [ RunTime:0.0192s ]
SQL: SELECT `uid`,`group_id`,`title`,`rules` FROM yzx_access a INNER JOIN yzx_group g on a.group_id=g.id  WHERE ( a.uid='7' and g.status='1' )  [ RunTime:0.0006s ]
SQL: SHOW COLUMNS FROM `yzx_rule` [ RunTime:0.0105s ]
SQL: SELECT `condition`,`name` FROM `yzx_rule` WHERE `id` IN ('1','14','22','23','24','25','26','15','27','28','29','30','31','32','16','33','34','35','2','18','36','37','38','40','60','19','41','42','43','44','46','20','47','48','49','50','51','21','52','53','54','55','56','3','70','4','115','117','118','119','120','121','116','122','123','124','125','126','127','128','137','138','140','129','130','131','132','133','134','135','136','61','62','65','66','67','68','69','63','71','72','73','74','75','64','76','77','78','79','80','81','82','83','84','86','87','88','89','90','85','91','92','93','94','95','96','97','100','101','102','103','104','98','110','111','112','113','114','99','105','106','107','108','109') AND `type` = 1 AND `status` = 1  [ RunTime:0.0012s ]
SQL: SHOW COLUMNS FROM `yzx_cost` [ RunTime:0.0611s ]
SQL: SELECT COUNT(*) AS tp_count FROM `yzx_cost` LIMIT 1   [ RunTime:0.0005s ]
SQL: SELECT * FROM `yzx_cost` ORDER BY id desc LIMIT 0,20   [ RunTime:0.0008s ]
INFO: [ view_parse ] --START--
INFO: [ template_filter ] --START--
INFO: Run Behavior\ContentReplaceBehavior [ RunTime:0.000096s ]
INFO: [ template_filter ] --END-- [ RunTime:0.000185s ]
NOTIC: [8] Undefined variable: key D:\phpStudy\PHPTutorial\WWW\bysystem\Application\Runtime\Cache\Admin\4cdc0cb2180ba442433c6c4af855c415.php 第 158 行.
INFO: Run Behavior\ParseTemplateBehavior [ RunTime:0.034102s ]
INFO: [ view_parse ] --END-- [ RunTime:0.034200s ]
INFO: [ view_filter ] --START--
INFO: Run Behavior\WriteHtmlCacheBehavior [ RunTime:0.010330s ]
INFO: [ view_filter ] --END-- [ RunTime:0.010397s ]
INFO: [ app_end ] --START--
INFO: Run Behavior\ShowPageTraceBehavior [ RunTime:0.002851s ]
INFO: [ app_end ] --END-- [ RunTime:0.002960s ]

[ 2019-12-31T11:20:29+08:00 ] ::1 /bysystem/Public/index/js/layer.js
INFO: [ app_init ] --START--
INFO: Run Behavior\BuildLiteBehavior [ RunTime:0.000026s ]
INFO: [ app_init ] --END-- [ RunTime:0.000831s ]
INFO: [ app_begin ] --START--
INFO: Run Behavior\ReadHtmlCacheBehavior [ RunTime:0.001352s ]
INFO: [ app_begin ] --END-- [ RunTime:0.001444s ]
ERR: 无法加载控制器:Public

[ 2019-12-31T11:20:29+08:00 ] ::1 /bysystem/index.php/Oa/checkNotify.html
INFO: [ app_init ] --START--
INFO: Run Behavior\BuildLiteBehavior [ RunTime:0.000026s ]
INFO: [ app_init ] --END-- [ RunTime:0.000543s ]
INFO: [ app_begin ] --START--
INFO: Run Behavior\ReadHtmlCacheBehavior [ RunTime:0.001303s ]
INFO: [ app_begin ] --END-- [ RunTime:0.001389s ]
SQL: SHOW COLUMNS FROM `yzx_oasystem` [ RunTime:0.0108s ]
SQL: SELECT * FROM `yzx_oasystem` WHERE `oasystem_noticestate` = 0 ORDER BY id desc  [ RunTime:0.0006s ]
SQL: SHOW COLUMNS FROM `yzx_notice` [ RunTime:0.0097s ]
SQL: SELECT * FROM `yzx_notice` WHERE `oasystem_id` = 50 AND `master_checkuser` = 7  [ RunTime:0.0005s ]
SQL: SELECT * FROM `yzx_notice` WHERE `oasystem_id` = 49 AND `master_checkuser` = 7  [ RunTime:0.0004s ]
SQL: SELECT * FROM `yzx_notice` WHERE `oasystem_id` = 11 AND `master_checkuser` = 7  [ RunTime:0.0004s ]
SQL: SELECT * FROM `yzx_notice` WHERE `oasystem_id` = 5 AND `master_checkuser` = 7  [ RunTime:0.0004s ]
SQL: SELECT * FROM `yzx_notice` WHERE `oasystem_id` = 3 AND `master_checkuser` = 7  [ RunTime:0.0005s ]
SQL: SELECT * FROM `yzx_notice` WHERE `oasystem_id` = 2 AND `master_checkuser` = 7  [ RunTime:0.0005s ]
NOTIC: [8] Undefined variable: id D:\phpStudy\PHPTutorial\WWW\bysystem\Application\Admin\Controller\OaController.class.php 第 895 行.
NOTIC: [2] implode(): Invalid arguments passed D:\phpStudy\PHPTutorial\WWW\bysystem\Application\Admin\Controller\OaController.class.php 第 895 行.
NOTIC: [8] Undefined variable: id D:\phpStudy\PHPTutorial\WWW\bysystem\Application\Admin\Controller\OaController.class.php 第 897 行.

