[ 2020-09-15T14:08:57+08:00 ] 127.0.0.1 /
INFO: [ app_init ] --START--
INFO: Run Behavior\BuildLiteBehavior [ RunTime:0.000054s ]
INFO: [ app_init ] --END-- [ RunTime:0.014385s ]
INFO: [ app_begin ] --START--
INFO: Run Behavior\ReadHtmlCacheBehavior [ RunTime:0.009319s ]
INFO: [ app_begin ] --END-- [ RunTime:0.009521s ]

[ 2020-09-15T14:09:18+08:00 ] 127.0.0.1 /
INFO: [ app_init ] --START--
INFO: Run Behavior\BuildLiteBehavior [ RunTime:0.000016s ]
INFO: [ app_init ] --END-- [ RunTime:0.000706s ]
INFO: [ app_begin ] --START--
INFO: Run Behavior\ReadHtmlCacheBehavior [ RunTime:0.000794s ]
INFO: [ app_begin ] --END-- [ RunTime:0.000854s ]

[ 2020-09-15T14:09:18+08:00 ] 127.0.0.1 /index.php/Login/index.html
INFO: [ app_init ] --START--
INFO: Run Behavior\BuildLiteBehavior [ RunTime:0.000015s ]
INFO: [ app_init ] --END-- [ RunTime:0.000567s ]
INFO: [ app_begin ] --START--
INFO: Run Behavior\ReadHtmlCacheBehavior [ RunTime:0.001026s ]
INFO: [ app_begin ] --END-- [ RunTime:0.001115s ]
INFO: [ view_parse ] --START--
INFO: [ template_filter ] --START--
INFO: Run Behavior\ContentReplaceBehavior [ RunTime:0.000470s ]
INFO: [ template_filter ] --END-- [ RunTime:0.000540s ]
INFO: Run Behavior\ParseTemplateBehavior [ RunTime:0.062013s ]
INFO: [ view_parse ] --END-- [ RunTime:0.062085s ]
INFO: [ view_filter ] --START--
INFO: Run Behavior\WriteHtmlCacheBehavior [ RunTime:0.008260s ]
INFO: [ view_filter ] --END-- [ RunTime:0.008310s ]
INFO: [ app_end ] --START--
INFO: Run Behavior\ShowPageTraceBehavior [ RunTime:0.001367s ]
INFO: [ app_end ] --END-- [ RunTime:0.001418s ]

[ 2020-09-15T14:09:37+08:00 ] 127.0.0.1 /index.php/login/login.html
INFO: [ app_init ] --START--
INFO: Run Behavior\BuildLiteBehavior [ RunTime:0.000015s ]
INFO: [ app_init ] --END-- [ RunTime:0.000580s ]
INFO: [ app_begin ] --START--
INFO: Run Behavior\ReadHtmlCacheBehavior [ RunTime:0.000854s ]
INFO: [ app_begin ] --END-- [ RunTime:0.000921s ]
SQL: SHOW COLUMNS FROM `yzx_master` [ RunTime:0.0445s ]
SQL: SELECT * FROM `yzx_master` WHERE `master_username` = 'admin' LIMIT 1   [ RunTime:0.0007s ]

[ 2020-09-15T14:09:37+08:00 ] 127.0.0.1 /index.php/Index/index.html
INFO: [ app_init ] --START--
INFO: Run Behavior\BuildLiteBehavior [ RunTime:0.000014s ]
INFO: [ app_init ] --END-- [ RunTime:0.000573s ]
INFO: [ app_begin ] --START--
INFO: Run Behavior\ReadHtmlCacheBehavior [ RunTime:0.000788s ]
INFO: [ app_begin ] --END-- [ RunTime:0.000842s ]
SQL: SHOW COLUMNS FROM `yzx_rule` [ RunTime:0.0092s ]
SQL: SELECT * FROM `yzx_rule` ORDER BY id is null,id  [ RunTime:0.0092s ]
SQL: SHOW COLUMNS FROM `yzx_access` [ RunTime:0.0121s ]
SQL: SELECT `uid`,`group_id`,`title`,`rules` FROM yzx_access a INNER JOIN yzx_group g on a.group_id=g.id  WHERE ( a.uid='7' and g.status='1' )  [ RunTime:0.0326s ]
SQL: SHOW COLUMNS FROM `yzx_rule` [ RunTime:0.0008s ]
SQL: SELECT `condition`,`name` FROM `yzx_rule` WHERE `id` IN ('1','14','22','23','24','25','26','15','27','28','29','30','31','32','16','33','34','35','2','18','36','37','38','40','60','19','41','42','43','44','46','20','47','48','49','50','51','21','52','53','54','55','56','3','70','4','115','117','118','119','120','121','116','122','123','124','125','126','127','128','137','138','140','129','130','131','132','133','134','135','136','61','62','65','66','67','68','69','63','71','72','73','74','75','64','76','77','78','79','80','81','82','83','84','86','87','88','89','90','85','91','92','93','94','95','96','97','100','101','102','103','104','98','110','111','112','113','114','99','105','106','107','108','109') AND `type` = 1 AND `status` = 1  [ RunTime:0.0012s ]
INFO: [ view_parse ] --START--
INFO: [ template_filter ] --START--
INFO: Run Behavior\ContentReplaceBehavior [ RunTime:0.000051s ]
INFO: [ template_filter ] --END-- [ RunTime:0.000107s ]
INFO: Run Behavior\ParseTemplateBehavior [ RunTime:0.056771s ]
INFO: [ view_parse ] --END-- [ RunTime:0.056837s ]
INFO: [ view_filter ] --START--
INFO: Run Behavior\WriteHtmlCacheBehavior [ RunTime:0.000744s ]
INFO: [ view_filter ] --END-- [ RunTime:0.000800s ]
INFO: [ app_end ] --START--
INFO: Run Behavior\ShowPageTraceBehavior [ RunTime:0.001231s ]
INFO: [ app_end ] --END-- [ RunTime:0.001301s ]

[ 2020-09-15T14:09:37+08:00 ] 127.0.0.1 /index.php/index/welcome.html
INFO: [ app_init ] --START--
INFO: Run Behavior\BuildLiteBehavior [ RunTime:0.000016s ]
INFO: [ app_init ] --END-- [ RunTime:0.000574s ]
INFO: [ app_begin ] --START--
INFO: Run Behavior\ReadHtmlCacheBehavior [ RunTime:0.002212s ]
INFO: [ app_begin ] --END-- [ RunTime:0.002325s ]
INFO: [ view_parse ] --START--
INFO: [ template_filter ] --START--
INFO: Run Behavior\ContentReplaceBehavior [ RunTime:0.000103s ]
INFO: [ template_filter ] --END-- [ RunTime:0.000221s ]
INFO: Run Behavior\ParseTemplateBehavior [ RunTime:0.041443s ]
INFO: [ view_parse ] --END-- [ RunTime:0.041534s ]
INFO: [ view_filter ] --START--
INFO: Run Behavior\WriteHtmlCacheBehavior [ RunTime:0.000821s ]
INFO: [ view_filter ] --END-- [ RunTime:0.000896s ]
INFO: [ app_end ] --START--
INFO: Run Behavior\ShowPageTraceBehavior [ RunTime:0.001277s ]
INFO: [ app_end ] --END-- [ RunTime:0.001364s ]

[ 2020-09-15T14:09:37+08:00 ] 127.0.0.1 /index.php/Oa/checkNotify.html
INFO: [ app_init ] --START--
INFO: Run Behavior\BuildLiteBehavior [ RunTime:0.000024s ]
INFO: [ app_init ] --END-- [ RunTime:0.000859s ]
INFO: [ app_begin ] --START--
INFO: Run Behavior\ReadHtmlCacheBehavior [ RunTime:0.001223s ]
INFO: [ app_begin ] --END-- [ RunTime:0.001313s ]
SQL: SHOW COLUMNS FROM `yzx_oasystem` [ RunTime:0.0339s ]
SQL: SELECT * FROM `yzx_oasystem` WHERE `oasystem_noticestate` = 0 ORDER BY id desc  [ RunTime:0.0130s ]
SQL: SHOW COLUMNS FROM `yzx_notice` [ RunTime:0.0279s ]
SQL: SELECT * FROM `yzx_notice` WHERE `oasystem_id` = 56 AND `master_checkuser` = 7  [ RunTime:0.0007s ]
SQL: SELECT * FROM `yzx_notice` WHERE `oasystem_id` = 55 AND `master_checkuser` = 7  [ RunTime:0.0004s ]
SQL: SELECT * FROM `yzx_notice` WHERE `oasystem_id` = 54 AND `master_checkuser` = 7  [ RunTime:0.0004s ]
SQL: SELECT * FROM `yzx_notice` WHERE `oasystem_id` = 52 AND `master_checkuser` = 7  [ RunTime:0.0004s ]
SQL: SELECT * FROM `yzx_notice` WHERE `oasystem_id` = 49 AND `master_checkuser` = 7  [ RunTime:0.0004s ]
SQL: SELECT * FROM `yzx_notice` WHERE `oasystem_id` = 28 AND `master_checkuser` = 7  [ RunTime:0.0004s ]
SQL: SELECT * FROM `yzx_notice` WHERE `oasystem_id` = 11 AND `master_checkuser` = 7  [ RunTime:0.0004s ]
SQL: SELECT * FROM `yzx_notice` WHERE `oasystem_id` = 5 AND `master_checkuser` = 7  [ RunTime:0.0004s ]
SQL: SELECT * FROM `yzx_notice` WHERE `oasystem_id` = 3 AND `master_checkuser` = 7  [ RunTime:0.0003s ]
SQL: SELECT * FROM `yzx_notice` WHERE `oasystem_id` = 2 AND `master_checkuser` = 7  [ RunTime:0.0004s ]

[ 2020-09-15T14:09:45+08:00 ] 127.0.0.1 /index.php/Oa/checkNotify.html?id=56
INFO: [ app_init ] --START--
INFO: Run Behavior\BuildLiteBehavior [ RunTime:0.000014s ]
INFO: [ app_init ] --END-- [ RunTime:0.000573s ]
INFO: [ app_begin ] --START--
INFO: Run Behavior\ReadHtmlCacheBehavior [ RunTime:0.000752s ]
INFO: [ app_begin ] --END-- [ RunTime:0.000806s ]
SQL: SHOW COLUMNS FROM `yzx_oasystem` [ RunTime:0.0017s ]
SQL: SELECT * FROM `yzx_oasystem` WHERE ( id=56 ) LIMIT 1   [ RunTime:0.0005s ]
SQL: SHOW COLUMNS FROM `yzx_notice` [ RunTime:0.0015s ]
SQL: INSERT INTO `yzx_notice` (`oasystem_id`,`oaclass_id`,`master_checkuser`,`create_time`) VALUES ('56','1','7','1600150184') [ RunTime:0.0006s ]
INFO: [ view_parse ] --START--
INFO: [ template_filter ] --START--
INFO: Run Behavior\ContentReplaceBehavior [ RunTime:0.000060s ]
INFO: [ template_filter ] --END-- [ RunTime:0.000117s ]
INFO: Run Behavior\ParseTemplateBehavior [ RunTime:0.015011s ]
INFO: [ view_parse ] --END-- [ RunTime:0.015075s ]
INFO: [ view_filter ] --START--
INFO: Run Behavior\WriteHtmlCacheBehavior [ RunTime:0.000522s ]
INFO: [ view_filter ] --END-- [ RunTime:0.000567s ]
INFO: [ app_end ] --START--
INFO: Run Behavior\ShowPageTraceBehavior [ RunTime:0.000738s ]
INFO: [ app_end ] --END-- [ RunTime:0.000781s ]

[ 2020-09-15T14:09:45+08:00 ] 127.0.0.1 /index.php/Oa/checkNotify.html
INFO: [ app_init ] --START--
INFO: Run Behavior\BuildLiteBehavior [ RunTime:0.000015s ]
INFO: [ app_init ] --END-- [ RunTime:0.000575s ]
INFO: [ app_begin ] --START--
INFO: Run Behavior\ReadHtmlCacheBehavior [ RunTime:0.000735s ]
INFO: [ app_begin ] --END-- [ RunTime:0.000785s ]
SQL: SHOW COLUMNS FROM `yzx_oasystem` [ RunTime:0.0012s ]
SQL: SELECT * FROM `yzx_oasystem` WHERE `oasystem_noticestate` = 0 ORDER BY id desc  [ RunTime:0.0008s ]
SQL: SHOW COLUMNS FROM `yzx_notice` [ RunTime:0.0011s ]
SQL: SELECT * FROM `yzx_notice` WHERE `oasystem_id` = 56 AND `master_checkuser` = 7  [ RunTime:0.0004s ]
SQL: SELECT * FROM `yzx_notice` WHERE `oasystem_id` = 55 AND `master_checkuser` = 7  [ RunTime:0.0003s ]
SQL: SELECT * FROM `yzx_notice` WHERE `oasystem_id` = 54 AND `master_checkuser` = 7  [ RunTime:0.0003s ]
SQL: SELECT * FROM `yzx_notice` WHERE `oasystem_id` = 52 AND `master_checkuser` = 7  [ RunTime:0.0003s ]
SQL: SELECT * FROM `yzx_notice` WHERE `oasystem_id` = 49 AND `master_checkuser` = 7  [ RunTime:0.0003s ]
SQL: SELECT * FROM `yzx_notice` WHERE `oasystem_id` = 28 AND `master_checkuser` = 7  [ RunTime:0.0003s ]
SQL: SELECT * FROM `yzx_notice` WHERE `oasystem_id` = 11 AND `master_checkuser` = 7  [ RunTime:0.0003s ]
SQL: SELECT * FROM `yzx_notice` WHERE `oasystem_id` = 5 AND `master_checkuser` = 7  [ RunTime:0.0003s ]
SQL: SELECT * FROM `yzx_notice` WHERE `oasystem_id` = 3 AND `master_checkuser` = 7  [ RunTime:0.0003s ]
SQL: SELECT * FROM `yzx_notice` WHERE `oasystem_id` = 2 AND `master_checkuser` = 7  [ RunTime:0.0003s ]
NOTIC: [8] Undefined variable: id E:\phpstudy\WWW\bysystem\Application\Admin\Controller\OaController.class.php 第 895 行.
NOTIC: [2] implode(): Invalid arguments passed E:\phpstudy\WWW\bysystem\Application\Admin\Controller\OaController.class.php 第 895 行.
NOTIC: [8] Undefined variable: id E:\phpstudy\WWW\bysystem\Application\Admin\Controller\OaController.class.php 第 897 行.

[ 2020-09-15T14:09:48+08:00 ] 127.0.0.1 /index.php/Index/index.html
INFO: [ app_init ] --START--
INFO: Run Behavior\BuildLiteBehavior [ RunTime:0.000015s ]
INFO: [ app_init ] --END-- [ RunTime:0.000587s ]
INFO: [ app_begin ] --START--
INFO: Run Behavior\ReadHtmlCacheBehavior [ RunTime:0.000761s ]
INFO: [ app_begin ] --END-- [ RunTime:0.000816s ]
SQL: SHOW COLUMNS FROM `yzx_rule` [ RunTime:0.0014s ]
SQL: SELECT * FROM `yzx_rule` ORDER BY id is null,id  [ RunTime:0.0009s ]
SQL: SHOW COLUMNS FROM `yzx_access` [ RunTime:0.0018s ]
SQL: SELECT `uid`,`group_id`,`title`,`rules` FROM yzx_access a INNER JOIN yzx_group g on a.group_id=g.id  WHERE ( a.uid='7' and g.status='1' )  [ RunTime:0.0014s ]
SQL: SHOW COLUMNS FROM `yzx_rule` [ RunTime:0.0008s ]
SQL: SELECT `condition`,`name` FROM `yzx_rule` WHERE `id` IN ('1','14','22','23','24','25','26','15','27','28','29','30','31','32','16','33','34','35','2','18','36','37','38','40','60','19','41','42','43','44','46','20','47','48','49','50','51','21','52','53','54','55','56','3','70','4','115','117','118','119','120','121','116','122','123','124','125','126','127','128','137','138','140','129','130','131','132','133','134','135','136','61','62','65','66','67','68','69','63','71','72','73','74','75','64','76','77','78','79','80','81','82','83','84','86','87','88','89','90','85','91','92','93','94','95','96','97','100','101','102','103','104','98','110','111','112','113','114','99','105','106','107','108','109') AND `type` = 1 AND `status` = 1  [ RunTime:0.0007s ]
INFO: [ view_parse ] --START--
INFO: [ template_filter ] --START--
INFO: Run Behavior\ContentReplaceBehavior [ RunTime:0.000045s ]
INFO: [ template_filter ] --END-- [ RunTime:0.000099s ]
INFO: Run Behavior\ParseTemplateBehavior [ RunTime:0.010414s ]
INFO: [ view_parse ] --END-- [ RunTime:0.010470s ]
INFO: [ view_filter ] --START--
INFO: Run Behavior\WriteHtmlCacheBehavior [ RunTime:0.000487s ]
INFO: [ view_filter ] --END-- [ RunTime:0.000528s ]
INFO: [ app_end ] --START--
INFO: Run Behavior\ShowPageTraceBehavior [ RunTime:0.000759s ]
INFO: [ app_end ] --END-- [ RunTime:0.000801s ]

[ 2020-09-15T14:09:48+08:00 ] 127.0.0.1 /index.php/index/welcome.html
INFO: [ app_init ] --START--
INFO: Run Behavior\BuildLiteBehavior [ RunTime:0.000016s ]
INFO: [ app_init ] --END-- [ RunTime:0.000633s ]
INFO: [ app_begin ] --START--
INFO: Run Behavior\ReadHtmlCacheBehavior [ RunTime:0.001068s ]
INFO: [ app_begin ] --END-- [ RunTime:0.001129s ]
INFO: [ view_parse ] --START--
INFO: [ template_filter ] --START--
INFO: Run Behavior\ContentReplaceBehavior [ RunTime:0.000104s ]
INFO: [ template_filter ] --END-- [ RunTime:0.000227s ]
INFO: Run Behavior\ParseTemplateBehavior [ RunTime:0.013562s ]
INFO: [ view_parse ] --END-- [ RunTime:0.013642s ]
INFO: [ view_filter ] --START--
INFO: Run Behavior\WriteHtmlCacheBehavior [ RunTime:0.000715s ]
INFO: [ view_filter ] --END-- [ RunTime:0.000787s ]
INFO: [ app_end ] --START--
INFO: Run Behavior\ShowPageTraceBehavior [ RunTime:0.001212s ]
INFO: [ app_end ] --END-- [ RunTime:0.001290s ]

[ 2020-09-15T14:09:48+08:00 ] 127.0.0.1 /index.php/Oa/checkNotify.html
INFO: [ app_init ] --START--
INFO: Run Behavior\BuildLiteBehavior [ RunTime:0.000024s ]
INFO: [ app_init ] --END-- [ RunTime:0.003127s ]
INFO: [ app_begin ] --START--
INFO: Run Behavior\ReadHtmlCacheBehavior [ RunTime:0.000751s ]
INFO: [ app_begin ] --END-- [ RunTime:0.000814s ]
SQL: SHOW COLUMNS FROM `yzx_oasystem` [ RunTime:0.0011s ]
SQL: SELECT * FROM `yzx_oasystem` WHERE `oasystem_noticestate` = 0 ORDER BY id desc  [ RunTime:0.0004s ]
SQL: SHOW COLUMNS FROM `yzx_notice` [ RunTime:0.0011s ]
SQL: SELECT * FROM `yzx_notice` WHERE `oasystem_id` = 56 AND `master_checkuser` = 7  [ RunTime:0.0003s ]
SQL: SELECT * FROM `yzx_notice` WHERE `oasystem_id` = 55 AND `master_checkuser` = 7  [ RunTime:0.0002s ]
SQL: SELECT * FROM `yzx_notice` WHERE `oasystem_id` = 54 AND `master_checkuser` = 7  [ RunTime:0.0002s ]
SQL: SELECT * FROM `yzx_notice` WHERE `oasystem_id` = 52 AND `master_checkuser` = 7  [ RunTime:0.0002s ]
SQL: SELECT * FROM `yzx_notice` WHERE `oasystem_id` = 49 AND `master_checkuser` = 7  [ RunTime:0.0002s ]
SQL: SELECT * FROM `yzx_notice` WHERE `oasystem_id` = 28 AND `master_checkuser` = 7  [ RunTime:0.0002s ]
SQL: SELECT * FROM `yzx_notice` WHERE `oasystem_id` = 11 AND `master_checkuser` = 7  [ RunTime:0.0002s ]
SQL: SELECT * FROM `yzx_notice` WHERE `oasystem_id` = 5 AND `master_checkuser` = 7  [ RunTime:0.0002s ]
SQL: SELECT * FROM `yzx_notice` WHERE `oasystem_id` = 3 AND `master_checkuser` = 7  [ RunTime:0.0003s ]
SQL: SELECT * FROM `yzx_notice` WHERE `oasystem_id` = 2 AND `master_checkuser` = 7  [ RunTime:0.0002s ]
NOTIC: [8] Undefined variable: id E:\phpstudy\WWW\bysystem\Application\Admin\Controller\OaController.class.php 第 895 行.
NOTIC: [2] implode(): Invalid arguments passed E:\phpstudy\WWW\bysystem\Application\Admin\Controller\OaController.class.php 第 895 行.
NOTIC: [8] Undefined variable: id E:\phpstudy\WWW\bysystem\Application\Admin\Controller\OaController.class.php 第 897 行.

[ 2020-09-15T14:09:49+08:00 ] 127.0.0.1 /index.php/Index/index.html
INFO: [ app_init ] --START--
INFO: Run Behavior\BuildLiteBehavior [ RunTime:0.000015s ]
INFO: [ app_init ] --END-- [ RunTime:0.000561s ]
INFO: [ app_begin ] --START--
INFO: Run Behavior\ReadHtmlCacheBehavior [ RunTime:0.000738s ]
INFO: [ app_begin ] --END-- [ RunTime:0.000792s ]
SQL: SHOW COLUMNS FROM `yzx_rule` [ RunTime:0.0013s ]
SQL: SELECT * FROM `yzx_rule` ORDER BY id is null,id  [ RunTime:0.0009s ]
SQL: SHOW COLUMNS FROM `yzx_access` [ RunTime:0.0013s ]
SQL: SELECT `uid`,`group_id`,`title`,`rules` FROM yzx_access a INNER JOIN yzx_group g on a.group_id=g.id  WHERE ( a.uid='7' and g.status='1' )  [ RunTime:0.0012s ]
SQL: SHOW COLUMNS FROM `yzx_rule` [ RunTime:0.0011s ]
SQL: SELECT `condition`,`name` FROM `yzx_rule` WHERE `id` IN ('1','14','22','23','24','25','26','15','27','28','29','30','31','32','16','33','34','35','2','18','36','37','38','40','60','19','41','42','43','44','46','20','47','48','49','50','51','21','52','53','54','55','56','3','70','4','115','117','118','119','120','121','116','122','123','124','125','126','127','128','137','138','140','129','130','131','132','133','134','135','136','61','62','65','66','67','68','69','63','71','72','73','74','75','64','76','77','78','79','80','81','82','83','84','86','87','88','89','90','85','91','92','93','94','95','96','97','100','101','102','103','104','98','110','111','112','113','114','99','105','106','107','108','109') AND `type` = 1 AND `status` = 1  [ RunTime:0.0009s ]
INFO: [ view_parse ] --START--
INFO: [ template_filter ] --START--
INFO: Run Behavior\ContentReplaceBehavior [ RunTime:0.000049s ]
INFO: [ template_filter ] --END-- [ RunTime:0.000255s ]
INFO: Run Behavior\ParseTemplateBehavior [ RunTime:0.010166s ]
INFO: [ view_parse ] --END-- [ RunTime:0.010230s ]
INFO: [ view_filter ] --START--
INFO: Run Behavior\WriteHtmlCacheBehavior [ RunTime:0.000567s ]
INFO: [ view_filter ] --END-- [ RunTime:0.000609s ]
INFO: [ app_end ] --START--
INFO: Run Behavior\ShowPageTraceBehavior [ RunTime:0.000770s ]
INFO: [ app_end ] --END-- [ RunTime:0.000820s ]

[ 2020-09-15T14:09:49+08:00 ] 127.0.0.1 /index.php/index/welcome.html
INFO: [ app_init ] --START--
INFO: Run Behavior\BuildLiteBehavior [ RunTime:0.000041s ]
INFO: [ app_init ] --END-- [ RunTime:0.001776s ]
INFO: [ app_begin ] --START--
INFO: Run Behavior\ReadHtmlCacheBehavior [ RunTime:0.001823s ]
INFO: [ app_begin ] --END-- [ RunTime:0.002015s ]
INFO: [ view_parse ] --START--
INFO: [ template_filter ] --START--
INFO: Run Behavior\ContentReplaceBehavior [ RunTime:0.000057s ]
INFO: [ template_filter ] --END-- [ RunTime:0.000122s ]
INFO: Run Behavior\ParseTemplateBehavior [ RunTime:0.007372s ]
INFO: [ view_parse ] --END-- [ RunTime:0.007429s ]
INFO: [ view_filter ] --START--
INFO: Run Behavior\WriteHtmlCacheBehavior [ RunTime:0.000492s ]
INFO: [ view_filter ] --END-- [ RunTime:0.000531s ]
INFO: [ app_end ] --START--
INFO: Run Behavior\ShowPageTraceBehavior [ RunTime:0.000743s ]
INFO: [ app_end ] --END-- [ RunTime:0.000786s ]

[ 2020-09-15T14:09:50+08:00 ] 127.0.0.1 /index.php/Oa/checkNotify.html
INFO: [ app_init ] --START--
INFO: Run Behavior\BuildLiteBehavior [ RunTime:0.000030s ]
INFO: [ app_init ] --END-- [ RunTime:0.001534s ]
INFO: [ app_begin ] --START--
INFO: Run Behavior\ReadHtmlCacheBehavior [ RunTime:0.000757s ]
INFO: [ app_begin ] --END-- [ RunTime:0.000816s ]
SQL: SHOW COLUMNS FROM `yzx_oasystem` [ RunTime:0.0012s ]
SQL: SELECT * FROM `yzx_oasystem` WHERE `oasystem_noticestate` = 0 ORDER BY id desc  [ RunTime:0.0004s ]
SQL: SHOW COLUMNS FROM `yzx_notice` [ RunTime:0.0011s ]
SQL: SELECT * FROM `yzx_notice` WHERE `oasystem_id` = 56 AND `master_checkuser` = 7  [ RunTime:0.0003s ]
SQL: SELECT * FROM `yzx_notice` WHERE `oasystem_id` = 55 AND `master_checkuser` = 7  [ RunTime:0.0003s ]
SQL: SELECT * FROM `yzx_notice` WHERE `oasystem_id` = 54 AND `master_checkuser` = 7  [ RunTime:0.0005s ]
SQL: SELECT * FROM `yzx_notice` WHERE `oasystem_id` = 52 AND `master_checkuser` = 7  [ RunTime:0.0003s ]
SQL: SELECT * FROM `yzx_notice` WHERE `oasystem_id` = 49 AND `master_checkuser` = 7  [ RunTime:0.0003s ]
SQL: SELECT * FROM `yzx_notice` WHERE `oasystem_id` = 28 AND `master_checkuser` = 7  [ RunTime:0.0003s ]
SQL: SELECT * FROM `yzx_notice` WHERE `oasystem_id` = 11 AND `master_checkuser` = 7  [ RunTime:0.0003s ]
SQL: SELECT * FROM `yzx_notice` WHERE `oasystem_id` = 5 AND `master_checkuser` = 7  [ RunTime:0.0003s ]
SQL: SELECT * FROM `yzx_notice` WHERE `oasystem_id` = 3 AND `master_checkuser` = 7  [ RunTime:0.0002s ]
SQL: SELECT * FROM `yzx_notice` WHERE `oasystem_id` = 2 AND `master_checkuser` = 7  [ RunTime:0.0003s ]
NOTIC: [8] Undefined variable: id E:\phpstudy\WWW\bysystem\Application\Admin\Controller\OaController.class.php 第 895 行.
NOTIC: [2] implode(): Invalid arguments passed E:\phpstudy\WWW\bysystem\Application\Admin\Controller\OaController.class.php 第 895 行.
NOTIC: [8] Undefined variable: id E:\phpstudy\WWW\bysystem\Application\Admin\Controller\OaController.class.php 第 897 行.

[ 2020-09-15T14:09:50+08:00 ] 127.0.0.1 /index.php/Index/index.html
INFO: [ app_init ] --START--
INFO: Run Behavior\BuildLiteBehavior [ RunTime:0.000014s ]
INFO: [ app_init ] --END-- [ RunTime:0.000599s ]
INFO: [ app_begin ] --START--
INFO: Run Behavior\ReadHtmlCacheBehavior [ RunTime:0.000713s ]
INFO: [ app_begin ] --END-- [ RunTime:0.000767s ]
SQL: SHOW COLUMNS FROM `yzx_rule` [ RunTime:0.0012s ]
SQL: SELECT * FROM `yzx_rule` ORDER BY id is null,id  [ RunTime:0.0009s ]
SQL: SHOW COLUMNS FROM `yzx_access` [ RunTime:0.0028s ]
SQL: SELECT `uid`,`group_id`,`title`,`rules` FROM yzx_access a INNER JOIN yzx_group g on a.group_id=g.id  WHERE ( a.uid='7' and g.status='1' )  [ RunTime:0.0012s ]
SQL: SHOW COLUMNS FROM `yzx_rule` [ RunTime:0.0007s ]
SQL: SELECT `condition`,`name` FROM `yzx_rule` WHERE `id` IN ('1','14','22','23','24','25','26','15','27','28','29','30','31','32','16','33','34','35','2','18','36','37','38','40','60','19','41','42','43','44','46','20','47','48','49','50','51','21','52','53','54','55','56','3','70','4','115','117','118','119','120','121','116','122','123','124','125','126','127','128','137','138','140','129','130','131','132','133','134','135','136','61','62','65','66','67','68','69','63','71','72','73','74','75','64','76','77','78','79','80','81','82','83','84','86','87','88','89','90','85','91','92','93','94','95','96','97','100','101','102','103','104','98','110','111','112','113','114','99','105','106','107','108','109') AND `type` = 1 AND `status` = 1  [ RunTime:0.0007s ]
INFO: [ view_parse ] --START--
INFO: [ template_filter ] --START--
INFO: Run Behavior\ContentReplaceBehavior [ RunTime:0.000047s ]
INFO: [ template_filter ] --END-- [ RunTime:0.000099s ]
INFO: Run Behavior\ParseTemplateBehavior [ RunTime:0.010675s ]
INFO: [ view_parse ] --END-- [ RunTime:0.010734s ]
INFO: [ view_filter ] --START--
INFO: Run Behavior\WriteHtmlCacheBehavior [ RunTime:0.000488s ]
INFO: [ view_filter ] --END-- [ RunTime:0.000534s ]
INFO: [ app_end ] --START--
INFO: Run Behavior\ShowPageTraceBehavior [ RunTime:0.000769s ]
INFO: [ app_end ] --END-- [ RunTime:0.000811s ]

[ 2020-09-15T14:09:50+08:00 ] 127.0.0.1 /index.php/index/welcome.html
INFO: [ app_init ] --START--
INFO: Run Behavior\BuildLiteBehavior [ RunTime:0.000095s ]
INFO: [ app_init ] --END-- [ RunTime:0.001656s ]
INFO: [ app_begin ] --START--
INFO: Run Behavior\ReadHtmlCacheBehavior [ RunTime:0.001970s ]
INFO: [ app_begin ] --END-- [ RunTime:0.002065s ]
INFO: [ view_parse ] --START--
INFO: [ template_filter ] --START--
INFO: Run Behavior\ContentReplaceBehavior [ RunTime:0.000096s ]
INFO: [ template_filter ] --END-- [ RunTime:0.000201s ]
INFO: Run Behavior\ParseTemplateBehavior [ RunTime:0.010283s ]
INFO: [ view_parse ] --END-- [ RunTime:0.010400s ]
INFO: [ view_filter ] --START--
INFO: Run Behavior\WriteHtmlCacheBehavior [ RunTime:0.001450s ]
INFO: [ view_filter ] --END-- [ RunTime:0.001635s ]
INFO: [ app_end ] --START--
INFO: Run Behavior\ShowPageTraceBehavior [ RunTime:0.001582s ]
INFO: [ app_end ] --END-- [ RunTime:0.001685s ]

[ 2020-09-15T14:09:50+08:00 ] 127.0.0.1 /index.php/Oa/checkNotify.html
INFO: [ app_init ] --START--
INFO: Run Behavior\BuildLiteBehavior [ RunTime:0.000013s ]
INFO: [ app_init ] --END-- [ RunTime:0.000461s ]
INFO: [ app_begin ] --START--
INFO: Run Behavior\ReadHtmlCacheBehavior [ RunTime:0.000653s ]
INFO: [ app_begin ] --END-- [ RunTime:0.000706s ]
SQL: SHOW COLUMNS FROM `yzx_oasystem` [ RunTime:0.0011s ]
SQL: SELECT * FROM `yzx_oasystem` WHERE `oasystem_noticestate` = 0 ORDER BY id desc  [ RunTime:0.0005s ]
SQL: SHOW COLUMNS FROM `yzx_notice` [ RunTime:0.0014s ]
SQL: SELECT * FROM `yzx_notice` WHERE `oasystem_id` = 56 AND `master_checkuser` = 7  [ RunTime:0.0014s ]
SQL: SELECT * FROM `yzx_notice` WHERE `oasystem_id` = 55 AND `master_checkuser` = 7  [ RunTime:0.0005s ]
SQL: SELECT * FROM `yzx_notice` WHERE `oasystem_id` = 54 AND `master_checkuser` = 7  [ RunTime:0.0003s ]
SQL: SELECT * FROM `yzx_notice` WHERE `oasystem_id` = 52 AND `master_checkuser` = 7  [ RunTime:0.0002s ]
SQL: SELECT * FROM `yzx_notice` WHERE `oasystem_id` = 49 AND `master_checkuser` = 7  [ RunTime:0.0002s ]
SQL: SELECT * FROM `yzx_notice` WHERE `oasystem_id` = 28 AND `master_checkuser` = 7  [ RunTime:0.0002s ]
SQL: SELECT * FROM `yzx_notice` WHERE `oasystem_id` = 11 AND `master_checkuser` = 7  [ RunTime:0.0002s ]
SQL: SELECT * FROM `yzx_notice` WHERE `oasystem_id` = 5 AND `master_checkuser` = 7  [ RunTime:0.0002s ]
SQL: SELECT * FROM `yzx_notice` WHERE `oasystem_id` = 3 AND `master_checkuser` = 7  [ RunTime:0.0002s ]
SQL: SELECT * FROM `yzx_notice` WHERE `oasystem_id` = 2 AND `master_checkuser` = 7  [ RunTime:0.0002s ]
NOTIC: [8] Undefined variable: id E:\phpstudy\WWW\bysystem\Application\Admin\Controller\OaController.class.php 第 895 行.
NOTIC: [2] implode(): Invalid arguments passed E:\phpstudy\WWW\bysystem\Application\Admin\Controller\OaController.class.php 第 895 行.
NOTIC: [8] Undefined variable: id E:\phpstudy\WWW\bysystem\Application\Admin\Controller\OaController.class.php 第 897 行.

