[ 2020-04-03T15:08:42+08:00 ] ::1 /bysystem/index.php/Login/index.html
INFO: [ app_init ] --START--
INFO: Run Behavior\BuildLiteBehavior [ RunTime:0.000030s ]
INFO: [ app_init ] --END-- [ RunTime:0.001332s ]
INFO: [ app_begin ] --START--
INFO: Run Behavior\ReadHtmlCacheBehavior [ RunTime:0.005450s ]
INFO: [ app_begin ] --END-- [ RunTime:0.005561s ]
INFO: [ view_parse ] --START--
INFO: [ template_filter ] --START--
INFO: Run Behavior\ContentReplaceBehavior [ RunTime:0.000083s ]
INFO: [ template_filter ] --END-- [ RunTime:0.000163s ]
INFO: Run Behavior\ParseTemplateBehavior [ RunTime:0.038459s ]
INFO: [ view_parse ] --END-- [ RunTime:0.038569s ]
INFO: [ view_filter ] --START--
INFO: Run Behavior\WriteHtmlCacheBehavior [ RunTime:0.001045s ]
INFO: [ view_filter ] --END-- [ RunTime:0.001108s ]
INFO: [ app_end ] --START--
INFO: Run Behavior\ShowPageTraceBehavior [ RunTime:0.001288s ]
INFO: [ app_end ] --END-- [ RunTime:0.001356s ]

[ 2020-04-03T15:08:49+08:00 ] ::1 /bysystem/index.php/login/login.html
INFO: [ app_init ] --START--
INFO: Run Behavior\BuildLiteBehavior [ RunTime:0.000016s ]
INFO: [ app_init ] --END-- [ RunTime:0.000695s ]
INFO: [ app_begin ] --START--
INFO: Run Behavior\ReadHtmlCacheBehavior [ RunTime:0.000942s ]
INFO: [ app_begin ] --END-- [ RunTime:0.001006s ]
SQL: SHOW COLUMNS FROM `yzx_master` [ RunTime:0.0375s ]
SQL: SELECT * FROM `yzx_master` WHERE `master_username` = 'admin' LIMIT 1   [ RunTime:0.0005s ]

[ 2020-04-03T15:08:49+08:00 ] ::1 /bysystem/index.php/Index/index.html
INFO: [ app_init ] --START--
INFO: Run Behavior\BuildLiteBehavior [ RunTime:0.000016s ]
INFO: [ app_init ] --END-- [ RunTime:0.000751s ]
INFO: [ app_begin ] --START--
INFO: Run Behavior\ReadHtmlCacheBehavior [ RunTime:0.001415s ]
INFO: [ app_begin ] --END-- [ RunTime:0.001508s ]
SQL: SHOW COLUMNS FROM `yzx_rule` [ RunTime:0.0190s ]
SQL: SELECT * FROM `yzx_rule` ORDER BY id is null,id  [ RunTime:0.0597s ]
SQL: SHOW COLUMNS FROM `yzx_access` [ RunTime:0.0596s ]
SQL: SELECT `uid`,`group_id`,`title`,`rules` FROM yzx_access a INNER JOIN yzx_group g on a.group_id=g.id  WHERE ( a.uid='7' and g.status='1' )  [ RunTime:0.0479s ]
SQL: SHOW COLUMNS FROM `yzx_rule` [ RunTime:0.0154s ]
SQL: SELECT `condition`,`name` FROM `yzx_rule` WHERE `id` IN ('1','14','22','23','24','25','26','15','27','28','29','30','31','32','16','33','34','35','2','18','36','37','38','40','60','19','41','42','43','44','46','20','47','48','49','50','51','21','52','53','54','55','56','3','70','4','115','117','118','119','120','121','116','122','123','124','125','126','127','128','137','138','140','129','130','131','132','133','134','135','136','61','62','65','66','67','68','69','63','71','72','73','74','75','64','76','77','78','79','80','81','82','83','84','86','87','88','89','90','85','91','92','93','94','95','96','97','100','101','102','103','104','98','110','111','112','113','114','99','105','106','107','108','109') AND `type` = 1 AND `status` = 1  [ RunTime:0.0144s ]
INFO: [ view_parse ] --START--
INFO: [ template_filter ] --START--
INFO: Run Behavior\ContentReplaceBehavior [ RunTime:0.000049s ]
INFO: [ template_filter ] --END-- [ RunTime:0.000100s ]
INFO: Run Behavior\ParseTemplateBehavior [ RunTime:0.092247s ]
INFO: [ view_parse ] --END-- [ RunTime:0.092317s ]
INFO: [ view_filter ] --START--
INFO: Run Behavior\WriteHtmlCacheBehavior [ RunTime:0.000913s ]
INFO: [ view_filter ] --END-- [ RunTime:0.000959s ]
INFO: [ app_end ] --START--
INFO: Run Behavior\ShowPageTraceBehavior [ RunTime:0.001323s ]
INFO: [ app_end ] --END-- [ RunTime:0.001425s ]

[ 2020-04-03T15:08:49+08:00 ] ::1 /bysystem/index.php/index/welcome.html
INFO: [ app_init ] --START--
INFO: Run Behavior\BuildLiteBehavior [ RunTime:0.000025s ]
INFO: [ app_init ] --END-- [ RunTime:0.001229s ]
INFO: [ app_begin ] --START--
INFO: Run Behavior\ReadHtmlCacheBehavior [ RunTime:0.002224s ]
INFO: [ app_begin ] --END-- [ RunTime:0.002596s ]
INFO: [ view_parse ] --START--
INFO: [ template_filter ] --START--
INFO: Run Behavior\ContentReplaceBehavior [ RunTime:0.000060s ]
INFO: [ template_filter ] --END-- [ RunTime:0.000112s ]
INFO: Run Behavior\ParseTemplateBehavior [ RunTime:0.067182s ]
INFO: [ view_parse ] --END-- [ RunTime:0.067276s ]
INFO: [ view_filter ] --START--
INFO: Run Behavior\WriteHtmlCacheBehavior [ RunTime:0.000927s ]
INFO: [ view_filter ] --END-- [ RunTime:0.000967s ]
INFO: [ app_end ] --START--
INFO: Run Behavior\ShowPageTraceBehavior [ RunTime:0.000910s ]
INFO: [ app_end ] --END-- [ RunTime:0.000956s ]

[ 2020-04-03T15:08:50+08:00 ] ::1 /bysystem/index.php/Oa/checkNotify.html
INFO: [ app_init ] --START--
INFO: Run Behavior\BuildLiteBehavior [ RunTime:0.000026s ]
INFO: [ app_init ] --END-- [ RunTime:0.001344s ]
INFO: [ app_begin ] --START--
INFO: Run Behavior\ReadHtmlCacheBehavior [ RunTime:0.001236s ]
INFO: [ app_begin ] --END-- [ RunTime:0.001312s ]
NOTIC: [2] session_start(): Cannot send session cache limiter - headers already sent D:\phpStudy\PHPTutorial\WWW\bysystem\ThinkPHP\Common\functions.php 第 1263 行.
SQL: SHOW COLUMNS FROM `yzx_oasystem` [ RunTime:0.0550s ]
SQL: SELECT * FROM `yzx_oasystem` WHERE `oasystem_noticestate` = 0 ORDER BY id desc  [ RunTime:0.0066s ]
SQL: SHOW COLUMNS FROM `yzx_notice` [ RunTime:0.0464s ]
SQL: SELECT * FROM `yzx_notice` WHERE `oasystem_id` = 55 AND `master_checkuser` = 7  [ RunTime:0.0003s ]
SQL: SELECT * FROM `yzx_notice` WHERE `oasystem_id` = 54 AND `master_checkuser` = 7  [ RunTime:0.0002s ]
SQL: SELECT * FROM `yzx_notice` WHERE `oasystem_id` = 52 AND `master_checkuser` = 7  [ RunTime:0.0003s ]
SQL: SELECT * FROM `yzx_notice` WHERE `oasystem_id` = 49 AND `master_checkuser` = 7  [ RunTime:0.0013s ]
SQL: SELECT * FROM `yzx_notice` WHERE `oasystem_id` = 28 AND `master_checkuser` = 7  [ RunTime:0.0012s ]
SQL: SELECT * FROM `yzx_notice` WHERE `oasystem_id` = 11 AND `master_checkuser` = 7  [ RunTime:0.0004s ]
SQL: SELECT * FROM `yzx_notice` WHERE `oasystem_id` = 5 AND `master_checkuser` = 7  [ RunTime:0.0003s ]
SQL: SELECT * FROM `yzx_notice` WHERE `oasystem_id` = 3 AND `master_checkuser` = 7  [ RunTime:0.0002s ]
SQL: SELECT * FROM `yzx_notice` WHERE `oasystem_id` = 2 AND `master_checkuser` = 7  [ RunTime:0.0002s ]
NOTIC: [8] Undefined variable: id D:\phpStudy\PHPTutorial\WWW\bysystem\Application\Admin\Controller\OaController.class.php 第 895 行.
NOTIC: [2] implode(): Invalid arguments passed D:\phpStudy\PHPTutorial\WWW\bysystem\Application\Admin\Controller\OaController.class.php 第 895 行.
NOTIC: [8] Undefined variable: id D:\phpStudy\PHPTutorial\WWW\bysystem\Application\Admin\Controller\OaController.class.php 第 897 行.
NOTIC: [2] Cannot modify header information - headers already sent D:\phpStudy\PHPTutorial\WWW\bysystem\ThinkPHP\Library\Think\Controller.class.php 第 215 行.

[ 2020-04-03T15:09:16+08:00 ] ::1 /bysystem/index.php/Index/index.html
INFO: [ app_init ] --START--
INFO: Run Behavior\BuildLiteBehavior [ RunTime:0.000016s ]
INFO: [ app_init ] --END-- [ RunTime:0.000741s ]
INFO: [ app_begin ] --START--
INFO: Run Behavior\ReadHtmlCacheBehavior [ RunTime:0.001535s ]
INFO: [ app_begin ] --END-- [ RunTime:0.001606s ]
SQL: SHOW COLUMNS FROM `yzx_rule` [ RunTime:0.0200s ]
SQL: SELECT * FROM `yzx_rule` ORDER BY id is null,id  [ RunTime:0.0025s ]
SQL: SHOW COLUMNS FROM `yzx_access` [ RunTime:0.0146s ]
SQL: SELECT `uid`,`group_id`,`title`,`rules` FROM yzx_access a INNER JOIN yzx_group g on a.group_id=g.id  WHERE ( a.uid='7' and g.status='1' )  [ RunTime:0.0022s ]
SQL: SHOW COLUMNS FROM `yzx_rule` [ RunTime:0.0121s ]
SQL: SELECT `condition`,`name` FROM `yzx_rule` WHERE `id` IN ('1','14','22','23','24','25','26','15','27','28','29','30','31','32','16','33','34','35','2','18','36','37','38','40','60','19','41','42','43','44','46','20','47','48','49','50','51','21','52','53','54','55','56','3','70','4','115','117','118','119','120','121','116','122','123','124','125','126','127','128','137','138','140','129','130','131','132','133','134','135','136','61','62','65','66','67','68','69','63','71','72','73','74','75','64','76','77','78','79','80','81','82','83','84','86','87','88','89','90','85','91','92','93','94','95','96','97','100','101','102','103','104','98','110','111','112','113','114','99','105','106','107','108','109') AND `type` = 1 AND `status` = 1  [ RunTime:0.0010s ]
INFO: [ view_parse ] --START--
INFO: [ template_filter ] --START--
INFO: Run Behavior\ContentReplaceBehavior [ RunTime:0.007629s ]
INFO: [ template_filter ] --END-- [ RunTime:0.007699s ]
INFO: Run Behavior\ParseTemplateBehavior [ RunTime:0.060543s ]
INFO: [ view_parse ] --END-- [ RunTime:0.060702s ]
INFO: [ view_filter ] --START--
INFO: Run Behavior\WriteHtmlCacheBehavior [ RunTime:0.001185s ]
INFO: [ view_filter ] --END-- [ RunTime:0.001230s ]
INFO: [ app_end ] --START--
INFO: Run Behavior\ShowPageTraceBehavior [ RunTime:0.001255s ]
INFO: [ app_end ] --END-- [ RunTime:0.001305s ]

[ 2020-04-03T15:09:16+08:00 ] ::1 /bysystem/index.php/index/welcome.html
INFO: [ app_init ] --START--
INFO: Run Behavior\BuildLiteBehavior [ RunTime:0.000103s ]
INFO: [ app_init ] --END-- [ RunTime:0.003087s ]
INFO: [ app_begin ] --START--
INFO: Run Behavior\ReadHtmlCacheBehavior [ RunTime:0.001378s ]
INFO: [ app_begin ] --END-- [ RunTime:0.001514s ]
INFO: [ view_parse ] --START--
INFO: [ template_filter ] --START--
INFO: Run Behavior\ContentReplaceBehavior [ RunTime:0.000078s ]
INFO: [ template_filter ] --END-- [ RunTime:0.000149s ]
INFO: Run Behavior\ParseTemplateBehavior [ RunTime:0.013924s ]
INFO: [ view_parse ] --END-- [ RunTime:0.014025s ]
INFO: [ view_filter ] --START--
INFO: Run Behavior\WriteHtmlCacheBehavior [ RunTime:0.001872s ]
INFO: [ view_filter ] --END-- [ RunTime:0.001967s ]
INFO: [ app_end ] --START--
INFO: Run Behavior\ShowPageTraceBehavior [ RunTime:0.002278s ]
INFO: [ app_end ] --END-- [ RunTime:0.002371s ]

[ 2020-04-03T15:09:16+08:00 ] ::1 /bysystem/Public/index/js/layer.js
INFO: [ app_init ] --START--
INFO: Run Behavior\BuildLiteBehavior [ RunTime:0.000018s ]
INFO: [ app_init ] --END-- [ RunTime:0.000670s ]
INFO: [ app_begin ] --START--
INFO: Run Behavior\ReadHtmlCacheBehavior [ RunTime:0.001741s ]
INFO: [ app_begin ] --END-- [ RunTime:0.001886s ]
ERR: 无法加载控制器:Public

[ 2020-04-03T15:09:16+08:00 ] ::1 /bysystem/index.php/Oa/checkNotify.html
INFO: [ app_init ] --START--
INFO: Run Behavior\BuildLiteBehavior [ RunTime:0.000020s ]
INFO: [ app_init ] --END-- [ RunTime:0.000796s ]
INFO: [ app_begin ] --START--
INFO: Run Behavior\ReadHtmlCacheBehavior [ RunTime:0.000996s ]
INFO: [ app_begin ] --END-- [ RunTime:0.001087s ]
SQL: SHOW COLUMNS FROM `yzx_oasystem` [ RunTime:0.0174s ]
SQL: SELECT * FROM `yzx_oasystem` WHERE `oasystem_noticestate` = 0 ORDER BY id desc  [ RunTime:0.0005s ]
SQL: SHOW COLUMNS FROM `yzx_notice` [ RunTime:0.0142s ]
SQL: SELECT * FROM `yzx_notice` WHERE `oasystem_id` = 55 AND `master_checkuser` = 7  [ RunTime:0.0004s ]
SQL: SELECT * FROM `yzx_notice` WHERE `oasystem_id` = 54 AND `master_checkuser` = 7  [ RunTime:0.0003s ]
SQL: SELECT * FROM `yzx_notice` WHERE `oasystem_id` = 52 AND `master_checkuser` = 7  [ RunTime:0.0003s ]
SQL: SELECT * FROM `yzx_notice` WHERE `oasystem_id` = 49 AND `master_checkuser` = 7  [ RunTime:0.0003s ]
SQL: SELECT * FROM `yzx_notice` WHERE `oasystem_id` = 28 AND `master_checkuser` = 7  [ RunTime:0.0004s ]
SQL: SELECT * FROM `yzx_notice` WHERE `oasystem_id` = 11 AND `master_checkuser` = 7  [ RunTime:0.0011s ]
SQL: SELECT * FROM `yzx_notice` WHERE `oasystem_id` = 5 AND `master_checkuser` = 7  [ RunTime:0.0005s ]
SQL: SELECT * FROM `yzx_notice` WHERE `oasystem_id` = 3 AND `master_checkuser` = 7  [ RunTime:0.0004s ]
SQL: SELECT * FROM `yzx_notice` WHERE `oasystem_id` = 2 AND `master_checkuser` = 7  [ RunTime:0.0004s ]
NOTIC: [8] Undefined variable: id D:\phpStudy\PHPTutorial\WWW\bysystem\Application\Admin\Controller\OaController.class.php 第 895 行.
NOTIC: [2] implode(): Invalid arguments passed D:\phpStudy\PHPTutorial\WWW\bysystem\Application\Admin\Controller\OaController.class.php 第 895 行.
NOTIC: [8] Undefined variable: id D:\phpStudy\PHPTutorial\WWW\bysystem\Application\Admin\Controller\OaController.class.php 第 897 行.

[ 2020-04-03T15:10:03+08:00 ] ::1 /bysystem/index.php/Index/index.html
INFO: [ app_init ] --START--
INFO: Run Behavior\BuildLiteBehavior [ RunTime:0.000019s ]
INFO: [ app_init ] --END-- [ RunTime:0.001154s ]
INFO: [ app_begin ] --START--
INFO: Run Behavior\ReadHtmlCacheBehavior [ RunTime:0.001651s ]
INFO: [ app_begin ] --END-- [ RunTime:0.001714s ]
SQL: SHOW COLUMNS FROM `yzx_rule` [ RunTime:0.0265s ]
SQL: SELECT * FROM `yzx_rule` ORDER BY id is null,id  [ RunTime:0.0012s ]
SQL: SHOW COLUMNS FROM `yzx_access` [ RunTime:0.0130s ]
SQL: SELECT `uid`,`group_id`,`title`,`rules` FROM yzx_access a INNER JOIN yzx_group g on a.group_id=g.id  WHERE ( a.uid='7' and g.status='1' )  [ RunTime:0.0027s ]
SQL: SHOW COLUMNS FROM `yzx_rule` [ RunTime:0.0308s ]
SQL: SELECT `condition`,`name` FROM `yzx_rule` WHERE `id` IN ('1','14','22','23','24','25','26','15','27','28','29','30','31','32','16','33','34','35','2','18','36','37','38','40','60','19','41','42','43','44','46','20','47','48','49','50','51','21','52','53','54','55','56','3','70','4','115','117','118','119','120','121','116','122','123','124','125','126','127','128','137','138','140','129','130','131','132','133','134','135','136','61','62','65','66','67','68','69','63','71','72','73','74','75','64','76','77','78','79','80','81','82','83','84','86','87','88','89','90','85','91','92','93','94','95','96','97','100','101','102','103','104','98','110','111','112','113','114','99','105','106','107','108','109') AND `type` = 1 AND `status` = 1  [ RunTime:0.0007s ]
INFO: [ view_parse ] --START--
INFO: [ template_filter ] --START--
INFO: Run Behavior\ContentReplaceBehavior [ RunTime:0.000047s ]
INFO: [ template_filter ] --END-- [ RunTime:0.000079s ]
INFO: Run Behavior\ParseTemplateBehavior [ RunTime:0.052782s ]
INFO: [ view_parse ] --END-- [ RunTime:0.052821s ]
INFO: [ view_filter ] --START--
INFO: Run Behavior\WriteHtmlCacheBehavior [ RunTime:0.000616s ]
INFO: [ view_filter ] --END-- [ RunTime:0.000641s ]
INFO: [ app_end ] --START--
INFO: Run Behavior\ShowPageTraceBehavior [ RunTime:0.000778s ]
INFO: [ app_end ] --END-- [ RunTime:0.000806s ]

[ 2020-04-03T15:10:03+08:00 ] ::1 /bysystem/index.php/index/welcome.html
INFO: [ app_init ] --START--
INFO: Run Behavior\BuildLiteBehavior [ RunTime:0.000018s ]
INFO: [ app_init ] --END-- [ RunTime:0.000973s ]
INFO: [ app_begin ] --START--
INFO: Run Behavior\ReadHtmlCacheBehavior [ RunTime:0.001344s ]
INFO: [ app_begin ] --END-- [ RunTime:0.001406s ]
INFO: [ view_parse ] --START--
INFO: [ template_filter ] --START--
INFO: Run Behavior\ContentReplaceBehavior [ RunTime:0.000076s ]
INFO: [ template_filter ] --END-- [ RunTime:0.000142s ]
INFO: Run Behavior\ParseTemplateBehavior [ RunTime:0.014547s ]
INFO: [ view_parse ] --END-- [ RunTime:0.014601s ]
INFO: [ view_filter ] --START--
INFO: Run Behavior\WriteHtmlCacheBehavior [ RunTime:0.000818s ]
INFO: [ view_filter ] --END-- [ RunTime:0.000870s ]
INFO: [ app_end ] --START--
INFO: Run Behavior\ShowPageTraceBehavior [ RunTime:0.001115s ]
INFO: [ app_end ] --END-- [ RunTime:0.001163s ]

[ 2020-04-03T15:10:03+08:00 ] ::1 /bysystem/index.php/Oa/checkNotify.html
INFO: [ app_init ] --START--
INFO: Run Behavior\BuildLiteBehavior [ RunTime:0.000014s ]
INFO: [ app_init ] --END-- [ RunTime:0.000608s ]
INFO: [ app_begin ] --START--
INFO: Run Behavior\ReadHtmlCacheBehavior [ RunTime:0.000691s ]
INFO: [ app_begin ] --END-- [ RunTime:0.000724s ]
SQL: SHOW COLUMNS FROM `yzx_oasystem` [ RunTime:0.1015s ]
SQL: SELECT * FROM `yzx_oasystem` WHERE `oasystem_noticestate` = 0 ORDER BY id desc  [ RunTime:0.0007s ]
SQL: SHOW COLUMNS FROM `yzx_notice` [ RunTime:0.0229s ]
SQL: SELECT * FROM `yzx_notice` WHERE `oasystem_id` = 55 AND `master_checkuser` = 7  [ RunTime:0.0003s ]
SQL: SELECT * FROM `yzx_notice` WHERE `oasystem_id` = 54 AND `master_checkuser` = 7  [ RunTime:0.0002s ]
SQL: SELECT * FROM `yzx_notice` WHERE `oasystem_id` = 52 AND `master_checkuser` = 7  [ RunTime:0.0002s ]
SQL: SELECT * FROM `yzx_notice` WHERE `oasystem_id` = 49 AND `master_checkuser` = 7  [ RunTime:0.0002s ]
SQL: SELECT * FROM `yzx_notice` WHERE `oasystem_id` = 28 AND `master_checkuser` = 7  [ RunTime:0.0002s ]
SQL: SELECT * FROM `yzx_notice` WHERE `oasystem_id` = 11 AND `master_checkuser` = 7  [ RunTime:0.0002s ]
SQL: SELECT * FROM `yzx_notice` WHERE `oasystem_id` = 5 AND `master_checkuser` = 7  [ RunTime:0.0002s ]
SQL: SELECT * FROM `yzx_notice` WHERE `oasystem_id` = 3 AND `master_checkuser` = 7  [ RunTime:0.0002s ]
SQL: SELECT * FROM `yzx_notice` WHERE `oasystem_id` = 2 AND `master_checkuser` = 7  [ RunTime:0.0002s ]
NOTIC: [8] Undefined variable: id D:\phpStudy\PHPTutorial\WWW\bysystem\Application\Admin\Controller\OaController.class.php 第 895 行.
NOTIC: [2] implode(): Invalid arguments passed D:\phpStudy\PHPTutorial\WWW\bysystem\Application\Admin\Controller\OaController.class.php 第 895 行.
NOTIC: [8] Undefined variable: id D:\phpStudy\PHPTutorial\WWW\bysystem\Application\Admin\Controller\OaController.class.php 第 897 行.

[ 2020-04-03T15:17:50+08:00 ] ::1 /bysystem/index.php/Index/index.html
INFO: [ app_init ] --START--
INFO: Run Behavior\BuildLiteBehavior [ RunTime:0.000015s ]
INFO: [ app_init ] --END-- [ RunTime:0.000759s ]
INFO: [ app_begin ] --START--
INFO: Run Behavior\ReadHtmlCacheBehavior [ RunTime:0.001359s ]
INFO: [ app_begin ] --END-- [ RunTime:0.001472s ]
SQL: SHOW COLUMNS FROM `yzx_rule` [ RunTime:0.0122s ]
SQL: SELECT * FROM `yzx_rule` ORDER BY id is null,id  [ RunTime:0.0015s ]
SQL: SHOW COLUMNS FROM `yzx_access` [ RunTime:0.0112s ]
SQL: SELECT `uid`,`group_id`,`title`,`rules` FROM yzx_access a INNER JOIN yzx_group g on a.group_id=g.id  WHERE ( a.uid='7' and g.status='1' )  [ RunTime:0.0026s ]
SQL: SHOW COLUMNS FROM `yzx_rule` [ RunTime:0.0106s ]
SQL: SELECT `condition`,`name` FROM `yzx_rule` WHERE `id` IN ('1','14','22','23','24','25','26','15','27','28','29','30','31','32','16','33','34','35','2','18','36','37','38','40','60','19','41','42','43','44','46','20','47','48','49','50','51','21','52','53','54','55','56','3','70','4','115','117','118','119','120','121','116','122','123','124','125','126','127','128','137','138','140','129','130','131','132','133','134','135','136','61','62','65','66','67','68','69','63','71','72','73','74','75','64','76','77','78','79','80','81','82','83','84','86','87','88','89','90','85','91','92','93','94','95','96','97','100','101','102','103','104','98','110','111','112','113','114','99','105','106','107','108','109') AND `type` = 1 AND `status` = 1  [ RunTime:0.0008s ]
INFO: [ view_parse ] --START--
INFO: [ template_filter ] --START--
INFO: Run Behavior\ContentReplaceBehavior [ RunTime:0.000095s ]
INFO: [ template_filter ] --END-- [ RunTime:0.000185s ]
INFO: Run Behavior\ParseTemplateBehavior [ RunTime:0.028796s ]
INFO: [ view_parse ] --END-- [ RunTime:0.028858s ]
INFO: [ view_filter ] --START--
INFO: Run Behavior\WriteHtmlCacheBehavior [ RunTime:0.000633s ]
INFO: [ view_filter ] --END-- [ RunTime:0.000670s ]
INFO: [ app_end ] --START--
INFO: Run Behavior\ShowPageTraceBehavior [ RunTime:0.000822s ]
INFO: [ app_end ] --END-- [ RunTime:0.000867s ]

[ 2020-04-03T15:17:50+08:00 ] ::1 /bysystem/index.php/index/welcome.html
INFO: [ app_init ] --START--
INFO: Run Behavior\BuildLiteBehavior [ RunTime:0.000028s ]
INFO: [ app_init ] --END-- [ RunTime:0.003916s ]
INFO: [ app_begin ] --START--
INFO: Run Behavior\ReadHtmlCacheBehavior [ RunTime:0.001360s ]
INFO: [ app_begin ] --END-- [ RunTime:0.001473s ]
INFO: [ view_parse ] --START--
INFO: [ template_filter ] --START--
INFO: Run Behavior\ContentReplaceBehavior [ RunTime:0.000113s ]
INFO: [ template_filter ] --END-- [ RunTime:0.000277s ]
INFO: Run Behavior\ParseTemplateBehavior [ RunTime:0.012511s ]
INFO: [ view_parse ] --END-- [ RunTime:0.012600s ]
INFO: [ view_filter ] --START--
INFO: Run Behavior\WriteHtmlCacheBehavior [ RunTime:0.000568s ]
INFO: [ view_filter ] --END-- [ RunTime:0.000615s ]
INFO: [ app_end ] --START--
INFO: Run Behavior\ShowPageTraceBehavior [ RunTime:0.000785s ]
INFO: [ app_end ] --END-- [ RunTime:0.000838s ]

[ 2020-04-03T15:17:50+08:00 ] ::1 /bysystem/index.php/Oa/checkNotify.html
INFO: [ app_init ] --START--
INFO: Run Behavior\BuildLiteBehavior [ RunTime:0.000016s ]
INFO: [ app_init ] --END-- [ RunTime:0.000564s ]
INFO: [ app_begin ] --START--
INFO: Run Behavior\ReadHtmlCacheBehavior [ RunTime:0.000642s ]
INFO: [ app_begin ] --END-- [ RunTime:0.000695s ]
NOTIC: [2] session_start(): Cannot send session cache limiter - headers already sent D:\phpStudy\PHPTutorial\WWW\bysystem\ThinkPHP\Common\functions.php 第 1263 行.
SQL: SHOW COLUMNS FROM `yzx_oasystem` [ RunTime:0.0130s ]
SQL: SELECT * FROM `yzx_oasystem` WHERE `oasystem_noticestate` = 0 ORDER BY id desc  [ RunTime:0.0005s ]
SQL: SHOW COLUMNS FROM `yzx_notice` [ RunTime:0.0087s ]
SQL: SELECT * FROM `yzx_notice` WHERE `oasystem_id` = 55 AND `master_checkuser` = 7  [ RunTime:0.0003s ]
SQL: SELECT * FROM `yzx_notice` WHERE `oasystem_id` = 54 AND `master_checkuser` = 7  [ RunTime:0.0002s ]
SQL: SELECT * FROM `yzx_notice` WHERE `oasystem_id` = 52 AND `master_checkuser` = 7  [ RunTime:0.0002s ]
SQL: SELECT * FROM `yzx_notice` WHERE `oasystem_id` = 49 AND `master_checkuser` = 7  [ RunTime:0.0002s ]
SQL: SELECT * FROM `yzx_notice` WHERE `oasystem_id` = 28 AND `master_checkuser` = 7  [ RunTime:0.0002s ]
SQL: SELECT * FROM `yzx_notice` WHERE `oasystem_id` = 11 AND `master_checkuser` = 7  [ RunTime:0.0002s ]
SQL: SELECT * FROM `yzx_notice` WHERE `oasystem_id` = 5 AND `master_checkuser` = 7  [ RunTime:0.0004s ]
SQL: SELECT * FROM `yzx_notice` WHERE `oasystem_id` = 3 AND `master_checkuser` = 7  [ RunTime:0.0004s ]
SQL: SELECT * FROM `yzx_notice` WHERE `oasystem_id` = 2 AND `master_checkuser` = 7  [ RunTime:0.0011s ]
NOTIC: [8] Undefined variable: id D:\phpStudy\PHPTutorial\WWW\bysystem\Application\Admin\Controller\OaController.class.php 第 895 行.
NOTIC: [2] implode(): Invalid arguments passed D:\phpStudy\PHPTutorial\WWW\bysystem\Application\Admin\Controller\OaController.class.php 第 895 行.
NOTIC: [8] Undefined variable: id D:\phpStudy\PHPTutorial\WWW\bysystem\Application\Admin\Controller\OaController.class.php 第 897 行.
NOTIC: [2] Cannot modify header information - headers already sent D:\phpStudy\PHPTutorial\WWW\bysystem\ThinkPHP\Library\Think\Controller.class.php 第 215 行.

