[ 2020-03-06T16:04:38+08:00 ] ::1 /bysystem/index.php/Index/index.html
INFO: [ app_init ] --START--
INFO: Run Behavior\BuildLiteBehavior [ RunTime:0.000026s ]
INFO: [ app_init ] --END-- [ RunTime:0.027965s ]
INFO: [ app_begin ] --START--
INFO: Run Behavior\ReadHtmlCacheBehavior [ RunTime:0.032364s ]
INFO: [ app_begin ] --END-- [ RunTime:0.032435s ]

[ 2020-03-06T16:04:39+08:00 ] ::1 /bysystem/index.php/Login/index.html
INFO: [ app_init ] --START--
INFO: Run Behavior\BuildLiteBehavior [ RunTime:0.000020s ]
INFO: [ app_init ] --END-- [ RunTime:0.000963s ]
INFO: [ app_begin ] --START--
INFO: Run Behavior\ReadHtmlCacheBehavior [ RunTime:0.001572s ]
INFO: [ app_begin ] --END-- [ RunTime:0.001679s ]
INFO: [ view_parse ] --START--
INFO: [ template_filter ] --START--
INFO: Run Behavior\ContentReplaceBehavior [ RunTime:0.014113s ]
INFO: [ template_filter ] --END-- [ RunTime:0.014215s ]
INFO: Run Behavior\ParseTemplateBehavior [ RunTime:0.122741s ]
INFO: [ view_parse ] --END-- [ RunTime:0.122797s ]
INFO: [ view_filter ] --START--
INFO: Run Behavior\WriteHtmlCacheBehavior [ RunTime:0.023015s ]
INFO: [ view_filter ] --END-- [ RunTime:0.023171s ]
INFO: [ app_end ] --START--
INFO: Run Behavior\ShowPageTraceBehavior [ RunTime:0.008890s ]
INFO: [ app_end ] --END-- [ RunTime:0.009078s ]

