[ 2020-01-19T20:57:18+08:00 ] ::1 /bysystem/index.php/Index/index.html
INFO: [ app_init ] --START--
INFO: Run Behavior\BuildLiteBehavior [ RunTime:0.000035s ]
INFO: [ app_init ] --END-- [ RunTime:0.013505s ]
INFO: [ app_begin ] --START--
INFO: Run Behavior\ReadHtmlCacheBehavior [ RunTime:0.013482s ]
INFO: [ app_begin ] --END-- [ RunTime:0.013651s ]

[ 2020-01-19T20:57:18+08:00 ] ::1 /bysystem/index.php/Login/index.html
INFO: [ app_init ] --START--
INFO: Run Behavior\BuildLiteBehavior [ RunTime:0.000042s ]
INFO: [ app_init ] --END-- [ RunTime:0.001431s ]
INFO: [ app_begin ] --START--
INFO: Run Behavior\ReadHtmlCacheBehavior [ RunTime:0.001633s ]
INFO: [ app_begin ] --END-- [ RunTime:0.001711s ]
INFO: [ view_parse ] --START--
INFO: [ template_filter ] --START--
INFO: Run Behavior\ContentReplaceBehavior [ RunTime:0.023179s ]
INFO: [ template_filter ] --END-- [ RunTime:0.023438s ]
INFO: Run Behavior\ParseTemplateBehavior [ RunTime:0.094955s ]
INFO: [ view_parse ] --END-- [ RunTime:0.095042s ]
INFO: [ view_filter ] --START--
INFO: Run Behavior\WriteHtmlCacheBehavior [ RunTime:0.032260s ]
INFO: [ view_filter ] --END-- [ RunTime:0.032369s ]
INFO: [ app_end ] --START--
INFO: Run Behavior\ShowPageTraceBehavior [ RunTime:0.009108s ]
INFO: [ app_end ] --END-- [ RunTime:0.009219s ]

[ 2020-01-19T20:57:33+08:00 ] ::1 /bysystem/index.php/login/login.html
INFO: [ app_init ] --START--
INFO: Run Behavior\BuildLiteBehavior [ RunTime:0.000026s ]
INFO: [ app_init ] --END-- [ RunTime:0.001922s ]
INFO: [ app_begin ] --START--
INFO: Run Behavior\ReadHtmlCacheBehavior [ RunTime:0.002347s ]
INFO: [ app_begin ] --END-- [ RunTime:0.002465s ]
SQL: SHOW COLUMNS FROM `yzx_master` [ RunTime:0.0259s ]
SQL: SELECT * FROM `yzx_master` WHERE `master_username` = 'admin' LIMIT 1   [ RunTime:0.0007s ]

[ 2020-01-19T20:57:33+08:00 ] ::1 /bysystem/index.php/Index/index.html
INFO: [ app_init ] --START--
INFO: Run Behavior\BuildLiteBehavior [ RunTime:0.000026s ]
INFO: [ app_init ] --END-- [ RunTime:0.001573s ]
INFO: [ app_begin ] --START--
INFO: Run Behavior\ReadHtmlCacheBehavior [ RunTime:0.002071s ]
INFO: [ app_begin ] --END-- [ RunTime:0.002236s ]
SQL: SHOW COLUMNS FROM `yzx_rule` [ RunTime:0.0459s ]
SQL: SELECT * FROM `yzx_rule` ORDER BY id is null,id  [ RunTime:0.0719s ]
SQL: SHOW COLUMNS FROM `yzx_access` [ RunTime:0.0657s ]
SQL: SELECT `uid`,`group_id`,`title`,`rules` FROM yzx_access a INNER JOIN yzx_group g on a.group_id=g.id  WHERE ( a.uid='7' and g.status='1' )  [ RunTime:0.0385s ]
SQL: SHOW COLUMNS FROM `yzx_rule` [ RunTime:0.0228s ]
SQL: SELECT `condition`,`name` FROM `yzx_rule` WHERE `id` IN ('1','14','22','23','24','25','26','15','27','28','29','30','31','32','16','33','34','35','2','18','36','37','38','40','60','19','41','42','43','44','46','20','47','48','49','50','51','21','52','53','54','55','56','3','70','4','115','117','118','119','120','121','116','122','123','124','125','126','127','128','137','138','140','129','130','131','132','133','134','135','136','61','62','65','66','67','68','69','63','71','72','73','74','75','64','76','77','78','79','80','81','82','83','84','86','87','88','89','90','85','91','92','93','94','95','96','97','100','101','102','103','104','98','110','111','112','113','114','99','105','106','107','108','109') AND `type` = 1 AND `status` = 1  [ RunTime:0.0017s ]
INFO: [ view_parse ] --START--
INFO: [ template_filter ] --START--
INFO: Run Behavior\ContentReplaceBehavior [ RunTime:0.000126s ]
INFO: [ template_filter ] --END-- [ RunTime:0.000274s ]
INFO: Run Behavior\ParseTemplateBehavior [ RunTime:0.130889s ]
INFO: [ view_parse ] --END-- [ RunTime:0.131013s ]
INFO: [ view_filter ] --START--
INFO: Run Behavior\WriteHtmlCacheBehavior [ RunTime:0.001904s ]
INFO: [ view_filter ] --END-- [ RunTime:0.001990s ]
INFO: [ app_end ] --START--
INFO: Run Behavior\ShowPageTraceBehavior [ RunTime:0.003236s ]
INFO: [ app_end ] --END-- [ RunTime:0.003359s ]

[ 2020-01-19T20:57:34+08:00 ] ::1 /bysystem/index.php/index/welcome.html
INFO: [ app_init ] --START--
INFO: Run Behavior\BuildLiteBehavior [ RunTime:0.000023s ]
INFO: [ app_init ] --END-- [ RunTime:0.001530s ]
INFO: [ app_begin ] --START--
INFO: Run Behavior\ReadHtmlCacheBehavior [ RunTime:0.003718s ]
INFO: [ app_begin ] --END-- [ RunTime:0.003828s ]
INFO: [ view_parse ] --START--
INFO: [ template_filter ] --START--
INFO: Run Behavior\ContentReplaceBehavior [ RunTime:0.000308s ]
INFO: [ template_filter ] --END-- [ RunTime:0.000546s ]
INFO: Run Behavior\ParseTemplateBehavior [ RunTime:0.123459s ]
INFO: [ view_parse ] --END-- [ RunTime:0.123608s ]
INFO: [ view_filter ] --START--
INFO: Run Behavior\WriteHtmlCacheBehavior [ RunTime:0.003684s ]
INFO: [ view_filter ] --END-- [ RunTime:0.003811s ]
INFO: [ app_end ] --START--
INFO: Run Behavior\ShowPageTraceBehavior [ RunTime:0.011643s ]
INFO: [ app_end ] --END-- [ RunTime:0.011821s ]

[ 2020-01-19T20:57:34+08:00 ] ::1 /bysystem/Public/index/js/layer.js
INFO: [ app_init ] --START--
INFO: Run Behavior\BuildLiteBehavior [ RunTime:0.000028s ]
INFO: [ app_init ] --END-- [ RunTime:0.001693s ]
INFO: [ app_begin ] --START--
INFO: Run Behavior\ReadHtmlCacheBehavior [ RunTime:0.002719s ]
INFO: [ app_begin ] --END-- [ RunTime:0.002834s ]
ERR: 无法加载控制器:Public

[ 2020-01-19T20:57:35+08:00 ] ::1 /bysystem/index.php/Oa/checkNotify.html
INFO: [ app_init ] --START--
INFO: Run Behavior\BuildLiteBehavior [ RunTime:0.000022s ]
INFO: [ app_init ] --END-- [ RunTime:0.001269s ]
INFO: [ app_begin ] --START--
INFO: Run Behavior\ReadHtmlCacheBehavior [ RunTime:0.004169s ]
INFO: [ app_begin ] --END-- [ RunTime:0.004279s ]
SQL: SHOW COLUMNS FROM `yzx_oasystem` [ RunTime:0.0880s ]
SQL: SELECT * FROM `yzx_oasystem` WHERE `oasystem_noticestate` = 0 ORDER BY id desc  [ RunTime:0.0152s ]
SQL: SHOW COLUMNS FROM `yzx_notice` [ RunTime:0.0953s ]
SQL: SELECT * FROM `yzx_notice` WHERE `oasystem_id` = 53 AND `master_checkuser` = 7  [ RunTime:0.0014s ]
SQL: SELECT * FROM `yzx_notice` WHERE `oasystem_id` = 52 AND `master_checkuser` = 7  [ RunTime:0.0010s ]
SQL: SELECT * FROM `yzx_notice` WHERE `oasystem_id` = 49 AND `master_checkuser` = 7  [ RunTime:0.0010s ]
SQL: SELECT * FROM `yzx_notice` WHERE `oasystem_id` = 11 AND `master_checkuser` = 7  [ RunTime:0.0009s ]
SQL: SELECT * FROM `yzx_notice` WHERE `oasystem_id` = 5 AND `master_checkuser` = 7  [ RunTime:0.0009s ]
SQL: SELECT * FROM `yzx_notice` WHERE `oasystem_id` = 3 AND `master_checkuser` = 7  [ RunTime:0.0009s ]
SQL: SELECT * FROM `yzx_notice` WHERE `oasystem_id` = 2 AND `master_checkuser` = 7  [ RunTime:0.0013s ]
NOTIC: [8] Undefined variable: id D:\phpStudy\PHPTutorial\WWW\bysystem\Application\Admin\Controller\OaController.class.php 第 895 行.
NOTIC: [2] implode(): Invalid arguments passed D:\phpStudy\PHPTutorial\WWW\bysystem\Application\Admin\Controller\OaController.class.php 第 895 行.
NOTIC: [8] Undefined variable: id D:\phpStudy\PHPTutorial\WWW\bysystem\Application\Admin\Controller\OaController.class.php 第 897 行.

[ 2020-01-19T20:57:38+08:00 ] ::1 /bysystem/index.php/Basic/Costlist.html
INFO: [ app_init ] --START--
INFO: Run Behavior\BuildLiteBehavior [ RunTime:0.000036s ]
INFO: [ app_init ] --END-- [ RunTime:0.002277s ]
INFO: [ app_begin ] --START--
INFO: Run Behavior\ReadHtmlCacheBehavior [ RunTime:0.002042s ]
INFO: [ app_begin ] --END-- [ RunTime:0.002142s ]
SQL: SHOW COLUMNS FROM `yzx_access` [ RunTime:0.0276s ]
SQL: SELECT `uid`,`group_id`,`title`,`rules` FROM yzx_access a INNER JOIN yzx_group g on a.group_id=g.id  WHERE ( a.uid='7' and g.status='1' )  [ RunTime:0.0007s ]
SQL: SHOW COLUMNS FROM `yzx_rule` [ RunTime:0.0156s ]
SQL: SELECT `condition`,`name` FROM `yzx_rule` WHERE `id` IN ('1','14','22','23','24','25','26','15','27','28','29','30','31','32','16','33','34','35','2','18','36','37','38','40','60','19','41','42','43','44','46','20','47','48','49','50','51','21','52','53','54','55','56','3','70','4','115','117','118','119','120','121','116','122','123','124','125','126','127','128','137','138','140','129','130','131','132','133','134','135','136','61','62','65','66','67','68','69','63','71','72','73','74','75','64','76','77','78','79','80','81','82','83','84','86','87','88','89','90','85','91','92','93','94','95','96','97','100','101','102','103','104','98','110','111','112','113','114','99','105','106','107','108','109') AND `type` = 1 AND `status` = 1  [ RunTime:0.0012s ]
SQL: SHOW COLUMNS FROM `yzx_cost` [ RunTime:0.0746s ]
SQL: SELECT COUNT(*) AS tp_count FROM `yzx_cost` LIMIT 1   [ RunTime:0.0007s ]
SQL: SELECT * FROM `yzx_cost` ORDER BY id desc LIMIT 0,20   [ RunTime:0.0009s ]
INFO: [ view_parse ] --START--
INFO: [ template_filter ] --START--
INFO: Run Behavior\ContentReplaceBehavior [ RunTime:0.000121s ]
INFO: [ template_filter ] --END-- [ RunTime:0.000205s ]
NOTIC: [8] Undefined variable: key D:\phpStudy\PHPTutorial\WWW\bysystem\Application\Runtime\Cache\Admin\4cdc0cb2180ba442433c6c4af855c415.php 第 152 行.
INFO: Run Behavior\ParseTemplateBehavior [ RunTime:0.041831s ]
INFO: [ view_parse ] --END-- [ RunTime:0.041935s ]
INFO: [ view_filter ] --START--
INFO: Run Behavior\WriteHtmlCacheBehavior [ RunTime:0.003310s ]
INFO: [ view_filter ] --END-- [ RunTime:0.003398s ]
INFO: [ app_end ] --START--
INFO: Run Behavior\ShowPageTraceBehavior [ RunTime:0.003847s ]
INFO: [ app_end ] --END-- [ RunTime:0.003986s ]

[ 2020-01-19T20:57:38+08:00 ] ::1 /bysystem/Public/index/js/layer.js
INFO: [ app_init ] --START--
INFO: Run Behavior\BuildLiteBehavior [ RunTime:0.000017s ]
INFO: [ app_init ] --END-- [ RunTime:0.001394s ]
INFO: [ app_begin ] --START--
INFO: Run Behavior\ReadHtmlCacheBehavior [ RunTime:0.002638s ]
INFO: [ app_begin ] --END-- [ RunTime:0.002749s ]
ERR: 无法加载控制器:Public

[ 2020-01-19T20:57:39+08:00 ] ::1 /bysystem/index.php/Oa/checkNotify.html
INFO: [ app_init ] --START--
INFO: Run Behavior\BuildLiteBehavior [ RunTime:0.000028s ]
INFO: [ app_init ] --END-- [ RunTime:0.001524s ]
INFO: [ app_begin ] --START--
INFO: Run Behavior\ReadHtmlCacheBehavior [ RunTime:0.002250s ]
INFO: [ app_begin ] --END-- [ RunTime:0.002360s ]
SQL: SHOW COLUMNS FROM `yzx_oasystem` [ RunTime:0.0162s ]
SQL: SELECT * FROM `yzx_oasystem` WHERE `oasystem_noticestate` = 0 ORDER BY id desc  [ RunTime:0.0006s ]
SQL: SHOW COLUMNS FROM `yzx_notice` [ RunTime:0.0153s ]
SQL: SELECT * FROM `yzx_notice` WHERE `oasystem_id` = 53 AND `master_checkuser` = 7  [ RunTime:0.0005s ]
SQL: SELECT * FROM `yzx_notice` WHERE `oasystem_id` = 52 AND `master_checkuser` = 7  [ RunTime:0.0003s ]
SQL: SELECT * FROM `yzx_notice` WHERE `oasystem_id` = 49 AND `master_checkuser` = 7  [ RunTime:0.0003s ]
SQL: SELECT * FROM `yzx_notice` WHERE `oasystem_id` = 11 AND `master_checkuser` = 7  [ RunTime:0.0006s ]
SQL: SELECT * FROM `yzx_notice` WHERE `oasystem_id` = 5 AND `master_checkuser` = 7  [ RunTime:0.0003s ]
SQL: SELECT * FROM `yzx_notice` WHERE `oasystem_id` = 3 AND `master_checkuser` = 7  [ RunTime:0.0003s ]
SQL: SELECT * FROM `yzx_notice` WHERE `oasystem_id` = 2 AND `master_checkuser` = 7  [ RunTime:0.0003s ]
NOTIC: [8] Undefined variable: id D:\phpStudy\PHPTutorial\WWW\bysystem\Application\Admin\Controller\OaController.class.php 第 895 行.
NOTIC: [2] implode(): Invalid arguments passed D:\phpStudy\PHPTutorial\WWW\bysystem\Application\Admin\Controller\OaController.class.php 第 895 行.
NOTIC: [8] Undefined variable: id D:\phpStudy\PHPTutorial\WWW\bysystem\Application\Admin\Controller\OaController.class.php 第 897 行.

[ 2020-01-19T20:57:40+08:00 ] ::1 /bysystem/index.php/Basic/Companylist.html
INFO: [ app_init ] --START--
INFO: Run Behavior\BuildLiteBehavior [ RunTime:0.000026s ]
INFO: [ app_init ] --END-- [ RunTime:0.001551s ]
INFO: [ app_begin ] --START--
INFO: Run Behavior\ReadHtmlCacheBehavior [ RunTime:0.002685s ]
INFO: [ app_begin ] --END-- [ RunTime:0.002807s ]
SQL: SHOW COLUMNS FROM `yzx_access` [ RunTime:0.0161s ]
SQL: SELECT `uid`,`group_id`,`title`,`rules` FROM yzx_access a INNER JOIN yzx_group g on a.group_id=g.id  WHERE ( a.uid='7' and g.status='1' )  [ RunTime:0.0006s ]
SQL: SHOW COLUMNS FROM `yzx_rule` [ RunTime:0.0174s ]
SQL: SELECT `condition`,`name` FROM `yzx_rule` WHERE `id` IN ('1','14','22','23','24','25','26','15','27','28','29','30','31','32','16','33','34','35','2','18','36','37','38','40','60','19','41','42','43','44','46','20','47','48','49','50','51','21','52','53','54','55','56','3','70','4','115','117','118','119','120','121','116','122','123','124','125','126','127','128','137','138','140','129','130','131','132','133','134','135','136','61','62','65','66','67','68','69','63','71','72','73','74','75','64','76','77','78','79','80','81','82','83','84','86','87','88','89','90','85','91','92','93','94','95','96','97','100','101','102','103','104','98','110','111','112','113','114','99','105','106','107','108','109') AND `type` = 1 AND `status` = 1  [ RunTime:0.0017s ]
SQL: SHOW COLUMNS FROM `yzx_company` [ RunTime:0.0618s ]
SQL: SELECT COUNT(*) AS tp_count FROM `yzx_company` LIMIT 1   [ RunTime:0.0004s ]
SQL: SELECT * FROM `yzx_company` ORDER BY id desc LIMIT 0,20   [ RunTime:0.0005s ]
INFO: [ view_parse ] --START--
INFO: [ template_filter ] --START--
INFO: Run Behavior\ContentReplaceBehavior [ RunTime:0.000160s ]
INFO: [ template_filter ] --END-- [ RunTime:0.000302s ]
NOTIC: [8] Undefined variable: key D:\phpStudy\PHPTutorial\WWW\bysystem\Application\Runtime\Cache\Admin\ea0eac821af0f6fbdaaa79a4f6e2b9c0.php 第 151 行.
INFO: Run Behavior\ParseTemplateBehavior [ RunTime:0.041301s ]
INFO: [ view_parse ] --END-- [ RunTime:0.041393s ]
INFO: [ view_filter ] --START--
INFO: Run Behavior\WriteHtmlCacheBehavior [ RunTime:0.002785s ]
INFO: [ view_filter ] --END-- [ RunTime:0.003101s ]
INFO: [ app_end ] --START--
INFO: Run Behavior\ShowPageTraceBehavior [ RunTime:0.004318s ]
INFO: [ app_end ] --END-- [ RunTime:0.004425s ]

[ 2020-01-19T20:57:40+08:00 ] ::1 /bysystem/Public/index/js/layer.js
INFO: [ app_init ] --START--
INFO: Run Behavior\BuildLiteBehavior [ RunTime:0.000020s ]
INFO: [ app_init ] --END-- [ RunTime:0.001502s ]
INFO: [ app_begin ] --START--
INFO: Run Behavior\ReadHtmlCacheBehavior [ RunTime:0.001779s ]
INFO: [ app_begin ] --END-- [ RunTime:0.001858s ]
ERR: 无法加载控制器:Public

[ 2020-01-19T20:57:40+08:00 ] ::1 /bysystem/index.php/Oa/checkNotify.html
INFO: [ app_init ] --START--
INFO: Run Behavior\BuildLiteBehavior [ RunTime:0.000029s ]
INFO: [ app_init ] --END-- [ RunTime:0.001765s ]
INFO: [ app_begin ] --START--
INFO: Run Behavior\ReadHtmlCacheBehavior [ RunTime:0.002224s ]
INFO: [ app_begin ] --END-- [ RunTime:0.002339s ]
SQL: SHOW COLUMNS FROM `yzx_oasystem` [ RunTime:0.0183s ]
SQL: SELECT * FROM `yzx_oasystem` WHERE `oasystem_noticestate` = 0 ORDER BY id desc  [ RunTime:0.0008s ]
SQL: SHOW COLUMNS FROM `yzx_notice` [ RunTime:0.0146s ]
SQL: SELECT * FROM `yzx_notice` WHERE `oasystem_id` = 53 AND `master_checkuser` = 7  [ RunTime:0.0006s ]
SQL: SELECT * FROM `yzx_notice` WHERE `oasystem_id` = 52 AND `master_checkuser` = 7  [ RunTime:0.0005s ]
SQL: SELECT * FROM `yzx_notice` WHERE `oasystem_id` = 49 AND `master_checkuser` = 7  [ RunTime:0.0005s ]
SQL: SELECT * FROM `yzx_notice` WHERE `oasystem_id` = 11 AND `master_checkuser` = 7  [ RunTime:0.0005s ]
SQL: SELECT * FROM `yzx_notice` WHERE `oasystem_id` = 5 AND `master_checkuser` = 7  [ RunTime:0.0005s ]
SQL: SELECT * FROM `yzx_notice` WHERE `oasystem_id` = 3 AND `master_checkuser` = 7  [ RunTime:0.0005s ]
SQL: SELECT * FROM `yzx_notice` WHERE `oasystem_id` = 2 AND `master_checkuser` = 7  [ RunTime:0.0005s ]
NOTIC: [8] Undefined variable: id D:\phpStudy\PHPTutorial\WWW\bysystem\Application\Admin\Controller\OaController.class.php 第 895 行.
NOTIC: [2] implode(): Invalid arguments passed D:\phpStudy\PHPTutorial\WWW\bysystem\Application\Admin\Controller\OaController.class.php 第 895 行.
NOTIC: [8] Undefined variable: id D:\phpStudy\PHPTutorial\WWW\bysystem\Application\Admin\Controller\OaController.class.php 第 897 行.

[ 2020-01-19T20:57:41+08:00 ] ::1 /bysystem/index.php/Basic/RelationshipList.html
INFO: [ app_init ] --START--
INFO: Run Behavior\BuildLiteBehavior [ RunTime:0.000027s ]
INFO: [ app_init ] --END-- [ RunTime:0.001584s ]
INFO: [ app_begin ] --START--
INFO: Run Behavior\ReadHtmlCacheBehavior [ RunTime:0.002069s ]
INFO: [ app_begin ] --END-- [ RunTime:0.002196s ]
SQL: SHOW COLUMNS FROM `yzx_access` [ RunTime:0.0219s ]
SQL: SELECT `uid`,`group_id`,`title`,`rules` FROM yzx_access a INNER JOIN yzx_group g on a.group_id=g.id  WHERE ( a.uid='7' and g.status='1' )  [ RunTime:0.0007s ]
SQL: SHOW COLUMNS FROM `yzx_rule` [ RunTime:0.0159s ]
SQL: SELECT `condition`,`name` FROM `yzx_rule` WHERE `id` IN ('1','14','22','23','24','25','26','15','27','28','29','30','31','32','16','33','34','35','2','18','36','37','38','40','60','19','41','42','43','44','46','20','47','48','49','50','51','21','52','53','54','55','56','3','70','4','115','117','118','119','120','121','116','122','123','124','125','126','127','128','137','138','140','129','130','131','132','133','134','135','136','61','62','65','66','67','68','69','63','71','72','73','74','75','64','76','77','78','79','80','81','82','83','84','86','87','88','89','90','85','91','92','93','94','95','96','97','100','101','102','103','104','98','110','111','112','113','114','99','105','106','107','108','109') AND `type` = 1 AND `status` = 1  [ RunTime:0.0009s ]
SQL: SHOW COLUMNS FROM `yzx_relationship` [ RunTime:0.0425s ]
SQL: SELECT COUNT(*) AS tp_count FROM `yzx_relationship` LIMIT 1   [ RunTime:0.0004s ]
SQL: SELECT * FROM `yzx_relationship` ORDER BY id desc LIMIT 0,20   [ RunTime:0.0008s ]
INFO: [ view_parse ] --START--
INFO: [ template_filter ] --START--
INFO: Run Behavior\ContentReplaceBehavior [ RunTime:0.000105s ]
INFO: [ template_filter ] --END-- [ RunTime:0.000173s ]
NOTIC: [8] Undefined variable: key D:\phpStudy\PHPTutorial\WWW\bysystem\Application\Runtime\Cache\Admin\173eea25d83b3fdb9af9f2bf5b5f199e.php 第 151 行.
INFO: Run Behavior\ParseTemplateBehavior [ RunTime:0.051079s ]
INFO: [ view_parse ] --END-- [ RunTime:0.051180s ]
INFO: [ view_filter ] --START--
INFO: Run Behavior\WriteHtmlCacheBehavior [ RunTime:0.002684s ]
INFO: [ view_filter ] --END-- [ RunTime:0.002755s ]
INFO: [ app_end ] --START--
INFO: Run Behavior\ShowPageTraceBehavior [ RunTime:0.004157s ]
INFO: [ app_end ] --END-- [ RunTime:0.004340s ]

[ 2020-01-19T20:57:41+08:00 ] ::1 /bysystem/Public/index/js/layer.js
INFO: [ app_init ] --START--
INFO: Run Behavior\BuildLiteBehavior [ RunTime:0.000026s ]
INFO: [ app_init ] --END-- [ RunTime:0.001426s ]
INFO: [ app_begin ] --START--
INFO: Run Behavior\ReadHtmlCacheBehavior [ RunTime:0.001744s ]
INFO: [ app_begin ] --END-- [ RunTime:0.001846s ]
ERR: 无法加载控制器:Public

[ 2020-01-19T20:57:41+08:00 ] ::1 /bysystem/index.php/Oa/checkNotify.html
INFO: [ app_init ] --START--
INFO: Run Behavior\BuildLiteBehavior [ RunTime:0.000033s ]
INFO: [ app_init ] --END-- [ RunTime:0.001725s ]
INFO: [ app_begin ] --START--
INFO: Run Behavior\ReadHtmlCacheBehavior [ RunTime:0.002377s ]
INFO: [ app_begin ] --END-- [ RunTime:0.002475s ]
SQL: SHOW COLUMNS FROM `yzx_oasystem` [ RunTime:0.0299s ]
SQL: SELECT * FROM `yzx_oasystem` WHERE `oasystem_noticestate` = 0 ORDER BY id desc  [ RunTime:0.0009s ]
SQL: SHOW COLUMNS FROM `yzx_notice` [ RunTime:0.0217s ]
SQL: SELECT * FROM `yzx_notice` WHERE `oasystem_id` = 53 AND `master_checkuser` = 7  [ RunTime:0.0006s ]
SQL: SELECT * FROM `yzx_notice` WHERE `oasystem_id` = 52 AND `master_checkuser` = 7  [ RunTime:0.0006s ]
SQL: SELECT * FROM `yzx_notice` WHERE `oasystem_id` = 49 AND `master_checkuser` = 7  [ RunTime:0.0006s ]
SQL: SELECT * FROM `yzx_notice` WHERE `oasystem_id` = 11 AND `master_checkuser` = 7  [ RunTime:0.0006s ]
SQL: SELECT * FROM `yzx_notice` WHERE `oasystem_id` = 5 AND `master_checkuser` = 7  [ RunTime:0.0005s ]
SQL: SELECT * FROM `yzx_notice` WHERE `oasystem_id` = 3 AND `master_checkuser` = 7  [ RunTime:0.0005s ]
SQL: SELECT * FROM `yzx_notice` WHERE `oasystem_id` = 2 AND `master_checkuser` = 7  [ RunTime:0.0005s ]
NOTIC: [8] Undefined variable: id D:\phpStudy\PHPTutorial\WWW\bysystem\Application\Admin\Controller\OaController.class.php 第 895 行.
NOTIC: [2] implode(): Invalid arguments passed D:\phpStudy\PHPTutorial\WWW\bysystem\Application\Admin\Controller\OaController.class.php 第 895 行.
NOTIC: [8] Undefined variable: id D:\phpStudy\PHPTutorial\WWW\bysystem\Application\Admin\Controller\OaController.class.php 第 897 行.

[ 2020-01-19T20:57:44+08:00 ] ::1 /bysystem/index.php/Business/yuyuelist.html
INFO: [ app_init ] --START--
INFO: Run Behavior\BuildLiteBehavior [ RunTime:0.000034s ]
INFO: [ app_init ] --END-- [ RunTime:0.002219s ]
INFO: [ app_begin ] --START--
INFO: Run Behavior\ReadHtmlCacheBehavior [ RunTime:0.002839s ]
INFO: [ app_begin ] --END-- [ RunTime:0.002972s ]
SQL: SHOW COLUMNS FROM `yzx_access` [ RunTime:0.0208s ]
SQL: SELECT `uid`,`group_id`,`title`,`rules` FROM yzx_access a INNER JOIN yzx_group g on a.group_id=g.id  WHERE ( a.uid='7' and g.status='1' )  [ RunTime:0.0006s ]
SQL: SHOW COLUMNS FROM `yzx_rule` [ RunTime:0.0216s ]
SQL: SELECT `condition`,`name` FROM `yzx_rule` WHERE `id` IN ('1','14','22','23','24','25','26','15','27','28','29','30','31','32','16','33','34','35','2','18','36','37','38','40','60','19','41','42','43','44','46','20','47','48','49','50','51','21','52','53','54','55','56','3','70','4','115','117','118','119','120','121','116','122','123','124','125','126','127','128','137','138','140','129','130','131','132','133','134','135','136','61','62','65','66','67','68','69','63','71','72','73','74','75','64','76','77','78','79','80','81','82','83','84','86','87','88','89','90','85','91','92','93','94','95','96','97','100','101','102','103','104','98','110','111','112','113','114','99','105','106','107','108','109') AND `type` = 1 AND `status` = 1  [ RunTime:0.0015s ]
INFO: [ view_parse ] --START--
INFO: [ template_filter ] --START--
INFO: Run Behavior\ContentReplaceBehavior [ RunTime:0.000181s ]
INFO: [ template_filter ] --END-- [ RunTime:0.000267s ]
NOTIC: [8] Undefined variable: list D:\phpStudy\PHPTutorial\WWW\bysystem\Application\Runtime\Cache\Admin\8b50a69bda0556cef6daf36c462fa3d4.php 第 160 行.
INFO: Run Behavior\ParseTemplateBehavior [ RunTime:0.053602s ]
INFO: [ view_parse ] --END-- [ RunTime:0.053686s ]
INFO: [ view_filter ] --START--
INFO: Run Behavior\WriteHtmlCacheBehavior [ RunTime:0.002624s ]
INFO: [ view_filter ] --END-- [ RunTime:0.002691s ]
INFO: [ app_end ] --START--
INFO: Run Behavior\ShowPageTraceBehavior [ RunTime:0.003143s ]
INFO: [ app_end ] --END-- [ RunTime:0.003223s ]

[ 2020-01-19T20:57:44+08:00 ] ::1 /bysystem/Public/index/js/layer.js
INFO: [ app_init ] --START--
INFO: Run Behavior\BuildLiteBehavior [ RunTime:0.000050s ]
INFO: [ app_init ] --END-- [ RunTime:0.002787s ]
INFO: [ app_begin ] --START--
INFO: Run Behavior\ReadHtmlCacheBehavior [ RunTime:0.003169s ]
INFO: [ app_begin ] --END-- [ RunTime:0.003276s ]
ERR: 无法加载控制器:Public

[ 2020-01-19T20:57:44+08:00 ] ::1 /bysystem/index.php/Oa/checkNotify.html
INFO: [ app_init ] --START--
INFO: Run Behavior\BuildLiteBehavior [ RunTime:0.000025s ]
INFO: [ app_init ] --END-- [ RunTime:0.001613s ]
INFO: [ app_begin ] --START--
INFO: Run Behavior\ReadHtmlCacheBehavior [ RunTime:0.002083s ]
INFO: [ app_begin ] --END-- [ RunTime:0.002185s ]
SQL: SHOW COLUMNS FROM `yzx_oasystem` [ RunTime:0.0155s ]
SQL: SELECT * FROM `yzx_oasystem` WHERE `oasystem_noticestate` = 0 ORDER BY id desc  [ RunTime:0.0008s ]
SQL: SHOW COLUMNS FROM `yzx_notice` [ RunTime:0.0141s ]
SQL: SELECT * FROM `yzx_notice` WHERE `oasystem_id` = 53 AND `master_checkuser` = 7  [ RunTime:0.0007s ]
SQL: SELECT * FROM `yzx_notice` WHERE `oasystem_id` = 52 AND `master_checkuser` = 7  [ RunTime:0.0006s ]
SQL: SELECT * FROM `yzx_notice` WHERE `oasystem_id` = 49 AND `master_checkuser` = 7  [ RunTime:0.0005s ]
SQL: SELECT * FROM `yzx_notice` WHERE `oasystem_id` = 11 AND `master_checkuser` = 7  [ RunTime:0.0005s ]
SQL: SELECT * FROM `yzx_notice` WHERE `oasystem_id` = 5 AND `master_checkuser` = 7  [ RunTime:0.0006s ]
SQL: SELECT * FROM `yzx_notice` WHERE `oasystem_id` = 3 AND `master_checkuser` = 7  [ RunTime:0.0004s ]
SQL: SELECT * FROM `yzx_notice` WHERE `oasystem_id` = 2 AND `master_checkuser` = 7  [ RunTime:0.0005s ]
NOTIC: [8] Undefined variable: id D:\phpStudy\PHPTutorial\WWW\bysystem\Application\Admin\Controller\OaController.class.php 第 895 行.
NOTIC: [2] implode(): Invalid arguments passed D:\phpStudy\PHPTutorial\WWW\bysystem\Application\Admin\Controller\OaController.class.php 第 895 行.
NOTIC: [8] Undefined variable: id D:\phpStudy\PHPTutorial\WWW\bysystem\Application\Admin\Controller\OaController.class.php 第 897 行.

[ 2020-01-19T20:57:48+08:00 ] ::1 /bysystem/index.php/Oa/oaClasseslist.html
INFO: [ app_init ] --START--
INFO: Run Behavior\BuildLiteBehavior [ RunTime:0.000018s ]
INFO: [ app_init ] --END-- [ RunTime:0.001392s ]
INFO: [ app_begin ] --START--
INFO: Run Behavior\ReadHtmlCacheBehavior [ RunTime:0.001727s ]
INFO: [ app_begin ] --END-- [ RunTime:0.001789s ]
SQL: SHOW COLUMNS FROM `yzx_access` [ RunTime:0.0170s ]
SQL: SELECT `uid`,`group_id`,`title`,`rules` FROM yzx_access a INNER JOIN yzx_group g on a.group_id=g.id  WHERE ( a.uid='7' and g.status='1' )  [ RunTime:0.0008s ]
SQL: SHOW COLUMNS FROM `yzx_rule` [ RunTime:0.0170s ]
SQL: SELECT `condition`,`name` FROM `yzx_rule` WHERE `id` IN ('1','14','22','23','24','25','26','15','27','28','29','30','31','32','16','33','34','35','2','18','36','37','38','40','60','19','41','42','43','44','46','20','47','48','49','50','51','21','52','53','54','55','56','3','70','4','115','117','118','119','120','121','116','122','123','124','125','126','127','128','137','138','140','129','130','131','132','133','134','135','136','61','62','65','66','67','68','69','63','71','72','73','74','75','64','76','77','78','79','80','81','82','83','84','86','87','88','89','90','85','91','92','93','94','95','96','97','100','101','102','103','104','98','110','111','112','113','114','99','105','106','107','108','109') AND `type` = 1 AND `status` = 1  [ RunTime:0.0013s ]
SQL: SHOW COLUMNS FROM `yzx_oaclasses` [ RunTime:0.0787s ]
SQL: SELECT COUNT(*) AS tp_count FROM `yzx_oaclasses` LIMIT 1   [ RunTime:0.0048s ]
SQL: SELECT * FROM `yzx_oaclasses` ORDER BY id desc LIMIT 0,20   [ RunTime:0.0013s ]
INFO: [ view_parse ] --START--
INFO: [ template_filter ] --START--
INFO: Run Behavior\ContentReplaceBehavior [ RunTime:0.000146s ]
INFO: [ template_filter ] --END-- [ RunTime:0.000239s ]
NOTIC: [8] Undefined variable: key D:\phpStudy\PHPTutorial\WWW\bysystem\Application\Runtime\Cache\Admin\0de730fcf362566e95a1a839f83a6b9d.php 第 152 行.
INFO: Run Behavior\ParseTemplateBehavior [ RunTime:0.045532s ]
INFO: [ view_parse ] --END-- [ RunTime:0.045665s ]
INFO: [ view_filter ] --START--
INFO: Run Behavior\WriteHtmlCacheBehavior [ RunTime:0.001620s ]
INFO: [ view_filter ] --END-- [ RunTime:0.001689s ]
INFO: [ app_end ] --START--
INFO: Run Behavior\ShowPageTraceBehavior [ RunTime:0.003589s ]
INFO: [ app_end ] --END-- [ RunTime:0.003779s ]

[ 2020-01-19T20:57:48+08:00 ] ::1 /bysystem/Public/index/js/layer.js
INFO: [ app_init ] --START--
INFO: Run Behavior\BuildLiteBehavior [ RunTime:0.000019s ]
INFO: [ app_init ] --END-- [ RunTime:0.001554s ]
INFO: [ app_begin ] --START--
INFO: Run Behavior\ReadHtmlCacheBehavior [ RunTime:0.001392s ]
INFO: [ app_begin ] --END-- [ RunTime:0.001486s ]
ERR: 无法加载控制器:Public

[ 2020-01-19T20:57:48+08:00 ] ::1 /bysystem/index.php/Oa/checkNotify.html
INFO: [ app_init ] --START--
INFO: Run Behavior\BuildLiteBehavior [ RunTime:0.000025s ]
INFO: [ app_init ] --END-- [ RunTime:0.001842s ]
INFO: [ app_begin ] --START--
INFO: Run Behavior\ReadHtmlCacheBehavior [ RunTime:0.003052s ]
INFO: [ app_begin ] --END-- [ RunTime:0.003156s ]
SQL: SHOW COLUMNS FROM `yzx_oasystem` [ RunTime:0.0296s ]
SQL: SELECT * FROM `yzx_oasystem` WHERE `oasystem_noticestate` = 0 ORDER BY id desc  [ RunTime:0.0008s ]
SQL: SHOW COLUMNS FROM `yzx_notice` [ RunTime:0.0158s ]
SQL: SELECT * FROM `yzx_notice` WHERE `oasystem_id` = 53 AND `master_checkuser` = 7  [ RunTime:0.0006s ]
SQL: SELECT * FROM `yzx_notice` WHERE `oasystem_id` = 52 AND `master_checkuser` = 7  [ RunTime:0.0005s ]
SQL: SELECT * FROM `yzx_notice` WHERE `oasystem_id` = 49 AND `master_checkuser` = 7  [ RunTime:0.0005s ]
SQL: SELECT * FROM `yzx_notice` WHERE `oasystem_id` = 11 AND `master_checkuser` = 7  [ RunTime:0.0005s ]
SQL: SELECT * FROM `yzx_notice` WHERE `oasystem_id` = 5 AND `master_checkuser` = 7  [ RunTime:0.0005s ]
SQL: SELECT * FROM `yzx_notice` WHERE `oasystem_id` = 3 AND `master_checkuser` = 7  [ RunTime:0.0005s ]
SQL: SELECT * FROM `yzx_notice` WHERE `oasystem_id` = 2 AND `master_checkuser` = 7  [ RunTime:0.0006s ]
NOTIC: [8] Undefined variable: id D:\phpStudy\PHPTutorial\WWW\bysystem\Application\Admin\Controller\OaController.class.php 第 895 行.
NOTIC: [2] implode(): Invalid arguments passed D:\phpStudy\PHPTutorial\WWW\bysystem\Application\Admin\Controller\OaController.class.php 第 895 行.
NOTIC: [8] Undefined variable: id D:\phpStudy\PHPTutorial\WWW\bysystem\Application\Admin\Controller\OaController.class.php 第 897 行.

[ 2020-01-19T20:57:50+08:00 ] ::1 /bysystem/index.php/Oa/oasystemlist.html
INFO: [ app_init ] --START--
INFO: Run Behavior\BuildLiteBehavior [ RunTime:0.000020s ]
INFO: [ app_init ] --END-- [ RunTime:0.001448s ]
INFO: [ app_begin ] --START--
INFO: Run Behavior\ReadHtmlCacheBehavior [ RunTime:0.002085s ]
INFO: [ app_begin ] --END-- [ RunTime:0.002183s ]
SQL: SHOW COLUMNS FROM `yzx_access` [ RunTime:0.0187s ]
SQL: SELECT `uid`,`group_id`,`title`,`rules` FROM yzx_access a INNER JOIN yzx_group g on a.group_id=g.id  WHERE ( a.uid='7' and g.status='1' )  [ RunTime:0.0007s ]
SQL: SHOW COLUMNS FROM `yzx_rule` [ RunTime:0.0155s ]
SQL: SELECT `condition`,`name` FROM `yzx_rule` WHERE `id` IN ('1','14','22','23','24','25','26','15','27','28','29','30','31','32','16','33','34','35','2','18','36','37','38','40','60','19','41','42','43','44','46','20','47','48','49','50','51','21','52','53','54','55','56','3','70','4','115','117','118','119','120','121','116','122','123','124','125','126','127','128','137','138','140','129','130','131','132','133','134','135','136','61','62','65','66','67','68','69','63','71','72','73','74','75','64','76','77','78','79','80','81','82','83','84','86','87','88','89','90','85','91','92','93','94','95','96','97','100','101','102','103','104','98','110','111','112','113','114','99','105','106','107','108','109') AND `type` = 1 AND `status` = 1  [ RunTime:0.0014s ]
SQL: SHOW COLUMNS FROM `yzx_oasystem` [ RunTime:0.0157s ]
SQL: SELECT COUNT(*) AS tp_count FROM `yzx_oasystem` LIMIT 1   [ RunTime:0.0004s ]
SQL: SELECT DISTINCT  * FROM `yzx_oasystem` GROUP BY oasystem_classes ORDER BY id desc LIMIT 0,20   [ RunTime:0.0149s ]
SQL: SHOW COLUMNS FROM `yzx_oaclasses` [ RunTime:0.0163s ]
SQL: SELECT * FROM `yzx_oaclasses` WHERE ( id=14 ) LIMIT 1   [ RunTime:0.0006s ]
SQL: SELECT * FROM `yzx_oaclasses` WHERE ( id=10 ) LIMIT 1   [ RunTime:0.0005s ]
SQL: SELECT * FROM `yzx_oaclasses` WHERE ( id=9 ) LIMIT 1   [ RunTime:0.0005s ]
SQL: SELECT * FROM `yzx_oaclasses` WHERE ( id=1 ) LIMIT 1   [ RunTime:0.0005s ]
INFO: [ view_parse ] --START--
INFO: [ template_filter ] --START--
INFO: Run Behavior\ContentReplaceBehavior [ RunTime:0.000216s ]
INFO: [ template_filter ] --END-- [ RunTime:0.000301s ]
NOTIC: [8] Undefined variable: key D:\phpStudy\PHPTutorial\WWW\bysystem\Application\Runtime\Cache\Admin\ff90a5350860ff48be3e5a4743808973.php 第 156 行.
INFO: Run Behavior\ParseTemplateBehavior [ RunTime:0.040190s ]
INFO: [ view_parse ] --END-- [ RunTime:0.040310s ]
INFO: [ view_filter ] --START--
INFO: Run Behavior\WriteHtmlCacheBehavior [ RunTime:0.002863s ]
INFO: [ view_filter ] --END-- [ RunTime:0.002940s ]
INFO: [ app_end ] --START--
INFO: Run Behavior\ShowPageTraceBehavior [ RunTime:0.003866s ]
INFO: [ app_end ] --END-- [ RunTime:0.003952s ]

[ 2020-01-19T20:57:50+08:00 ] ::1 /bysystem/Public/index/js/layer.js
INFO: [ app_init ] --START--
INFO: Run Behavior\BuildLiteBehavior [ RunTime:0.000026s ]
INFO: [ app_init ] --END-- [ RunTime:0.001609s ]
INFO: [ app_begin ] --START--
INFO: Run Behavior\ReadHtmlCacheBehavior [ RunTime:0.002020s ]
INFO: [ app_begin ] --END-- [ RunTime:0.002121s ]
ERR: 无法加载控制器:Public

[ 2020-01-19T20:57:50+08:00 ] ::1 /bysystem/index.php/Oa/checkNotify.html
INFO: [ app_init ] --START--
INFO: Run Behavior\BuildLiteBehavior [ RunTime:0.000027s ]
INFO: [ app_init ] --END-- [ RunTime:0.001404s ]
INFO: [ app_begin ] --START--
INFO: Run Behavior\ReadHtmlCacheBehavior [ RunTime:0.001747s ]
INFO: [ app_begin ] --END-- [ RunTime:0.001847s ]
SQL: SHOW COLUMNS FROM `yzx_oasystem` [ RunTime:0.0181s ]
SQL: SELECT * FROM `yzx_oasystem` WHERE `oasystem_noticestate` = 0 ORDER BY id desc  [ RunTime:0.0010s ]
SQL: SHOW COLUMNS FROM `yzx_notice` [ RunTime:0.0167s ]
SQL: SELECT * FROM `yzx_notice` WHERE `oasystem_id` = 53 AND `master_checkuser` = 7  [ RunTime:0.0006s ]
SQL: SELECT * FROM `yzx_notice` WHERE `oasystem_id` = 52 AND `master_checkuser` = 7  [ RunTime:0.0004s ]
SQL: SELECT * FROM `yzx_notice` WHERE `oasystem_id` = 49 AND `master_checkuser` = 7  [ RunTime:0.0004s ]
SQL: SELECT * FROM `yzx_notice` WHERE `oasystem_id` = 11 AND `master_checkuser` = 7  [ RunTime:0.0004s ]
SQL: SELECT * FROM `yzx_notice` WHERE `oasystem_id` = 5 AND `master_checkuser` = 7  [ RunTime:0.0004s ]
SQL: SELECT * FROM `yzx_notice` WHERE `oasystem_id` = 3 AND `master_checkuser` = 7  [ RunTime:0.0004s ]
SQL: SELECT * FROM `yzx_notice` WHERE `oasystem_id` = 2 AND `master_checkuser` = 7  [ RunTime:0.0004s ]
NOTIC: [8] Undefined variable: id D:\phpStudy\PHPTutorial\WWW\bysystem\Application\Admin\Controller\OaController.class.php 第 895 行.
NOTIC: [2] implode(): Invalid arguments passed D:\phpStudy\PHPTutorial\WWW\bysystem\Application\Admin\Controller\OaController.class.php 第 895 行.
NOTIC: [8] Undefined variable: id D:\phpStudy\PHPTutorial\WWW\bysystem\Application\Admin\Controller\OaController.class.php 第 897 行.

[ 2020-01-19T20:57:51+08:00 ] ::1 /bysystem/index.php/Oa/historynoticlist.html
INFO: [ app_init ] --START--
INFO: Run Behavior\BuildLiteBehavior [ RunTime:0.000021s ]
INFO: [ app_init ] --END-- [ RunTime:0.001568s ]
INFO: [ app_begin ] --START--
INFO: Run Behavior\ReadHtmlCacheBehavior [ RunTime:0.002041s ]
INFO: [ app_begin ] --END-- [ RunTime:0.002140s ]
SQL: SHOW COLUMNS FROM `yzx_access` [ RunTime:0.0160s ]
SQL: SELECT `uid`,`group_id`,`title`,`rules` FROM yzx_access a INNER JOIN yzx_group g on a.group_id=g.id  WHERE ( a.uid='7' and g.status='1' )  [ RunTime:0.0007s ]
SQL: SHOW COLUMNS FROM `yzx_rule` [ RunTime:0.0160s ]
SQL: SELECT `condition`,`name` FROM `yzx_rule` WHERE `id` IN ('1','14','22','23','24','25','26','15','27','28','29','30','31','32','16','33','34','35','2','18','36','37','38','40','60','19','41','42','43','44','46','20','47','48','49','50','51','21','52','53','54','55','56','3','70','4','115','117','118','119','120','121','116','122','123','124','125','126','127','128','137','138','140','129','130','131','132','133','134','135','136','61','62','65','66','67','68','69','63','71','72','73','74','75','64','76','77','78','79','80','81','82','83','84','86','87','88','89','90','85','91','92','93','94','95','96','97','100','101','102','103','104','98','110','111','112','113','114','99','105','106','107','108','109') AND `type` = 1 AND `status` = 1  [ RunTime:0.0014s ]
SQL: SHOW COLUMNS FROM `yzx_notice` [ RunTime:0.0159s ]
SQL: SELECT COUNT(*) AS tp_count FROM `yzx_notice` LIMIT 1   [ RunTime:0.0004s ]
SQL: SELECT * FROM `yzx_notice` ORDER BY id desc LIMIT 0,20   [ RunTime:0.0007s ]
SQL: SHOW COLUMNS FROM `yzx_oasystem` [ RunTime:0.0156s ]
SQL: SELECT * FROM `yzx_oasystem` WHERE ( id=53 ) LIMIT 1   [ RunTime:0.0006s ]
SQL: SHOW COLUMNS FROM `yzx_oaclasses` [ RunTime:0.0155s ]
SQL: SELECT * FROM `yzx_oaclasses` WHERE ( id=14 ) LIMIT 1   [ RunTime:0.0005s ]
SQL: SHOW COLUMNS FROM `yzx_master` [ RunTime:0.0152s ]
SQL: SELECT * FROM `yzx_master` WHERE ( id=7 ) LIMIT 1   [ RunTime:0.0007s ]
SQL: SELECT * FROM `yzx_oasystem` WHERE ( id=5 ) LIMIT 1   [ RunTime:0.0005s ]
SQL: SELECT * FROM `yzx_oaclasses` WHERE ( id=9 ) LIMIT 1   [ RunTime:0.0005s ]
SQL: SELECT * FROM `yzx_master` WHERE ( id=7 ) LIMIT 1   [ RunTime:0.0006s ]
SQL: SELECT * FROM `yzx_oasystem` WHERE ( id=52 ) LIMIT 1   [ RunTime:0.0005s ]
SQL: SELECT * FROM `yzx_oaclasses` WHERE ( id=9 ) LIMIT 1   [ RunTime:0.0005s ]
SQL: SELECT * FROM `yzx_master` WHERE ( id=7 ) LIMIT 1   [ RunTime:0.0005s ]
SQL: SELECT * FROM `yzx_oasystem` WHERE ( id=11 ) LIMIT 1   [ RunTime:0.0006s ]
SQL: SELECT * FROM `yzx_oaclasses` WHERE ( id=1 ) LIMIT 1   [ RunTime:0.0005s ]
SQL: SELECT * FROM `yzx_master` WHERE ( id=7 ) LIMIT 1   [ RunTime:0.0005s ]
SQL: SELECT * FROM `yzx_oasystem` WHERE ( id=49 ) LIMIT 1   [ RunTime:0.0005s ]
SQL: SELECT * FROM `yzx_oaclasses` WHERE ( id=1 ) LIMIT 1   [ RunTime:0.0005s ]
SQL: SELECT * FROM `yzx_master` WHERE ( id=7 ) LIMIT 1   [ RunTime:0.0005s ]
SQL: SELECT * FROM `yzx_oasystem` WHERE ( id=3 ) LIMIT 1   [ RunTime:0.0005s ]
SQL: SELECT * FROM `yzx_oaclasses` WHERE ( id=10 ) LIMIT 1   [ RunTime:0.0004s ]
SQL: SELECT * FROM `yzx_master` WHERE ( id=7 ) LIMIT 1   [ RunTime:0.0004s ]
SQL: SELECT * FROM `yzx_oasystem` WHERE ( id=2 ) LIMIT 1   [ RunTime:0.0005s ]
SQL: SELECT * FROM `yzx_oaclasses` WHERE ( id=9 ) LIMIT 1   [ RunTime:0.0004s ]
SQL: SELECT * FROM `yzx_master` WHERE ( id=7 ) LIMIT 1   [ RunTime:0.0005s ]
SQL: SELECT * FROM `yzx_oaclasses`  [ RunTime:0.0004s ]
INFO: [ view_parse ] --START--
INFO: [ template_filter ] --START--
INFO: Run Behavior\ContentReplaceBehavior [ RunTime:0.000324s ]
INFO: [ template_filter ] --END-- [ RunTime:0.000434s ]
NOTIC: [8] Undefined variable: cname D:\phpStudy\PHPTutorial\WWW\bysystem\Application\Runtime\Cache\Admin\5269c7fd6e9bdb47acfb3239d9e7c82c.php 第 153 行.
NOTIC: [8] Undefined variable: cname D:\phpStudy\PHPTutorial\WWW\bysystem\Application\Runtime\Cache\Admin\5269c7fd6e9bdb47acfb3239d9e7c82c.php 第 153 行.
NOTIC: [8] Undefined variable: cname D:\phpStudy\PHPTutorial\WWW\bysystem\Application\Runtime\Cache\Admin\5269c7fd6e9bdb47acfb3239d9e7c82c.php 第 153 行.
NOTIC: [8] Undefined variable: cname D:\phpStudy\PHPTutorial\WWW\bysystem\Application\Runtime\Cache\Admin\5269c7fd6e9bdb47acfb3239d9e7c82c.php 第 153 行.
NOTIC: [8] Undefined variable: cname D:\phpStudy\PHPTutorial\WWW\bysystem\Application\Runtime\Cache\Admin\5269c7fd6e9bdb47acfb3239d9e7c82c.php 第 153 行.
INFO: Run Behavior\ParseTemplateBehavior [ RunTime:0.040009s ]
INFO: [ view_parse ] --END-- [ RunTime:0.040161s ]
INFO: [ view_filter ] --START--
INFO: Run Behavior\WriteHtmlCacheBehavior [ RunTime:0.002724s ]
INFO: [ view_filter ] --END-- [ RunTime:0.002820s ]
INFO: [ app_end ] --START--
INFO: Run Behavior\ShowPageTraceBehavior [ RunTime:0.006114s ]
INFO: [ app_end ] --END-- [ RunTime:0.006221s ]

[ 2020-01-19T20:57:52+08:00 ] ::1 /bysystem/Public/index/js/layer.js
INFO: [ app_init ] --START--
INFO: Run Behavior\BuildLiteBehavior [ RunTime:0.000041s ]
INFO: [ app_init ] --END-- [ RunTime:0.001921s ]
INFO: [ app_begin ] --START--
INFO: Run Behavior\ReadHtmlCacheBehavior [ RunTime:0.002941s ]
INFO: [ app_begin ] --END-- [ RunTime:0.003075s ]
ERR: 无法加载控制器:Public

[ 2020-01-19T20:57:52+08:00 ] ::1 /bysystem/index.php/Oa/checkNotify.html
INFO: [ app_init ] --START--
INFO: Run Behavior\BuildLiteBehavior [ RunTime:0.000023s ]
INFO: [ app_init ] --END-- [ RunTime:0.001472s ]
INFO: [ app_begin ] --START--
INFO: Run Behavior\ReadHtmlCacheBehavior [ RunTime:0.001781s ]
INFO: [ app_begin ] --END-- [ RunTime:0.001897s ]
SQL: SHOW COLUMNS FROM `yzx_oasystem` [ RunTime:0.0180s ]
SQL: SELECT * FROM `yzx_oasystem` WHERE `oasystem_noticestate` = 0 ORDER BY id desc  [ RunTime:0.0007s ]
SQL: SHOW COLUMNS FROM `yzx_notice` [ RunTime:0.0154s ]
SQL: SELECT * FROM `yzx_notice` WHERE `oasystem_id` = 53 AND `master_checkuser` = 7  [ RunTime:0.0006s ]
SQL: SELECT * FROM `yzx_notice` WHERE `oasystem_id` = 52 AND `master_checkuser` = 7  [ RunTime:0.0006s ]
SQL: SELECT * FROM `yzx_notice` WHERE `oasystem_id` = 49 AND `master_checkuser` = 7  [ RunTime:0.0006s ]
SQL: SELECT * FROM `yzx_notice` WHERE `oasystem_id` = 11 AND `master_checkuser` = 7  [ RunTime:0.0005s ]
SQL: SELECT * FROM `yzx_notice` WHERE `oasystem_id` = 5 AND `master_checkuser` = 7  [ RunTime:0.0006s ]
SQL: SELECT * FROM `yzx_notice` WHERE `oasystem_id` = 3 AND `master_checkuser` = 7  [ RunTime:0.0006s ]
SQL: SELECT * FROM `yzx_notice` WHERE `oasystem_id` = 2 AND `master_checkuser` = 7  [ RunTime:0.0005s ]
NOTIC: [8] Undefined variable: id D:\phpStudy\PHPTutorial\WWW\bysystem\Application\Admin\Controller\OaController.class.php 第 895 行.
NOTIC: [2] implode(): Invalid arguments passed D:\phpStudy\PHPTutorial\WWW\bysystem\Application\Admin\Controller\OaController.class.php 第 895 行.
NOTIC: [8] Undefined variable: id D:\phpStudy\PHPTutorial\WWW\bysystem\Application\Admin\Controller\OaController.class.php 第 897 行.

[ 2020-01-19T20:57:53+08:00 ] ::1 /bysystem/index.php/Oa/historylist.html
INFO: [ app_init ] --START--
INFO: Run Behavior\BuildLiteBehavior [ RunTime:0.000018s ]
INFO: [ app_init ] --END-- [ RunTime:0.001392s ]
INFO: [ app_begin ] --START--
INFO: Run Behavior\ReadHtmlCacheBehavior [ RunTime:0.002422s ]
INFO: [ app_begin ] --END-- [ RunTime:0.002530s ]
SQL: SHOW COLUMNS FROM `yzx_access` [ RunTime:0.0319s ]
SQL: SELECT `uid`,`group_id`,`title`,`rules` FROM yzx_access a INNER JOIN yzx_group g on a.group_id=g.id  WHERE ( a.uid='7' and g.status='1' )  [ RunTime:0.0007s ]
SQL: SHOW COLUMNS FROM `yzx_rule` [ RunTime:0.0684s ]
SQL: SELECT `condition`,`name` FROM `yzx_rule` WHERE `id` IN ('1','14','22','23','24','25','26','15','27','28','29','30','31','32','16','33','34','35','2','18','36','37','38','40','60','19','41','42','43','44','46','20','47','48','49','50','51','21','52','53','54','55','56','3','70','4','115','117','118','119','120','121','116','122','123','124','125','126','127','128','137','138','140','129','130','131','132','133','134','135','136','61','62','65','66','67','68','69','63','71','72','73','74','75','64','76','77','78','79','80','81','82','83','84','86','87','88','89','90','85','91','92','93','94','95','96','97','100','101','102','103','104','98','110','111','112','113','114','99','105','106','107','108','109') AND `type` = 1 AND `status` = 1  [ RunTime:0.0016s ]
SQL: SHOW COLUMNS FROM `yzx_history` [ RunTime:0.0807s ]
SQL: SELECT COUNT(*) AS tp_count FROM `yzx_history` LIMIT 1   [ RunTime:0.0006s ]
SQL: SELECT * FROM `yzx_history` ORDER BY id desc LIMIT 0,20   [ RunTime:0.0010s ]
INFO: [ view_parse ] --START--
INFO: [ template_filter ] --START--
INFO: Run Behavior\ContentReplaceBehavior [ RunTime:0.000199s ]
INFO: [ template_filter ] --END-- [ RunTime:0.000325s ]
NOTIC: [8] Undefined variable: key D:\phpStudy\PHPTutorial\WWW\bysystem\Application\Runtime\Cache\Admin\9e10c0426eac90d1b289755757d08059.php 第 152 行.
NOTIC: [8] Undefined index: product_info D:\phpStudy\PHPTutorial\WWW\bysystem\Application\Runtime\Cache\Admin\9e10c0426eac90d1b289755757d08059.php 第 177 行.
INFO: Run Behavior\ParseTemplateBehavior [ RunTime:0.038400s ]
INFO: [ view_parse ] --END-- [ RunTime:0.038502s ]
INFO: [ view_filter ] --START--
INFO: Run Behavior\WriteHtmlCacheBehavior [ RunTime:0.002621s ]
INFO: [ view_filter ] --END-- [ RunTime:0.002694s ]
INFO: [ app_end ] --START--
INFO: Run Behavior\ShowPageTraceBehavior [ RunTime:0.005157s ]
INFO: [ app_end ] --END-- [ RunTime:0.005255s ]

[ 2020-01-19T20:57:53+08:00 ] ::1 /bysystem/Public/index/js/layer.js
INFO: [ app_init ] --START--
INFO: Run Behavior\BuildLiteBehavior [ RunTime:0.000018s ]
INFO: [ app_init ] --END-- [ RunTime:0.001419s ]
INFO: [ app_begin ] --START--
INFO: Run Behavior\ReadHtmlCacheBehavior [ RunTime:0.002087s ]
INFO: [ app_begin ] --END-- [ RunTime:0.002161s ]
ERR: 无法加载控制器:Public

[ 2020-01-19T20:57:53+08:00 ] ::1 /bysystem/index.php/Oa/checkNotify.html
INFO: [ app_init ] --START--
INFO: Run Behavior\BuildLiteBehavior [ RunTime:0.000026s ]
INFO: [ app_init ] --END-- [ RunTime:0.001598s ]
INFO: [ app_begin ] --START--
INFO: Run Behavior\ReadHtmlCacheBehavior [ RunTime:0.002786s ]
INFO: [ app_begin ] --END-- [ RunTime:0.002914s ]
SQL: SHOW COLUMNS FROM `yzx_oasystem` [ RunTime:0.0183s ]
SQL: SELECT * FROM `yzx_oasystem` WHERE `oasystem_noticestate` = 0 ORDER BY id desc  [ RunTime:0.0009s ]
SQL: SHOW COLUMNS FROM `yzx_notice` [ RunTime:0.0173s ]
SQL: SELECT * FROM `yzx_notice` WHERE `oasystem_id` = 53 AND `master_checkuser` = 7  [ RunTime:0.0006s ]
SQL: SELECT * FROM `yzx_notice` WHERE `oasystem_id` = 52 AND `master_checkuser` = 7  [ RunTime:0.0006s ]
SQL: SELECT * FROM `yzx_notice` WHERE `oasystem_id` = 49 AND `master_checkuser` = 7  [ RunTime:0.0006s ]
SQL: SELECT * FROM `yzx_notice` WHERE `oasystem_id` = 11 AND `master_checkuser` = 7  [ RunTime:0.0006s ]
SQL: SELECT * FROM `yzx_notice` WHERE `oasystem_id` = 5 AND `master_checkuser` = 7  [ RunTime:0.0006s ]
SQL: SELECT * FROM `yzx_notice` WHERE `oasystem_id` = 3 AND `master_checkuser` = 7  [ RunTime:0.0005s ]
SQL: SELECT * FROM `yzx_notice` WHERE `oasystem_id` = 2 AND `master_checkuser` = 7  [ RunTime:0.0005s ]
NOTIC: [8] Undefined variable: id D:\phpStudy\PHPTutorial\WWW\bysystem\Application\Admin\Controller\OaController.class.php 第 895 行.
NOTIC: [2] implode(): Invalid arguments passed D:\phpStudy\PHPTutorial\WWW\bysystem\Application\Admin\Controller\OaController.class.php 第 895 行.
NOTIC: [8] Undefined variable: id D:\phpStudy\PHPTutorial\WWW\bysystem\Application\Admin\Controller\OaController.class.php 第 897 行.

[ 2020-01-19T20:57:56+08:00 ] ::1 /bysystem/index.php/Oa/historynoticlist.html
INFO: [ app_init ] --START--
INFO: Run Behavior\BuildLiteBehavior [ RunTime:0.000035s ]
INFO: [ app_init ] --END-- [ RunTime:0.001797s ]
INFO: [ app_begin ] --START--
INFO: Run Behavior\ReadHtmlCacheBehavior [ RunTime:0.002181s ]
INFO: [ app_begin ] --END-- [ RunTime:0.002286s ]
SQL: SHOW COLUMNS FROM `yzx_access` [ RunTime:0.0189s ]
SQL: SELECT `uid`,`group_id`,`title`,`rules` FROM yzx_access a INNER JOIN yzx_group g on a.group_id=g.id  WHERE ( a.uid='7' and g.status='1' )  [ RunTime:0.0007s ]
SQL: SHOW COLUMNS FROM `yzx_rule` [ RunTime:0.0222s ]
SQL: SELECT `condition`,`name` FROM `yzx_rule` WHERE `id` IN ('1','14','22','23','24','25','26','15','27','28','29','30','31','32','16','33','34','35','2','18','36','37','38','40','60','19','41','42','43','44','46','20','47','48','49','50','51','21','52','53','54','55','56','3','70','4','115','117','118','119','120','121','116','122','123','124','125','126','127','128','137','138','140','129','130','131','132','133','134','135','136','61','62','65','66','67','68','69','63','71','72','73','74','75','64','76','77','78','79','80','81','82','83','84','86','87','88','89','90','85','91','92','93','94','95','96','97','100','101','102','103','104','98','110','111','112','113','114','99','105','106','107','108','109') AND `type` = 1 AND `status` = 1  [ RunTime:0.0013s ]
SQL: SHOW COLUMNS FROM `yzx_notice` [ RunTime:0.0161s ]
SQL: SELECT COUNT(*) AS tp_count FROM `yzx_notice` LIMIT 1   [ RunTime:0.0004s ]
SQL: SELECT * FROM `yzx_notice` ORDER BY id desc LIMIT 0,20   [ RunTime:0.0006s ]
SQL: SHOW COLUMNS FROM `yzx_oasystem` [ RunTime:0.0162s ]
SQL: SELECT * FROM `yzx_oasystem` WHERE ( id=53 ) LIMIT 1   [ RunTime:0.0006s ]
SQL: SHOW COLUMNS FROM `yzx_oaclasses` [ RunTime:0.0153s ]
SQL: SELECT * FROM `yzx_oaclasses` WHERE ( id=14 ) LIMIT 1   [ RunTime:0.0005s ]
SQL: SHOW COLUMNS FROM `yzx_master` [ RunTime:0.0163s ]
SQL: SELECT * FROM `yzx_master` WHERE ( id=7 ) LIMIT 1   [ RunTime:0.0003s ]
SQL: SELECT * FROM `yzx_oasystem` WHERE ( id=5 ) LIMIT 1   [ RunTime:0.0005s ]
SQL: SELECT * FROM `yzx_oaclasses` WHERE ( id=9 ) LIMIT 1   [ RunTime:0.0004s ]
SQL: SELECT * FROM `yzx_master` WHERE ( id=7 ) LIMIT 1   [ RunTime:0.0004s ]
SQL: SELECT * FROM `yzx_oasystem` WHERE ( id=52 ) LIMIT 1   [ RunTime:0.0005s ]
SQL: SELECT * FROM `yzx_oaclasses` WHERE ( id=9 ) LIMIT 1   [ RunTime:0.0004s ]
SQL: SELECT * FROM `yzx_master` WHERE ( id=7 ) LIMIT 1   [ RunTime:0.0004s ]
SQL: SELECT * FROM `yzx_oasystem` WHERE ( id=11 ) LIMIT 1   [ RunTime:0.0004s ]
SQL: SELECT * FROM `yzx_oaclasses` WHERE ( id=1 ) LIMIT 1   [ RunTime:0.0004s ]
SQL: SELECT * FROM `yzx_master` WHERE ( id=7 ) LIMIT 1   [ RunTime:0.0004s ]
SQL: SELECT * FROM `yzx_oasystem` WHERE ( id=49 ) LIMIT 1   [ RunTime:0.0004s ]
SQL: SELECT * FROM `yzx_oaclasses` WHERE ( id=1 ) LIMIT 1   [ RunTime:0.0004s ]
SQL: SELECT * FROM `yzx_master` WHERE ( id=7 ) LIMIT 1   [ RunTime:0.0004s ]
SQL: SELECT * FROM `yzx_oasystem` WHERE ( id=3 ) LIMIT 1   [ RunTime:0.0006s ]
SQL: SELECT * FROM `yzx_oaclasses` WHERE ( id=10 ) LIMIT 1   [ RunTime:0.0005s ]
SQL: SELECT * FROM `yzx_master` WHERE ( id=7 ) LIMIT 1   [ RunTime:0.0004s ]
SQL: SELECT * FROM `yzx_oasystem` WHERE ( id=2 ) LIMIT 1   [ RunTime:0.0004s ]
SQL: SELECT * FROM `yzx_oaclasses` WHERE ( id=9 ) LIMIT 1   [ RunTime:0.0005s ]
SQL: SELECT * FROM `yzx_master` WHERE ( id=7 ) LIMIT 1   [ RunTime:0.0005s ]
SQL: SELECT * FROM `yzx_oaclasses`  [ RunTime:0.0005s ]
INFO: [ view_parse ] --START--
INFO: [ template_filter ] --START--
INFO: Run Behavior\ContentReplaceBehavior [ RunTime:0.000081s ]
INFO: [ template_filter ] --END-- [ RunTime:0.000135s ]
NOTIC: [8] Undefined variable: cname D:\phpStudy\PHPTutorial\WWW\bysystem\Application\Runtime\Cache\Admin\5269c7fd6e9bdb47acfb3239d9e7c82c.php 第 153 行.
NOTIC: [8] Undefined variable: cname D:\phpStudy\PHPTutorial\WWW\bysystem\Application\Runtime\Cache\Admin\5269c7fd6e9bdb47acfb3239d9e7c82c.php 第 153 行.
NOTIC: [8] Undefined variable: cname D:\phpStudy\PHPTutorial\WWW\bysystem\Application\Runtime\Cache\Admin\5269c7fd6e9bdb47acfb3239d9e7c82c.php 第 153 行.
NOTIC: [8] Undefined variable: cname D:\phpStudy\PHPTutorial\WWW\bysystem\Application\Runtime\Cache\Admin\5269c7fd6e9bdb47acfb3239d9e7c82c.php 第 153 行.
NOTIC: [8] Undefined variable: cname D:\phpStudy\PHPTutorial\WWW\bysystem\Application\Runtime\Cache\Admin\5269c7fd6e9bdb47acfb3239d9e7c82c.php 第 153 行.
INFO: Run Behavior\ParseTemplateBehavior [ RunTime:0.019906s ]
INFO: [ view_parse ] --END-- [ RunTime:0.019978s ]
INFO: [ view_filter ] --START--
INFO: Run Behavior\WriteHtmlCacheBehavior [ RunTime:0.002408s ]
INFO: [ view_filter ] --END-- [ RunTime:0.002476s ]
INFO: [ app_end ] --START--
INFO: Run Behavior\ShowPageTraceBehavior [ RunTime:0.005172s ]
INFO: [ app_end ] --END-- [ RunTime:0.005270s ]

[ 2020-01-19T20:57:56+08:00 ] ::1 /bysystem/Public/index/js/layer.js
INFO: [ app_init ] --START--
INFO: Run Behavior\BuildLiteBehavior [ RunTime:0.000023s ]
INFO: [ app_init ] --END-- [ RunTime:0.001734s ]
INFO: [ app_begin ] --START--
INFO: Run Behavior\ReadHtmlCacheBehavior [ RunTime:0.001542s ]
INFO: [ app_begin ] --END-- [ RunTime:0.001619s ]
ERR: 无法加载控制器:Public

[ 2020-01-19T20:57:56+08:00 ] ::1 /bysystem/index.php/Oa/checkNotify.html
INFO: [ app_init ] --START--
INFO: Run Behavior\BuildLiteBehavior [ RunTime:0.000028s ]
INFO: [ app_init ] --END-- [ RunTime:0.001824s ]
INFO: [ app_begin ] --START--
INFO: Run Behavior\ReadHtmlCacheBehavior [ RunTime:0.002000s ]
INFO: [ app_begin ] --END-- [ RunTime:0.002093s ]
SQL: SHOW COLUMNS FROM `yzx_oasystem` [ RunTime:0.0219s ]
SQL: SELECT * FROM `yzx_oasystem` WHERE `oasystem_noticestate` = 0 ORDER BY id desc  [ RunTime:0.0008s ]
SQL: SHOW COLUMNS FROM `yzx_notice` [ RunTime:0.0156s ]
SQL: SELECT * FROM `yzx_notice` WHERE `oasystem_id` = 53 AND `master_checkuser` = 7  [ RunTime:0.0006s ]
SQL: SELECT * FROM `yzx_notice` WHERE `oasystem_id` = 52 AND `master_checkuser` = 7  [ RunTime:0.0004s ]
SQL: SELECT * FROM `yzx_notice` WHERE `oasystem_id` = 49 AND `master_checkuser` = 7  [ RunTime:0.0005s ]
SQL: SELECT * FROM `yzx_notice` WHERE `oasystem_id` = 11 AND `master_checkuser` = 7  [ RunTime:0.0006s ]
SQL: SELECT * FROM `yzx_notice` WHERE `oasystem_id` = 5 AND `master_checkuser` = 7  [ RunTime:0.0005s ]
SQL: SELECT * FROM `yzx_notice` WHERE `oasystem_id` = 3 AND `master_checkuser` = 7  [ RunTime:0.0005s ]
SQL: SELECT * FROM `yzx_notice` WHERE `oasystem_id` = 2 AND `master_checkuser` = 7  [ RunTime:0.0006s ]
NOTIC: [8] Undefined variable: id D:\phpStudy\PHPTutorial\WWW\bysystem\Application\Admin\Controller\OaController.class.php 第 895 行.
NOTIC: [2] implode(): Invalid arguments passed D:\phpStudy\PHPTutorial\WWW\bysystem\Application\Admin\Controller\OaController.class.php 第 895 行.
NOTIC: [8] Undefined variable: id D:\phpStudy\PHPTutorial\WWW\bysystem\Application\Admin\Controller\OaController.class.php 第 897 行.

